2024-09-03 04:08:36,669 [INFO] Activator:176 - 


2024-09-03 04:08:36,679 [INFO] Activator:177 - !SESSION log4j initialized
2024-09-03 04:08:41,139 [INFO] LogOutputStream:77 - [STDOUT_REDIRECT] 
2024-09-03 04:08:47,453 [INFO] ApplicationProperties:184 - Using Application install path: C:\ST\STM32CubeIDE_1.15.1\STM32CubeIDE\plugins\com.st.stm32cube.common.mx_6.11.1.202404110753
2024-09-03 04:08:47,467 [INFO] DbMcusXml:78 - Set database path to: C:\ST\STM32CubeIDE_1.15.1\STM32CubeIDE\plugins\com.st.stm32cube.common.mx_6.11.1.202404110753\\db\/mcu/
2024-09-03 04:08:47,467 [INFO] ApiDb:274 - Set plugin database path to: C:\ST\STM32CubeIDE_1.15.1\STM32CubeIDE\plugins\com.st.stm32cube.common.mx_6.11.1.202404110753\\db\/plugins/boardmanager/
2024-09-03 04:08:47,468 [WARN] ApiDb:259 - Overriding images path with different value:  => C:\ST\STM32CubeIDE_1.15.1\STM32CubeIDE\plugins\com.st.stm32cube.common.mx_6.11.1.202404110753\\db\/plugins/mcufinder/images/
2024-09-03 04:08:47,478 [INFO] ApiDb:250 - Set database path to: C:\Users\lmthu\.stmcufinder\plugins\mcufinder//mcu/
2024-09-03 04:08:47,479 [INFO] DbMcusAds:125 - Set database path to: C:\Users\lmthu\.stmcufinder\plugins\mcufinder//mcu/
2024-09-03 04:08:47,480 [INFO] CrossReferenceDbSqlite:203 - Set database path to: C:\Users\lmthu\.stmcufinder\plugins\mcufinder//mcu/cs/
2024-09-03 04:08:47,588 [INFO] RulesReader:64 - Compatibility file has been processed (297 Rules)
2024-09-03 04:08:47,641 [INFO] DbMcusXml:78 - Set database path to: C:\ST\STM32CubeIDE_1.15.1\STM32CubeIDE\plugins\com.st.stm32cube.common.mx_6.11.1.202404110753\\db\/mcu/
2024-09-03 04:08:47,641 [INFO] ApiDb:274 - Set plugin database path to: C:\ST\STM32CubeIDE_1.15.1\STM32CubeIDE\plugins\com.st.stm32cube.common.mx_6.11.1.202404110753\\db\/plugins/boardmanager/
2024-09-03 04:08:47,642 [INFO] ApiDb:261 - Set plugin images path to: C:\ST\STM32CubeIDE_1.15.1\STM32CubeIDE\plugins\com.st.stm32cube.common.mx_6.11.1.202404110753\\db\/plugins/mcufinder/images/
2024-09-03 04:08:47,642 [WARN] DbFile:41 - Overriding database path with different value: C:\Users\lmthu\.stmcufinder\plugins\mcufinder/ => C:\Users\lmthu\.stmcufinder\plugins\mcufinder
2024-09-03 04:08:47,642 [INFO] ApiDb:250 - Set database path to: C:\Users\lmthu\.stmcufinder\plugins\mcufinder//mcu/
2024-09-03 04:08:47,642 [WARN] DbFile:41 - Overriding database path with different value: C:\Users\lmthu\.stmcufinder\plugins\mcufinder/ => C:\Users\lmthu\.stmcufinder\plugins\mcufinder
2024-09-03 04:08:47,642 [INFO] DbMcusAds:125 - Set database path to: C:\Users\lmthu\.stmcufinder\plugins\mcufinder//mcu/
2024-09-03 04:08:47,642 [WARN] DbFile:41 - Overriding database path with different value: C:\Users\lmthu\.stmcufinder\plugins\mcufinder/ => C:\Users\lmthu\.stmcufinder\plugins\mcufinder
2024-09-03 04:08:47,642 [WARN] DbFile:41 - Overriding database path with different value: C:\Users\lmthu\.stmcufinder\plugins\mcufinder/ => C:\Users\lmthu\.stmcufinder\plugins\mcufinder
2024-09-03 04:08:47,642 [INFO] CrossReferenceDbSqlite:203 - Set database path to: C:\Users\lmthu\.stmcufinder\plugins\mcufinder//mcu/cs/
2024-09-03 04:08:47,700 [INFO] MainPanel:264 - HeapMemory: 268435456
2024-09-03 04:08:47,763 [INFO] DbMcusXml:78 - Set database path to: C:\ST\STM32CubeIDE_1.15.1\STM32CubeIDE\plugins\com.st.stm32cube.common.mx_6.11.1.202404110753\\db\/mcu/
2024-09-03 04:08:47,764 [INFO] ApiDb:274 - Set plugin database path to: C:\ST\STM32CubeIDE_1.15.1\STM32CubeIDE\plugins\com.st.stm32cube.common.mx_6.11.1.202404110753\\db\/plugins/boardmanager/
2024-09-03 04:08:47,764 [INFO] ApiDb:261 - Set plugin images path to: C:\ST\STM32CubeIDE_1.15.1\STM32CubeIDE\plugins\com.st.stm32cube.common.mx_6.11.1.202404110753\\db\/plugins/mcufinder/images/
2024-09-03 04:08:47,766 [WARN] DbFile:41 - Overriding database path with different value: C:\Users\lmthu\.stmcufinder\plugins\mcufinder/ => C:\Users\lmthu\.stmcufinder\plugins\mcufinder
2024-09-03 04:08:47,766 [INFO] ApiDb:250 - Set database path to: C:\Users\lmthu\.stmcufinder\plugins\mcufinder//mcu/
2024-09-03 04:08:47,766 [WARN] DbFile:41 - Overriding database path with different value: C:\Users\lmthu\.stmcufinder\plugins\mcufinder/ => C:\Users\lmthu\.stmcufinder\plugins\mcufinder
2024-09-03 04:08:47,766 [INFO] DbMcusAds:125 - Set database path to: C:\Users\lmthu\.stmcufinder\plugins\mcufinder//mcu/
2024-09-03 04:08:47,766 [WARN] DbFile:41 - Overriding database path with different value: C:\Users\lmthu\.stmcufinder\plugins\mcufinder/ => C:\Users\lmthu\.stmcufinder\plugins\mcufinder
2024-09-03 04:08:47,766 [WARN] DbFile:41 - Overriding database path with different value: C:\Users\lmthu\.stmcufinder\plugins\mcufinder/ => C:\Users\lmthu\.stmcufinder\plugins\mcufinder
2024-09-03 04:08:47,766 [INFO] CrossReferenceDbSqlite:203 - Set database path to: C:\Users\lmthu\.stmcufinder\plugins\mcufinder//mcu/cs/
2024-09-03 04:08:47,783 [INFO] ApplicationProperties:184 - Using Application install path: C:\ST\STM32CubeIDE_1.15.1\STM32CubeIDE\plugins\com.st.stm32cube.common.mx_6.11.1.202404110753
2024-09-03 04:08:47,784 [INFO] PluginManage:196 - Search for loadable plugins [exclusion list=, ]
2024-09-03 04:08:47,786 [INFO] PluginManage:310 - Check plugin analytics
2024-09-03 04:08:52,853 [INFO] AnalyticsPlugin:253 - Accepted Software Licenses: STM32CubeMX.6.11.1
2024-09-03 04:08:52,854 [INFO] AnalyticsPlugin:255 - Accepted CMSIS Pack Licenses: 
2024-09-03 04:08:52,854 [INFO] AnalyticsPlugin:257 - Accepted Firmware Licenses: FW.F4.1.28.0
2024-09-03 04:08:52,856 [INFO] PluginManage:359 - Loaded plugin analytics (category:tool,tabindex:-1)
2024-09-03 04:08:52,856 [INFO] PluginManage:310 - Check plugin cadmodel
2024-09-03 04:08:52,869 [INFO] CADModel:105 - Init CAD model plugin
2024-09-03 04:08:52,869 [INFO] PluginManage:359 - Loaded plugin cadmodel (category:power,tabindex:5)
2024-09-03 04:08:52,869 [INFO] PluginManage:310 - Check plugin clock
2024-09-03 04:08:52,884 [INFO] PluginManage:359 - Loaded plugin clock (category:base,tabindex:2)
2024-09-03 04:08:52,884 [INFO] PluginManage:310 - Check plugin ddr
2024-09-03 04:08:52,884 [INFO] PluginManage:359 - Loaded plugin ddr (category:tool,tabindex:6)
2024-09-03 04:08:52,884 [INFO] PluginManage:310 - Check plugin filemanager
2024-09-03 04:08:52,989 [INFO] PluginManage:359 - Loaded plugin filemanager (category:base,tabindex:10)
2024-09-03 04:08:52,990 [INFO] PluginManage:310 - Check plugin ipmanager
2024-09-03 04:08:52,995 [INFO] PluginManage:359 - Loaded plugin ipmanager (category:base,tabindex:5)
2024-09-03 04:08:52,995 [INFO] PluginManage:310 - Check plugin lpbam
2024-09-03 04:08:53,010 [INFO] PluginManage:359 - Loaded plugin lpbam (category:base,tabindex:0)
2024-09-03 04:08:53,010 [INFO] PluginManage:310 - Check plugin memorymap
2024-09-03 04:08:53,032 [INFO] PluginManage:359 - Loaded plugin memorymap (category:base,tabindex:4)
2024-09-03 04:08:53,032 [INFO] PluginManage:310 - Check plugin pinoutandconfiguration
2024-09-03 04:08:53,046 [INFO] PluginManage:359 - Loaded plugin pinoutandconfiguration (category:base,tabindex:1)
2024-09-03 04:08:53,046 [INFO] PluginManage:310 - Check plugin pinoutconfig
2024-09-03 04:08:53,133 [WARN] SupportedApi:132 - Cannot load RTOS API schema: s4s-elt-must-match.1: The content of 'definitions' must match (annotation?, (simpleType | complexType)?, (unique | key | keyref)*)). A problem was found starting at: attribute.
2024-09-03 04:08:53,243 [INFO] PluginManage:359 - Loaded plugin pinoutconfig (category:base,tabindex:0)
2024-09-03 04:08:53,243 [INFO] PluginManage:310 - Check plugin power
2024-09-03 04:08:53,256 [INFO] PluginManage:359 - Loaded plugin power (category:power,tabindex:4)
2024-09-03 04:08:53,256 [INFO] PluginManage:310 - Check plugin projectmanager
2024-09-03 04:08:53,267 [INFO] PluginManage:359 - Loaded plugin projectmanager (category:projectmanager,tabindex:3)
2024-09-03 04:08:53,267 [INFO] PluginManage:310 - Check plugin thirdparty
2024-09-03 04:08:53,485 [INFO] PluginManage:359 - Loaded plugin thirdparty (category:base,tabindex:-1)
2024-09-03 04:08:53,485 [INFO] PluginManage:310 - Check plugin tools
2024-09-03 04:08:53,485 [WARN] IntegrityCheckThread:84 - waiting for thirdparty lock release [integrity check]
2024-09-03 04:08:53,485 [INFO] IntegrityCheckThread:86 - entering critical section [integrity check]
2024-09-03 04:08:53,487 [INFO] ThirdPartyUpdaterWithRetryManager:70 - Updater plugin not ready yet. [1/15]
2024-09-03 04:08:53,509 [INFO] PluginManage:359 - Loaded plugin tools (category:base,tabindex:7)
2024-09-03 04:08:53,509 [INFO] PluginManage:310 - Check plugin tutovideos
2024-09-03 04:08:53,661 [INFO] PluginManage:359 - Loaded plugin tutovideos (category:base,tabindex:-1)
2024-09-03 04:08:53,662 [INFO] PluginManage:310 - Check plugin updater
2024-09-03 04:08:53,673 [INFO] PluginManage:359 - Loaded plugin updater (category:base,tabindex:12)
2024-09-03 04:08:53,673 [INFO] PluginManage:310 - Check plugin userauth
2024-09-03 04:08:53,678 [INFO] UserAuth:114 - Init User Auth plugin
2024-09-03 04:08:53,678 [INFO] PluginManage:359 - Loaded plugin userauth (category:base,tabindex:14)
2024-09-03 04:08:53,678 [INFO] PluginManage:283 - PluginManage : Loaded plugins [17]
2024-09-03 04:08:53,835 [INFO] PinOutPanel:1561 - setPackage(No Configuration,No Configuration)
2024-09-03 04:08:53,903 [INFO] CADModel:165 - CPN selected for project level
2024-09-03 04:08:53,903 [INFO] CADModel:114 - Register for checkConnection events
2024-09-03 04:08:53,924 [INFO] IPUIPlugin:80 - create IPUIPlugin
2024-09-03 04:08:53,924 [INFO] PluginManager:220 - loadIPPluginJar : add adc
2024-09-03 04:08:53,952 [INFO] IPUIPlugin:80 - create IPUIPlugin
2024-09-03 04:08:53,952 [INFO] PluginManager:220 - loadIPPluginJar : add aes
2024-09-03 04:08:53,978 [INFO] IPUIPlugin:80 - create IPUIPlugin
2024-09-03 04:08:53,978 [INFO] PluginManager:220 - loadIPPluginJar : add can
2024-09-03 04:08:53,994 [INFO] IPUIPlugin:80 - create IPUIPlugin
2024-09-03 04:08:53,994 [INFO] PluginManager:220 - loadIPPluginJar : add comp
2024-09-03 04:08:54,020 [INFO] IPUIPlugin:80 - create IPUIPlugin
2024-09-03 04:08:54,020 [INFO] PluginManager:220 - loadIPPluginJar : add cryp
2024-09-03 04:08:54,040 [INFO] IPUIPlugin:80 - create IPUIPlugin
2024-09-03 04:08:54,040 [INFO] PluginManager:220 - loadIPPluginJar : add dfsdm
2024-09-03 04:08:54,049 [INFO] IPUIPlugin:80 - create IPUIPlugin
2024-09-03 04:08:54,050 [INFO] PluginManager:220 - loadIPPluginJar : add dma
2024-09-03 04:08:54,081 [INFO] IPUIPlugin:80 - create IPUIPlugin
2024-09-03 04:08:54,081 [INFO] PluginManager:220 - loadIPPluginJar : add dma3
2024-09-03 04:08:54,110 [INFO] IPUIPlugin:80 - create IPUIPlugin
2024-09-03 04:08:54,110 [INFO] PluginManager:220 - loadIPPluginJar : add extmemmanager
2024-09-03 04:08:54,125 [INFO] IPUIPlugin:80 - create IPUIPlugin
2024-09-03 04:08:54,125 [INFO] PluginManager:220 - loadIPPluginJar : add fatfs
2024-09-03 04:08:54,157 [INFO] IPUIPlugin:80 - create IPUIPlugin
2024-09-03 04:08:54,157 [INFO] PluginManager:220 - loadIPPluginJar : add fmc
2024-09-03 04:08:54,167 [INFO] IPUIPlugin:80 - create IPUIPlugin
2024-09-03 04:08:54,168 [INFO] PluginManager:220 - loadIPPluginJar : add freertos
2024-09-03 04:08:54,184 [INFO] IPUIPlugin:80 - create IPUIPlugin
2024-09-03 04:08:54,184 [INFO] PluginManager:220 - loadIPPluginJar : add genericplugin
2024-09-03 04:08:54,248 [INFO] IPUIPlugin:80 - create IPUIPlugin
2024-09-03 04:08:54,248 [INFO] PluginManager:220 - loadIPPluginJar : add gfxmmu
2024-09-03 04:08:54,339 [INFO] IPUIPlugin:80 - create IPUIPlugin
2024-09-03 04:08:54,339 [INFO] PluginManager:220 - loadIPPluginJar : add gic
2024-09-03 04:08:54,350 [INFO] IPUIPlugin:80 - create IPUIPlugin
2024-09-03 04:08:54,350 [INFO] PluginManager:220 - loadIPPluginJar : add gpio
2024-09-03 04:08:54,417 [INFO] IPUIPlugin:80 - create IPUIPlugin
2024-09-03 04:08:54,417 [INFO] PluginManager:220 - loadIPPluginJar : add gtzc
2024-09-03 04:08:54,440 [INFO] IPUIPlugin:80 - create IPUIPlugin
2024-09-03 04:08:54,440 [INFO] PluginManager:220 - loadIPPluginJar : add hash
2024-09-03 04:08:54,474 [INFO] IPUIPlugin:80 - create IPUIPlugin
2024-09-03 04:08:54,474 [INFO] PluginManager:220 - loadIPPluginJar : add i2c
2024-09-03 04:08:54,499 [INFO] IPUIPlugin:80 - create IPUIPlugin
2024-09-03 04:08:54,499 [INFO] PluginManager:220 - loadIPPluginJar : add i2s
2024-09-03 04:08:54,525 [INFO] IPUIPlugin:80 - create IPUIPlugin
2024-09-03 04:08:54,525 [INFO] PluginManager:220 - loadIPPluginJar : add i3c
2024-09-03 04:08:54,596 [INFO] IPUIPlugin:80 - create IPUIPlugin
2024-09-03 04:08:54,596 [INFO] PluginManager:220 - loadIPPluginJar : add ipddr
2024-09-03 04:08:54,662 [INFO] IPUIPlugin:80 - create IPUIPlugin
2024-09-03 04:08:54,662 [INFO] PluginManager:220 - loadIPPluginJar : add linkedlist
2024-09-03 04:08:54,687 [INFO] IPUIPlugin:80 - create IPUIPlugin
2024-09-03 04:08:54,687 [INFO] PluginManager:220 - loadIPPluginJar : add lorawan
2024-09-03 04:08:54,715 [INFO] IPUIPlugin:80 - create IPUIPlugin
2024-09-03 04:08:54,715 [INFO] PluginManager:220 - loadIPPluginJar : add ltdc
2024-09-03 04:08:54,732 [INFO] IPUIPlugin:80 - create IPUIPlugin
2024-09-03 04:08:54,732 [INFO] PluginManager:220 - loadIPPluginJar : add mdma
2024-09-03 04:08:54,742 [INFO] IPUIPlugin:80 - create IPUIPlugin
2024-09-03 04:08:54,743 [INFO] PluginManager:220 - loadIPPluginJar : add nvic
2024-09-03 04:08:54,768 [INFO] IPUIPlugin:80 - create IPUIPlugin
2024-09-03 04:08:54,768 [INFO] PluginManager:220 - loadIPPluginJar : add opamp
2024-09-03 04:08:54,809 [INFO] IPUIPlugin:80 - create IPUIPlugin
2024-09-03 04:08:54,809 [INFO] PluginManager:220 - loadIPPluginJar : add openamp
2024-09-03 04:08:54,843 [INFO] IPUIPlugin:80 - create IPUIPlugin
2024-09-03 04:08:54,843 [INFO] PluginManager:220 - loadIPPluginJar : add pdm2pcm
2024-09-03 04:08:54,853 [INFO] IPUIPlugin:80 - create IPUIPlugin
2024-09-03 04:08:54,855 [INFO] PluginManager:220 - loadIPPluginJar : add plateformsettings
2024-09-03 04:08:54,871 [INFO] IPUIPlugin:80 - create IPUIPlugin
2024-09-03 04:08:54,871 [INFO] PluginManager:220 - loadIPPluginJar : add quadspi
2024-09-03 04:08:54,879 [INFO] IPUIPlugin:80 - create IPUIPlugin
2024-09-03 04:08:54,879 [INFO] PluginManager:220 - loadIPPluginJar : add resmgrutility
2024-09-03 04:08:54,911 [INFO] IPUIPlugin:80 - create IPUIPlugin
2024-09-03 04:08:54,911 [INFO] PluginManager:220 - loadIPPluginJar : add sai
2024-09-03 04:08:54,939 [INFO] IPUIPlugin:80 - create IPUIPlugin
2024-09-03 04:08:54,940 [INFO] PluginManager:220 - loadIPPluginJar : add spi
2024-09-03 04:08:54,983 [INFO] IPUIPlugin:80 - create IPUIPlugin
2024-09-03 04:08:54,983 [INFO] PluginManager:220 - loadIPPluginJar : add stm32_wpan
2024-09-03 04:08:54,999 [INFO] IPUIPlugin:80 - create IPUIPlugin
2024-09-03 04:08:54,999 [INFO] PluginManager:220 - loadIPPluginJar : add tim
2024-09-03 04:08:55,040 [INFO] IPUIPlugin:80 - create IPUIPlugin
2024-09-03 04:08:55,040 [INFO] PluginManager:220 - loadIPPluginJar : add touchsensing
2024-09-03 04:08:55,057 [INFO] IPUIPlugin:80 - create IPUIPlugin
2024-09-03 04:08:55,057 [INFO] PluginManager:220 - loadIPPluginJar : add tracer_emb
2024-09-03 04:08:55,073 [INFO] IPUIPlugin:80 - create IPUIPlugin
2024-09-03 04:08:55,073 [INFO] PluginManager:220 - loadIPPluginJar : add ts
2024-09-03 04:08:55,090 [INFO] IPUIPlugin:80 - create IPUIPlugin
2024-09-03 04:08:55,091 [INFO] PluginManager:220 - loadIPPluginJar : add tsc
2024-09-03 04:08:55,107 [INFO] IPUIPlugin:80 - create IPUIPlugin
2024-09-03 04:08:55,107 [INFO] PluginManager:220 - loadIPPluginJar : add ucpd
2024-09-03 04:08:55,140 [INFO] IPUIPlugin:80 - create IPUIPlugin
2024-09-03 04:08:55,140 [INFO] PluginManager:220 - loadIPPluginJar : add usart
2024-09-03 04:08:55,169 [INFO] IPUIPlugin:80 - create IPUIPlugin
2024-09-03 04:08:55,170 [INFO] PluginManager:220 - loadIPPluginJar : add usbx
2024-09-03 04:08:55,286 [INFO] CADModel:165 - CPN selected for project level
2024-09-03 04:08:55,286 [INFO] CADModel:114 - Register for checkConnection events
2024-09-03 04:08:55,286 [FATAL] Updater:308 - Updater called before beeing initialized
2024-09-03 04:08:55,286 [ERROR] CADModel:125 - Updater not yet initialized, retry later 
2024-09-03 04:08:55,397 [INFO] CADModel:165 - CPN selected for project level
2024-09-03 04:08:55,397 [INFO] CADModel:114 - Register for checkConnection events
2024-09-03 04:08:55,397 [FATAL] Updater:308 - Updater called before beeing initialized
2024-09-03 04:08:55,397 [ERROR] CADModel:125 - Updater not yet initialized, retry later 
2024-09-03 04:08:55,400 [FATAL] Updater:308 - Updater called before beeing initialized
2024-09-03 04:08:55,483 [FATAL] Updater:308 - Updater called before beeing initialized
2024-09-03 04:08:55,491 [INFO] DbMcusAds:53 - JSON generation date=Thu May 16 16:22:00 ICT 2024 (1715851320667)
2024-09-03 04:08:55,491 [FATAL] Updater:308 - Updater called before beeing initialized
2024-09-03 04:08:55,547 [WARN] DetailPanel:346 - Failed to get advertising image, set to default
2024-09-03 04:08:55,600 [FATAL] Updater:308 - Updater called before beeing initialized
2024-09-03 04:08:55,602 [FATAL] Updater:308 - Updater called before beeing initialized
2024-09-03 04:08:55,602 [FATAL] Updater:308 - Updater called before beeing initialized
2024-09-03 04:08:55,602 [WARN] DetailPanel:346 - Failed to get advertising image, set to default
2024-09-03 04:08:55,603 [FATAL] Updater:308 - Updater called before beeing initialized
2024-09-03 04:08:55,650 [ERROR] Updater:1120 - MainUpdater not yet initialized. External WinMGr cannot be set.
2024-09-03 04:08:55,659 [INFO] Updater:1056 - Updater Version found : 6.11.1
2024-09-03 04:08:55,675 [INFO] ApplicationProperties:184 - Using Application install path: C:\ST\STM32CubeIDE_1.15.1\STM32CubeIDE\plugins\com.st.stm32cube.common.mx_6.11.1.202404110753
2024-09-03 04:08:56,489 [INFO] ThirdPartyUpdaterWithRetryManager:70 - Updater plugin not ready yet. [2/15]
2024-09-03 04:08:57,260 [ERROR] LogOutputStream:75 - [STDERR_REDIRECT] Sep 03, 2024 4:08:57 AM java.util.prefs.WindowsPreferences <init>
2024-09-03 04:08:57,261 [ERROR] LogOutputStream:75 - [STDERR_REDIRECT] WARNING: Could not open/create prefs root node Software\JavaSoft\Prefs at root 0xffffffff80000002. Windows RegCreateKeyEx(...) returned error code 5.
2024-09-03 04:08:57,261 [ERROR] LogOutputStream:75 - [STDERR_REDIRECT] 
2024-09-03 04:08:58,360 [INFO] MainUpdater:2873 - connection check result : 10
2024-09-03 04:08:58,360 [INFO] MainUpdater:3567 - Updater definition file requires update
2024-09-03 04:08:58,361 [INFO] MainUpdater:290 - Updater Check For Update Now.
2024-09-03 04:08:58,361 [INFO] MicroXplorer:498 - Change Database Version : DB.6.0.111
2024-09-03 04:08:58,375 [INFO] McuFinderGlobals:63 - Set McuFinder mode to 2 (CubeIDE integrated)
2024-09-03 04:08:58,384 [INFO] UserAuth:415 - Internet connection configuration mode: 1
2024-09-03 04:08:58,404 [INFO] JxBrowserEngine:152 - Initiate JxBrowser Engine with user profile folder
2024-09-03 04:08:59,424 [INFO] ServerAccessManage:473 - Download File updaters.zip
2024-09-03 04:08:59,477 [INFO] FileExtend:240 - Unzip File : updaters.zip
2024-09-03 04:08:59,477 [INFO] FileExtend:255 - Standard Zip Deflate
2024-09-03 04:08:59,493 [WARN] MainUpdater:1194 - Updater busy. Cannot search thirdparties
2024-09-03 04:08:59,494 [INFO] ThirdPartyUpdaterWithRetryManager:96 - Updater plugin is busy. [1/15]
2024-09-03 04:09:00,652 [INFO] ServerAccessManage:473 - Download File PacksControlFlags.xml
2024-09-03 04:09:01,129 [INFO] WebApp:161 - Instantiating new browser for Auth
2024-09-03 04:09:01,508 [INFO] ServerAccessManage:473 - Download File cubemx.pidx
2024-09-03 04:09:01,583 [INFO] WebApp:779 - Register for checkConnection events
2024-09-03 04:09:01,583 [INFO] WebApp:414 - Apply proxy settings
2024-09-03 04:09:01,583 [INFO] WebApp:499 - Chromium requires no authentication
2024-09-03 04:09:01,584 [INFO] LoadServerUpdatesThread:375 - End of LoadServerUpdate Thread
2024-09-03 04:09:01,605 [INFO] WebApp:442 - Direct internet connection detected
2024-09-03 04:09:01,729 [INFO] CheckServerUpdateThread:120 - End of CheckServer Thread
2024-09-03 04:09:01,773 [INFO] WebApp:192 - Starting web application
2024-09-03 04:09:01,773 [INFO] WebApp:544 - Web application path used C:\ST\STM32CubeIDE_1.15.1\STM32CubeIDE\plugins\com.st.stm32cube.common.mx_6.11.1.202404110753\db\plugins\mcufinder\reactClient1\index.html
2024-09-03 04:09:02,622 [WARN] PackLoader:240 - Cannot read IP mode file for STMicroelectronics.FP-SNS-MOTENVWB1.1.4.0
2024-09-03 04:09:02,635 [WARN] PackLoader:240 - Cannot read IP mode file for STMicroelectronics.X-CUBE-SMBUS.2.1.0
2024-09-03 04:09:02,645 [WARN] PackLoader:240 - Cannot read IP mode file for STMicroelectronics.X-CUBE-TOUCHGFX.4.23.2
2024-09-03 04:09:02,675 [WARN] PackLoader:240 - Cannot read IP mode file for STMicroelectronics.X-CUBE-AZRTOS-F7.1.1.0
2024-09-03 04:09:02,739 [WARN] PackLoader:240 - Cannot read IP mode file for STMicroelectronics.X-CUBE-MEMS1.11.0.0
2024-09-03 04:09:02,840 [WARN] PackLoader:240 - Cannot read IP mode file for STMicroelectronics.FP-SNS-FLIGHT1.5.0.2
2024-09-03 04:09:02,855 [WARN] PackLoader:240 - Cannot read IP mode file for STMicroelectronics.X-CUBE-DISPLAY.3.0.0
2024-09-03 04:09:02,869 [WARN] PackLoader:240 - Cannot read IP mode file for STMicroelectronics.X-CUBE-BLE1.7.0.0
2024-09-03 04:09:02,879 [WARN] PackLoader:240 - Cannot read IP mode file for emotas.I-CUBE-CANOPEN.1.3.0
2024-09-03 04:09:02,892 [WARN] PackLoader:240 - Cannot read IP mode file for STMicroelectronics.X-CUBE-BLEMGR.3.1.0
2024-09-03 04:09:02,903 [WARN] PackLoader:240 - Cannot read IP mode file for STMicroelectronics.FP-SNS-SMARTAG2.1.2.0
2024-09-03 04:09:02,917 [INFO] LogOutputStream:77 - [STDOUT_REDIRECT] 1 : Invalid condition id : UX_CORESTACK_Condition cause : null
2024-09-03 04:09:02,917 [INFO] LogOutputStream:77 - [STDOUT_REDIRECT] 1 : Invalid condition id : UX_CORESTACK_Condition cause : null
2024-09-03 04:09:02,918 [INFO] LogOutputStream:77 - [STDOUT_REDIRECT] 1 : Invalid condition id : UX_CORESTACK_Condition cause : null
2024-09-03 04:09:02,920 [INFO] LogOutputStream:77 - [STDOUT_REDIRECT] 1 : Invalid condition id : UX_CORESTACK_Condition cause : null
2024-09-03 04:09:02,921 [INFO] LogOutputStream:77 - [STDOUT_REDIRECT] 1 : Invalid condition id : UX_CORESTACK_Condition cause : null
2024-09-03 04:09:02,923 [WARN] PackLoader:240 - Cannot read IP mode file for STMicroelectronics.X-CUBE-AZRTOS-WL.2.0.0
2024-09-03 04:09:02,934 [WARN] PackLoader:240 - Cannot read IP mode file for STMicroelectronics.FP-SNS-MOTENV1.5.0.0
2024-09-03 04:09:02,948 [WARN] PackLoader:240 - Cannot read IP mode file for wolfSSL.I-CUBE-wolfMQTT.1.19.0
2024-09-03 04:09:02,963 [WARN] PackLoader:240 - Cannot read IP mode file for WES.I-CUBE-Cesium.1.3.0
2024-09-03 04:09:02,974 [WARN] PackLoader:240 - Cannot read IP mode file for STMicroelectronics.X-CUBE-BLE2.3.3.0
2024-09-03 04:09:02,986 [WARN] PackLoader:240 - Cannot read IP mode file for STMicroelectronics.X-CUBE-TCPP.4.1.0
2024-09-03 04:09:03,007 [WARN] PackLoader:240 - Cannot read IP mode file for STMicroelectronics.X-CUBE-AZRTOS-G0.1.1.0
2024-09-03 04:09:03,019 [WARN] PackLoader:240 - Cannot read IP mode file for STMicroelectronics.X-CUBE-SAFEA1.1.2.2
2024-09-03 04:09:03,032 [WARN] PackLoader:240 - Cannot read IP mode file for STMicroelectronics.X-CUBE-NFC4.3.0.0
2024-09-03 04:09:03,047 [WARN] PackLoader:240 - Cannot read IP mode file for EmbeddedOffice.I-CUBE-FS-RTOS.1.0.1
2024-09-03 04:09:03,047 [ERROR] ConditionMgr:805 - Attr not supported : Dmpu
2024-09-03 04:09:03,047 [ERROR] ConditionMgr:805 - Attr not supported : Dmpu
2024-09-03 04:09:03,048 [ERROR] ConditionMgr:805 - Attr not supported : Dmpu
2024-09-03 04:09:03,048 [ERROR] ConditionMgr:805 - Attr not supported : Dmpu
2024-09-03 04:09:03,048 [ERROR] ConditionMgr:805 - Attr not supported : Dmpu
2024-09-03 04:09:03,048 [ERROR] ConditionMgr:805 - Attr not supported : Dmpu
2024-09-03 04:09:03,048 [ERROR] ConditionMgr:805 - Attr not supported : Dmpu
2024-09-03 04:09:03,048 [ERROR] ConditionMgr:805 - Attr not supported : Dmpu
2024-09-03 04:09:03,048 [ERROR] ConditionMgr:805 - Attr not supported : Dmpu
2024-09-03 04:09:03,048 [ERROR] ConditionMgr:805 - Attr not supported : Dmpu
2024-09-03 04:09:03,048 [ERROR] ConditionMgr:805 - Attr not supported : Dmpu
2024-09-03 04:09:03,048 [ERROR] ConditionMgr:805 - Attr not supported : Dmpu
2024-09-03 04:09:03,049 [ERROR] ConditionMgr:805 - Attr not supported : Dmpu
2024-09-03 04:09:03,049 [ERROR] ConditionMgr:805 - Attr not supported : Dmpu
2024-09-03 04:09:03,049 [ERROR] ConditionMgr:805 - Attr not supported : Dmpu
2024-09-03 04:09:03,049 [ERROR] ConditionMgr:805 - Attr not supported : Dmpu
2024-09-03 04:09:03,049 [ERROR] ConditionMgr:805 - Attr not supported : Dmpu
2024-09-03 04:09:03,049 [ERROR] ConditionMgr:805 - Attr not supported : Dmpu
2024-09-03 04:09:03,049 [ERROR] ConditionMgr:805 - Attr not supported : Dmpu
2024-09-03 04:09:03,049 [ERROR] ConditionMgr:805 - Attr not supported : Dmpu
2024-09-03 04:09:03,050 [ERROR] ConditionMgr:805 - Attr not supported : Dmpu
2024-09-03 04:09:03,050 [ERROR] ConditionMgr:805 - Attr not supported : Dmpu
2024-09-03 04:09:03,050 [ERROR] ConditionMgr:805 - Attr not supported : Dmpu
2024-09-03 04:09:03,050 [ERROR] ConditionMgr:805 - Attr not supported : Dmpu
2024-09-03 04:09:03,050 [ERROR] ConditionMgr:805 - Attr not supported : Dmpu
2024-09-03 04:09:03,050 [ERROR] ConditionMgr:805 - Attr not supported : Dmpu
2024-09-03 04:09:03,050 [ERROR] ConditionMgr:805 - Attr not supported : Dmpu
2024-09-03 04:09:03,050 [ERROR] ConditionMgr:805 - Attr not supported : Dmpu
2024-09-03 04:09:03,050 [ERROR] ConditionMgr:805 - Attr not supported : Dmpu
2024-09-03 04:09:03,050 [ERROR] ConditionMgr:805 - Attr not supported : Dmpu
2024-09-03 04:09:03,050 [ERROR] ConditionMgr:805 - Attr not supported : Dmpu
2024-09-03 04:09:03,050 [ERROR] ConditionMgr:805 - Attr not supported : Dmpu
2024-09-03 04:09:03,050 [ERROR] ConditionMgr:805 - Attr not supported : Dmpu
2024-09-03 04:09:03,050 [ERROR] ConditionMgr:805 - Attr not supported : Dmpu
2024-09-03 04:09:03,050 [ERROR] ConditionMgr:805 - Attr not supported : Dmpu
2024-09-03 04:09:03,050 [ERROR] ConditionMgr:805 - Attr not supported : Dmpu
2024-09-03 04:09:03,050 [ERROR] ConditionMgr:805 - Attr not supported : Dmpu
2024-09-03 04:09:03,050 [ERROR] ConditionMgr:805 - Attr not supported : Dmpu
2024-09-03 04:09:03,050 [ERROR] ConditionMgr:805 - Attr not supported : Dmpu
2024-09-03 04:09:03,050 [ERROR] ConditionMgr:805 - Attr not supported : Dmpu
2024-09-03 04:09:03,050 [ERROR] ConditionMgr:805 - Attr not supported : Dmpu
2024-09-03 04:09:03,050 [ERROR] ConditionMgr:805 - Attr not supported : Dmpu
2024-09-03 04:09:03,050 [ERROR] ConditionMgr:805 - Attr not supported : Dmpu
2024-09-03 04:09:03,050 [ERROR] ConditionMgr:805 - Attr not supported : Dmpu
2024-09-03 04:09:03,051 [ERROR] ConditionMgr:805 - Attr not supported : Dmpu
2024-09-03 04:09:03,051 [ERROR] ConditionMgr:805 - Attr not supported : Dmpu
2024-09-03 04:09:03,051 [ERROR] ConditionMgr:805 - Attr not supported : Dmpu
2024-09-03 04:09:03,051 [ERROR] ConditionMgr:805 - Attr not supported : Dmpu
2024-09-03 04:09:03,051 [ERROR] ConditionMgr:805 - Attr not supported : Dmpu
2024-09-03 04:09:03,051 [ERROR] ConditionMgr:805 - Attr not supported : Dmpu
2024-09-03 04:09:03,051 [ERROR] ConditionMgr:805 - Attr not supported : Dmpu
2024-09-03 04:09:03,051 [ERROR] ConditionMgr:805 - Attr not supported : Dmpu
2024-09-03 04:09:03,051 [ERROR] ConditionMgr:805 - Attr not supported : Dmpu
2024-09-03 04:09:03,051 [ERROR] ConditionMgr:805 - Attr not supported : Dmpu
2024-09-03 04:09:03,051 [ERROR] ConditionMgr:805 - Attr not supported : Dmpu
2024-09-03 04:09:03,051 [ERROR] ConditionMgr:805 - Attr not supported : Dmpu
2024-09-03 04:09:03,051 [ERROR] ConditionMgr:805 - Attr not supported : Dmpu
2024-09-03 04:09:03,051 [ERROR] ConditionMgr:805 - Attr not supported : Dmpu
2024-09-03 04:09:03,051 [ERROR] ConditionMgr:805 - Attr not supported : Dmpu
2024-09-03 04:09:03,051 [ERROR] ConditionMgr:805 - Attr not supported : Dmpu
2024-09-03 04:09:03,051 [ERROR] ConditionMgr:805 - Attr not supported : Dmpu
2024-09-03 04:09:03,051 [ERROR] ConditionMgr:805 - Attr not supported : Dmpu
2024-09-03 04:09:03,051 [ERROR] ConditionMgr:805 - Attr not supported : Dmpu
2024-09-03 04:09:03,052 [ERROR] ConditionMgr:805 - Attr not supported : Dmpu
2024-09-03 04:09:03,064 [WARN] PackLoader:240 - Cannot read IP mode file for RealThread.X-CUBE-RT-Thread_Nano.4.1.1
2024-09-03 04:09:03,073 [WARN] PackLoader:240 - Cannot read IP mode file for wolfSSL.I-CUBE-wolfSSL.5.7.0
2024-09-03 04:09:03,083 [WARN] PackLoader:240 - Cannot read IP mode file for STMicroelectronics.FP-ATR-SIGFOX1.3.2.0
2024-09-03 04:09:03,096 [WARN] PackLoader:240 - Cannot read IP mode file for STMicroelectronics.X-CUBE-EEPRMA1.5.1.0
2024-09-03 04:09:03,110 [WARN] PackLoader:240 - Cannot read IP mode file for ITTIA_DB.I-CUBE-ITTIADB.8.9.0
2024-09-03 04:09:03,144 [WARN] PackLoader:240 - Cannot read IP mode file for SEGGER.I-CUBE-embOS.1.3.1
2024-09-03 04:09:03,185 [WARN] PackLoader:240 - Cannot read IP mode file for STMicroelectronics.X-CUBE-ALGOBUILD.1.4.0
2024-09-03 04:09:03,199 [WARN] PackLoader:240 - Cannot read IP mode file for STMicroelectronics.X-CUBE-GNSS1.6.0.0
2024-09-03 04:09:03,222 [WARN] PackLoader:240 - Cannot read IP mode file for STMicroelectronics.X-CUBE-AZRTOS-F4.1.1.0
2024-09-03 04:09:03,233 [WARN] PackLoader:240 - Cannot read IP mode file for STMicroelectronics.X-CUBE-FREERTOS.1.2.0
2024-09-03 04:09:03,252 [WARN] PackLoader:240 - Cannot read IP mode file for STMicroelectronics.X-CUBE-AZRTOS-L5.2.0.0
2024-09-03 04:09:03,264 [WARN] PackLoader:240 - Cannot read IP mode file for STMicroelectronics.X-CUBE-NFC6.3.1.0
2024-09-03 04:09:03,277 [WARN] PackLoader:240 - Cannot read IP mode file for STMicroelectronics.X-CUBE-DPower.1.2.0
2024-09-03 04:09:03,286 [WARN] PackLoader:240 - Cannot read IP mode file for STMicroelectronics.X-CUBE-AI.9.0.0
2024-09-03 04:09:03,299 [WARN] PackLoader:240 - Cannot read IP mode file for STMicroelectronics.X-CUBE-NFC7.1.0.1
2024-09-03 04:09:03,313 [WARN] PackLoader:240 - Cannot read IP mode file for wolfSSL.I-CUBE-wolfTPM.3.2.0
2024-09-03 04:09:03,337 [WARN] ConditionMgr:438 - getConditionDescription Invalid condition id : LAN8742 Phy interface Condition cause : null
2024-09-03 04:09:03,337 [WARN] PackLoader:240 - Cannot read IP mode file for STMicroelectronics.X-CUBE-AZRTOS-L4.2.0.0
2024-09-03 04:09:03,339 [WARN] ConditionMgr:1039 - genDependencies : Invalid condition id : LAN8742 Phy interface Condition cause : null
2024-09-03 04:09:03,339 [WARN] ConditionMgr:1039 - genDependencies : Invalid condition id : LAN8742 Phy interface Condition cause : null
2024-09-03 04:09:03,339 [WARN] ConditionMgr:1039 - genDependencies : Invalid condition id : LAN8742 Phy interface Condition cause : null
2024-09-03 04:09:03,351 [WARN] PackLoader:240 - Cannot read IP mode file for STMicroelectronics.X-CUBE-SFXS2LP1.4.0.0
2024-09-03 04:09:03,374 [WARN] PackLoader:240 - Cannot read IP mode file for STMicroelectronics.X-CUBE-AZRTOS-H7.3.3.0
2024-09-03 04:09:03,392 [WARN] ConditionMgr:438 - getConditionDescription Invalid condition id : UX DEVICE CLASS RTOS Condition cause : null
2024-09-03 04:09:03,392 [WARN] ConditionMgr:438 - getConditionDescription Invalid condition id : UX DEVICE CLASS RTOS Condition cause : null
2024-09-03 04:09:03,394 [WARN] PackLoader:240 - Cannot read IP mode file for STMicroelectronics.X-CUBE-AZRTOS-WB.2.0.0
2024-09-03 04:09:03,394 [WARN] ConditionMgr:1039 - genDependencies : Invalid condition id : UX DEVICE CLASS RTOS Condition cause : null
2024-09-03 04:09:03,394 [WARN] ConditionMgr:1039 - genDependencies : Invalid condition id : UX DEVICE CLASS RTOS Condition cause : null
2024-09-03 04:09:03,395 [WARN] ConditionMgr:1039 - genDependencies : Invalid condition id : UX DEVICE CLASS RTOS Condition cause : null
2024-09-03 04:09:03,395 [WARN] ConditionMgr:1039 - genDependencies : Invalid condition id : UX DEVICE CLASS RTOS Condition cause : null
2024-09-03 04:09:03,395 [WARN] ConditionMgr:1039 - genDependencies : Invalid condition id : UX DEVICE CLASS RTOS Condition cause : null
2024-09-03 04:09:03,406 [WARN] PackLoader:240 - Cannot read IP mode file for STMicroelectronics.FP-SNS-STBOX1.2.0.0
2024-09-03 04:09:03,422 [WARN] PackLoader:240 - Cannot read IP mode file for STMicroelectronics.X-CUBE-SUBG2.5.0.0
2024-09-03 04:09:03,437 [WARN] PackLoader:240 - Cannot read IP mode file for Cesanta.I-CUBE-Mongoose.7.13.0
2024-09-03 04:09:03,465 [WARN] PackLoader:240 - Cannot read IP mode file for STMicroelectronics.X-CUBE-AZRTOS-G4.2.0.0
2024-09-03 04:09:03,477 [WARN] PackLoader:240 - Cannot read IP mode file for STMicroelectronics.X-CUBE-ISPU.2.0.0
2024-09-03 04:09:03,487 [WARN] PackLoader:240 - Cannot read IP mode file for STMicroelectronics.X-CUBE-ALS.1.0.2
2024-09-03 04:09:03,517 [WARN] PackLoader:240 - Cannot read IP mode file for STMicroelectronics.X-CUBE-MEMS1.10.0.0
2024-09-03 04:09:03,590 [WARN] PackLoader:240 - Cannot read IP mode file for STMicroelectronics.X-CUBE-TOUCHGFX.4.24.0
2024-09-03 04:09:03,602 [WARN] PackLoader:240 - Cannot read IP mode file for portGmbH.I-Cube-SoM-uGOAL.1.1.0
2024-09-03 04:09:03,614 [WARN] PackLoader:240 - Cannot read IP mode file for STMicroelectronics.X-CUBE-ALS.1.0.1
2024-09-03 04:09:03,634 [WARN] PackLoader:240 - Cannot read IP mode file for STMicroelectronics.X-CUBE-AZRTOS-H7RS.1.0.0
2024-09-03 04:09:03,644 [WARN] PackLoader:240 - Cannot read IP mode file for STMicroelectronics.FP-ATR-ASTRA1.2.0.0
2024-09-03 04:09:03,657 [WARN] PackLoader:240 - Cannot read IP mode file for STMicroelectronics.X-CUBE-TOF1.3.4.2
2024-09-03 04:09:03,676 [WARN] PackLoader:240 - Cannot read IP mode file for STMicroelectronics.X-CUBE-TOF1.3.4.1
2024-09-03 04:09:03,710 [WARN] PackLoader:240 - Cannot read IP mode file for STMicroelectronics.X-CUBE-AZRTOS-H7.3.2.0
2024-09-03 04:09:03,727 [WARN] PackLoader:240 - Cannot read IP mode file for Infineon.AIROC-Wi-Fi-Bluetooth-STM32.1.6.0
2024-09-03 04:09:03,739 [WARN] PackLoader:240 - Cannot read IP mode file for wolfSSL.I-CUBE-wolfSSH.1.4.17
2024-09-03 04:09:03,740 [INFO] ThirdParty:978 - Integrity check success = true
2024-09-03 04:09:03,740 [INFO] IntegrityCheckThread:100 - exiting critical section [integrity check]
2024-09-03 04:09:03,740 [INFO] IntegrityCheckThread:103 - End integrity checks thread
2024-09-03 23:22:32,533 [ERROR] LogOutputStream:75 - [STDERR_REDIRECT] 
2024-09-03 23:22:32,533 [ERROR] LogOutputStream:75 - [STDERR_REDIRECT] 
