2024-10-06 15:58:17,770 [INFO] Activator:176 - 


2024-10-06 15:58:17,774 [INFO] Activator:177 - !SESSION log4j initialized
2024-10-06 15:58:23,222 [INFO] LogOutputStream:77 - [STDOUT_REDIRECT] 
2024-10-06 15:58:29,588 [INFO] ApplicationProperties:184 - Using Application install path: C:\ST\STM32CubeIDE_1.15.1\STM32CubeIDE\plugins\com.st.stm32cube.common.mx_6.11.1.202404110753
2024-10-06 15:58:29,603 [INFO] DbMcusXml:78 - Set database path to: C:\ST\STM32CubeIDE_1.15.1\STM32CubeIDE\plugins\com.st.stm32cube.common.mx_6.11.1.202404110753\\db\/mcu/
2024-10-06 15:58:29,603 [INFO] ApiDb:274 - Set plugin database path to: C:\ST\STM32CubeIDE_1.15.1\STM32CubeIDE\plugins\com.st.stm32cube.common.mx_6.11.1.202404110753\\db\/plugins/boardmanager/
2024-10-06 15:58:29,605 [WARN] ApiDb:259 - Overriding images path with different value:  => C:\ST\STM32CubeIDE_1.15.1\STM32CubeIDE\plugins\com.st.stm32cube.common.mx_6.11.1.202404110753\\db\/plugins/mcufinder/images/
2024-10-06 15:58:29,620 [INFO] ApiDb:250 - Set database path to: C:\Users\lmthu\.stmcufinder\plugins\mcufinder//mcu/
2024-10-06 15:58:29,622 [INFO] DbMcusAds:125 - Set database path to: C:\Users\lmthu\.stmcufinder\plugins\mcufinder//mcu/
2024-10-06 15:58:29,623 [INFO] CrossReferenceDbSqlite:203 - Set database path to: C:\Users\lmthu\.stmcufinder\plugins\mcufinder//mcu/cs/
2024-10-06 15:58:29,731 [INFO] RulesReader:64 - Compatibility file has been processed (297 Rules)
2024-10-06 15:58:29,798 [INFO] DbMcusXml:78 - Set database path to: C:\ST\STM32CubeIDE_1.15.1\STM32CubeIDE\plugins\com.st.stm32cube.common.mx_6.11.1.202404110753\\db\/mcu/
2024-10-06 15:58:29,799 [INFO] ApiDb:274 - Set plugin database path to: C:\ST\STM32CubeIDE_1.15.1\STM32CubeIDE\plugins\com.st.stm32cube.common.mx_6.11.1.202404110753\\db\/plugins/boardmanager/
2024-10-06 15:58:29,799 [INFO] ApiDb:261 - Set plugin images path to: C:\ST\STM32CubeIDE_1.15.1\STM32CubeIDE\plugins\com.st.stm32cube.common.mx_6.11.1.202404110753\\db\/plugins/mcufinder/images/
2024-10-06 15:58:29,799 [WARN] DbFile:41 - Overriding database path with different value: C:\Users\lmthu\.stmcufinder\plugins\mcufinder/ => C:\Users\lmthu\.stmcufinder\plugins\mcufinder
2024-10-06 15:58:29,799 [INFO] ApiDb:250 - Set database path to: C:\Users\lmthu\.stmcufinder\plugins\mcufinder//mcu/
2024-10-06 15:58:29,799 [WARN] DbFile:41 - Overriding database path with different value: C:\Users\lmthu\.stmcufinder\plugins\mcufinder/ => C:\Users\lmthu\.stmcufinder\plugins\mcufinder
2024-10-06 15:58:29,799 [INFO] DbMcusAds:125 - Set database path to: C:\Users\lmthu\.stmcufinder\plugins\mcufinder//mcu/
2024-10-06 15:58:29,799 [WARN] DbFile:41 - Overriding database path with different value: C:\Users\lmthu\.stmcufinder\plugins\mcufinder/ => C:\Users\lmthu\.stmcufinder\plugins\mcufinder
2024-10-06 15:58:29,799 [WARN] DbFile:41 - Overriding database path with different value: C:\Users\lmthu\.stmcufinder\plugins\mcufinder/ => C:\Users\lmthu\.stmcufinder\plugins\mcufinder
2024-10-06 15:58:29,799 [INFO] CrossReferenceDbSqlite:203 - Set database path to: C:\Users\lmthu\.stmcufinder\plugins\mcufinder//mcu/cs/
2024-10-06 15:58:29,864 [INFO] MainPanel:264 - HeapMemory: 268435456
2024-10-06 15:58:29,937 [INFO] DbMcusXml:78 - Set database path to: C:\ST\STM32CubeIDE_1.15.1\STM32CubeIDE\plugins\com.st.stm32cube.common.mx_6.11.1.202404110753\\db\/mcu/
2024-10-06 15:58:29,937 [INFO] ApiDb:274 - Set plugin database path to: C:\ST\STM32CubeIDE_1.15.1\STM32CubeIDE\plugins\com.st.stm32cube.common.mx_6.11.1.202404110753\\db\/plugins/boardmanager/
2024-10-06 15:58:29,937 [INFO] ApiDb:261 - Set plugin images path to: C:\ST\STM32CubeIDE_1.15.1\STM32CubeIDE\plugins\com.st.stm32cube.common.mx_6.11.1.202404110753\\db\/plugins/mcufinder/images/
2024-10-06 15:58:29,937 [WARN] DbFile:41 - Overriding database path with different value: C:\Users\lmthu\.stmcufinder\plugins\mcufinder/ => C:\Users\lmthu\.stmcufinder\plugins\mcufinder
2024-10-06 15:58:29,937 [INFO] ApiDb:250 - Set database path to: C:\Users\lmthu\.stmcufinder\plugins\mcufinder//mcu/
2024-10-06 15:58:29,937 [WARN] DbFile:41 - Overriding database path with different value: C:\Users\lmthu\.stmcufinder\plugins\mcufinder/ => C:\Users\lmthu\.stmcufinder\plugins\mcufinder
2024-10-06 15:58:29,937 [INFO] DbMcusAds:125 - Set database path to: C:\Users\lmthu\.stmcufinder\plugins\mcufinder//mcu/
2024-10-06 15:58:29,937 [WARN] DbFile:41 - Overriding database path with different value: C:\Users\lmthu\.stmcufinder\plugins\mcufinder/ => C:\Users\lmthu\.stmcufinder\plugins\mcufinder
2024-10-06 15:58:29,938 [WARN] DbFile:41 - Overriding database path with different value: C:\Users\lmthu\.stmcufinder\plugins\mcufinder/ => C:\Users\lmthu\.stmcufinder\plugins\mcufinder
2024-10-06 15:58:29,938 [INFO] CrossReferenceDbSqlite:203 - Set database path to: C:\Users\lmthu\.stmcufinder\plugins\mcufinder//mcu/cs/
2024-10-06 15:58:29,952 [INFO] ApplicationProperties:184 - Using Application install path: C:\ST\STM32CubeIDE_1.15.1\STM32CubeIDE\plugins\com.st.stm32cube.common.mx_6.11.1.202404110753
2024-10-06 15:58:29,954 [INFO] PluginManage:196 - Search for loadable plugins [exclusion list=, ]
2024-10-06 15:58:29,955 [INFO] PluginManage:310 - Check plugin analytics
2024-10-06 15:58:35,046 [INFO] AnalyticsPlugin:253 - Accepted Software Licenses: STM32CubeMX.6.11.1
2024-10-06 15:58:35,047 [INFO] AnalyticsPlugin:255 - Accepted CMSIS Pack Licenses: 
2024-10-06 15:58:35,047 [INFO] AnalyticsPlugin:257 - Accepted Firmware Licenses: FW.F4.1.28.0
2024-10-06 15:58:35,049 [INFO] PluginManage:359 - Loaded plugin analytics (category:tool,tabindex:-1)
2024-10-06 15:58:35,050 [INFO] PluginManage:310 - Check plugin cadmodel
2024-10-06 15:58:35,068 [INFO] CADModel:105 - Init CAD model plugin
2024-10-06 15:58:35,068 [INFO] PluginManage:359 - Loaded plugin cadmodel (category:power,tabindex:5)
2024-10-06 15:58:35,068 [INFO] PluginManage:310 - Check plugin clock
2024-10-06 15:58:35,089 [INFO] PluginManage:359 - Loaded plugin clock (category:base,tabindex:2)
2024-10-06 15:58:35,089 [INFO] PluginManage:310 - Check plugin ddr
2024-10-06 15:58:35,092 [INFO] PluginManage:359 - Loaded plugin ddr (category:tool,tabindex:6)
2024-10-06 15:58:35,092 [INFO] PluginManage:310 - Check plugin filemanager
2024-10-06 15:58:35,200 [INFO] PluginManage:359 - Loaded plugin filemanager (category:base,tabindex:10)
2024-10-06 15:58:35,200 [INFO] PluginManage:310 - Check plugin ipmanager
2024-10-06 15:58:35,206 [INFO] PluginManage:359 - Loaded plugin ipmanager (category:base,tabindex:5)
2024-10-06 15:58:35,206 [INFO] PluginManage:310 - Check plugin lpbam
2024-10-06 15:58:35,225 [INFO] PluginManage:359 - Loaded plugin lpbam (category:base,tabindex:0)
2024-10-06 15:58:35,225 [INFO] PluginManage:310 - Check plugin memorymap
2024-10-06 15:58:35,249 [INFO] PluginManage:359 - Loaded plugin memorymap (category:base,tabindex:4)
2024-10-06 15:58:35,249 [INFO] PluginManage:310 - Check plugin pinoutandconfiguration
2024-10-06 15:58:35,268 [INFO] PluginManage:359 - Loaded plugin pinoutandconfiguration (category:base,tabindex:1)
2024-10-06 15:58:35,268 [INFO] PluginManage:310 - Check plugin pinoutconfig
2024-10-06 15:58:35,354 [WARN] SupportedApi:132 - Cannot load RTOS API schema: s4s-elt-must-match.1: The content of 'definitions' must match (annotation?, (simpleType | complexType)?, (unique | key | keyref)*)). A problem was found starting at: attribute.
2024-10-06 15:58:35,466 [INFO] PluginManage:359 - Loaded plugin pinoutconfig (category:base,tabindex:0)
2024-10-06 15:58:35,467 [INFO] PluginManage:310 - Check plugin power
2024-10-06 15:58:35,486 [INFO] PluginManage:359 - Loaded plugin power (category:power,tabindex:4)
2024-10-06 15:58:35,486 [INFO] PluginManage:310 - Check plugin projectmanager
2024-10-06 15:58:35,499 [INFO] PluginManage:359 - Loaded plugin projectmanager (category:projectmanager,tabindex:3)
2024-10-06 15:58:35,499 [INFO] PluginManage:310 - Check plugin thirdparty
2024-10-06 15:58:35,768 [INFO] PluginManage:359 - Loaded plugin thirdparty (category:base,tabindex:-1)
2024-10-06 15:58:35,768 [INFO] PluginManage:310 - Check plugin tools
2024-10-06 15:58:35,768 [WARN] IntegrityCheckThread:84 - waiting for thirdparty lock release [integrity check]
2024-10-06 15:58:35,769 [INFO] IntegrityCheckThread:86 - entering critical section [integrity check]
2024-10-06 15:58:35,769 [INFO] ThirdPartyUpdaterWithRetryManager:70 - Updater plugin not ready yet. [1/15]
2024-10-06 15:58:35,841 [INFO] PluginManage:359 - Loaded plugin tools (category:base,tabindex:7)
2024-10-06 15:58:35,841 [INFO] PluginManage:310 - Check plugin tutovideos
2024-10-06 15:58:36,073 [INFO] PluginManage:359 - Loaded plugin tutovideos (category:base,tabindex:-1)
2024-10-06 15:58:36,073 [INFO] PluginManage:310 - Check plugin updater
2024-10-06 15:58:36,083 [INFO] PluginManage:359 - Loaded plugin updater (category:base,tabindex:12)
2024-10-06 15:58:36,083 [INFO] PluginManage:310 - Check plugin userauth
2024-10-06 15:58:36,089 [INFO] UserAuth:114 - Init User Auth plugin
2024-10-06 15:58:36,089 [INFO] PluginManage:359 - Loaded plugin userauth (category:base,tabindex:14)
2024-10-06 15:58:36,089 [INFO] PluginManage:283 - PluginManage : Loaded plugins [17]
2024-10-06 15:58:36,273 [INFO] PinOutPanel:1561 - setPackage(No Configuration,No Configuration)
2024-10-06 15:58:36,330 [INFO] CADModel:165 - CPN selected for project level
2024-10-06 15:58:36,331 [INFO] CADModel:114 - Register for checkConnection events
2024-10-06 15:58:36,359 [INFO] IPUIPlugin:80 - create IPUIPlugin
2024-10-06 15:58:36,359 [INFO] PluginManager:220 - loadIPPluginJar : add adc
2024-10-06 15:58:36,433 [INFO] IPUIPlugin:80 - create IPUIPlugin
2024-10-06 15:58:36,433 [INFO] PluginManager:220 - loadIPPluginJar : add aes
2024-10-06 15:58:36,534 [INFO] IPUIPlugin:80 - create IPUIPlugin
2024-10-06 15:58:36,535 [INFO] PluginManager:220 - loadIPPluginJar : add can
2024-10-06 15:58:36,583 [INFO] IPUIPlugin:80 - create IPUIPlugin
2024-10-06 15:58:36,584 [INFO] PluginManager:220 - loadIPPluginJar : add comp
2024-10-06 15:58:36,649 [INFO] IPUIPlugin:80 - create IPUIPlugin
2024-10-06 15:58:36,649 [INFO] PluginManager:220 - loadIPPluginJar : add cryp
2024-10-06 15:58:36,705 [INFO] IPUIPlugin:80 - create IPUIPlugin
2024-10-06 15:58:36,705 [INFO] PluginManager:220 - loadIPPluginJar : add dfsdm
2024-10-06 15:58:36,730 [INFO] IPUIPlugin:80 - create IPUIPlugin
2024-10-06 15:58:36,730 [INFO] PluginManager:220 - loadIPPluginJar : add dma
2024-10-06 15:58:36,825 [INFO] IPUIPlugin:80 - create IPUIPlugin
2024-10-06 15:58:36,825 [INFO] PluginManager:220 - loadIPPluginJar : add dma3
2024-10-06 15:58:36,930 [INFO] IPUIPlugin:80 - create IPUIPlugin
2024-10-06 15:58:36,931 [INFO] PluginManager:220 - loadIPPluginJar : add extmemmanager
2024-10-06 15:58:36,967 [INFO] IPUIPlugin:80 - create IPUIPlugin
2024-10-06 15:58:36,967 [INFO] PluginManager:220 - loadIPPluginJar : add fatfs
2024-10-06 15:58:37,080 [INFO] IPUIPlugin:80 - create IPUIPlugin
2024-10-06 15:58:37,080 [INFO] PluginManager:220 - loadIPPluginJar : add fmc
2024-10-06 15:58:37,105 [INFO] IPUIPlugin:80 - create IPUIPlugin
2024-10-06 15:58:37,105 [INFO] PluginManager:220 - loadIPPluginJar : add freertos
2024-10-06 15:58:37,143 [INFO] IPUIPlugin:80 - create IPUIPlugin
2024-10-06 15:58:37,144 [INFO] PluginManager:220 - loadIPPluginJar : add genericplugin
2024-10-06 15:58:37,362 [INFO] IPUIPlugin:80 - create IPUIPlugin
2024-10-06 15:58:37,362 [INFO] PluginManager:220 - loadIPPluginJar : add gfxmmu
2024-10-06 15:58:37,683 [INFO] IPUIPlugin:80 - create IPUIPlugin
2024-10-06 15:58:37,683 [INFO] PluginManager:220 - loadIPPluginJar : add gic
2024-10-06 15:58:37,706 [INFO] IPUIPlugin:80 - create IPUIPlugin
2024-10-06 15:58:37,707 [INFO] PluginManager:220 - loadIPPluginJar : add gpio
2024-10-06 15:58:37,912 [INFO] IPUIPlugin:80 - create IPUIPlugin
2024-10-06 15:58:37,912 [INFO] PluginManager:220 - loadIPPluginJar : add gtzc
2024-10-06 15:58:37,984 [INFO] IPUIPlugin:80 - create IPUIPlugin
2024-10-06 15:58:37,985 [INFO] PluginManager:220 - loadIPPluginJar : add hash
2024-10-06 15:58:38,100 [INFO] IPUIPlugin:80 - create IPUIPlugin
2024-10-06 15:58:38,101 [INFO] PluginManager:220 - loadIPPluginJar : add i2c
2024-10-06 15:58:38,188 [INFO] IPUIPlugin:80 - create IPUIPlugin
2024-10-06 15:58:38,188 [INFO] PluginManager:220 - loadIPPluginJar : add i2s
2024-10-06 15:58:38,269 [INFO] IPUIPlugin:80 - create IPUIPlugin
2024-10-06 15:58:38,269 [INFO] PluginManager:220 - loadIPPluginJar : add i3c
2024-10-06 15:58:38,522 [INFO] IPUIPlugin:80 - create IPUIPlugin
2024-10-06 15:58:38,523 [INFO] PluginManager:220 - loadIPPluginJar : add ipddr
2024-10-06 15:58:38,725 [INFO] IPUIPlugin:80 - create IPUIPlugin
2024-10-06 15:58:38,725 [INFO] PluginManager:220 - loadIPPluginJar : add linkedlist
2024-10-06 15:58:38,772 [INFO] ThirdPartyUpdaterWithRetryManager:70 - Updater plugin not ready yet. [2/15]
2024-10-06 15:58:38,799 [INFO] IPUIPlugin:80 - create IPUIPlugin
2024-10-06 15:58:38,799 [INFO] PluginManager:220 - loadIPPluginJar : add lorawan
2024-10-06 15:58:38,888 [INFO] IPUIPlugin:80 - create IPUIPlugin
2024-10-06 15:58:38,888 [INFO] PluginManager:220 - loadIPPluginJar : add ltdc
2024-10-06 15:58:38,906 [INFO] IPUIPlugin:80 - create IPUIPlugin
2024-10-06 15:58:38,906 [INFO] PluginManager:220 - loadIPPluginJar : add mdma
2024-10-06 15:58:38,920 [INFO] IPUIPlugin:80 - create IPUIPlugin
2024-10-06 15:58:38,920 [INFO] PluginManager:220 - loadIPPluginJar : add nvic
2024-10-06 15:58:38,992 [INFO] IPUIPlugin:80 - create IPUIPlugin
2024-10-06 15:58:38,994 [INFO] PluginManager:220 - loadIPPluginJar : add opamp
2024-10-06 15:58:39,127 [INFO] IPUIPlugin:80 - create IPUIPlugin
2024-10-06 15:58:39,129 [INFO] PluginManager:220 - loadIPPluginJar : add openamp
2024-10-06 15:58:39,224 [INFO] IPUIPlugin:80 - create IPUIPlugin
2024-10-06 15:58:39,224 [INFO] PluginManager:220 - loadIPPluginJar : add pdm2pcm
2024-10-06 15:58:39,242 [INFO] IPUIPlugin:80 - create IPUIPlugin
2024-10-06 15:58:39,244 [INFO] PluginManager:220 - loadIPPluginJar : add plateformsettings
2024-10-06 15:58:39,285 [INFO] IPUIPlugin:80 - create IPUIPlugin
2024-10-06 15:58:39,285 [INFO] PluginManager:220 - loadIPPluginJar : add quadspi
2024-10-06 15:58:39,310 [INFO] IPUIPlugin:80 - create IPUIPlugin
2024-10-06 15:58:39,310 [INFO] PluginManager:220 - loadIPPluginJar : add resmgrutility
2024-10-06 15:58:39,419 [INFO] IPUIPlugin:80 - create IPUIPlugin
2024-10-06 15:58:39,419 [INFO] PluginManager:220 - loadIPPluginJar : add sai
2024-10-06 15:58:39,503 [INFO] IPUIPlugin:80 - create IPUIPlugin
2024-10-06 15:58:39,503 [INFO] PluginManager:220 - loadIPPluginJar : add spi
2024-10-06 15:58:39,659 [INFO] IPUIPlugin:80 - create IPUIPlugin
2024-10-06 15:58:39,660 [INFO] PluginManager:220 - loadIPPluginJar : add stm32_wpan
2024-10-06 15:58:39,712 [INFO] IPUIPlugin:80 - create IPUIPlugin
2024-10-06 15:58:39,713 [INFO] PluginManager:220 - loadIPPluginJar : add tim
2024-10-06 15:58:39,853 [INFO] IPUIPlugin:80 - create IPUIPlugin
2024-10-06 15:58:39,854 [INFO] PluginManager:220 - loadIPPluginJar : add touchsensing
2024-10-06 15:58:39,905 [INFO] IPUIPlugin:80 - create IPUIPlugin
2024-10-06 15:58:39,906 [INFO] PluginManager:220 - loadIPPluginJar : add tracer_emb
2024-10-06 15:58:39,954 [INFO] IPUIPlugin:80 - create IPUIPlugin
2024-10-06 15:58:39,954 [INFO] PluginManager:220 - loadIPPluginJar : add ts
2024-10-06 15:58:39,994 [INFO] IPUIPlugin:80 - create IPUIPlugin
2024-10-06 15:58:39,994 [INFO] PluginManager:220 - loadIPPluginJar : add tsc
2024-10-06 15:58:40,041 [INFO] IPUIPlugin:80 - create IPUIPlugin
2024-10-06 15:58:40,041 [INFO] PluginManager:220 - loadIPPluginJar : add ucpd
2024-10-06 15:58:40,139 [INFO] IPUIPlugin:80 - create IPUIPlugin
2024-10-06 15:58:40,139 [INFO] PluginManager:220 - loadIPPluginJar : add usart
2024-10-06 15:58:40,237 [INFO] IPUIPlugin:80 - create IPUIPlugin
2024-10-06 15:58:40,238 [INFO] PluginManager:220 - loadIPPluginJar : add usbx
2024-10-06 15:58:40,371 [INFO] CADModel:165 - CPN selected for project level
2024-10-06 15:58:40,371 [INFO] CADModel:114 - Register for checkConnection events
2024-10-06 15:58:40,372 [FATAL] Updater:308 - Updater called before beeing initialized
2024-10-06 15:58:40,372 [ERROR] CADModel:125 - Updater not yet initialized, retry later 
2024-10-06 15:58:40,488 [INFO] CADModel:165 - CPN selected for project level
2024-10-06 15:58:40,488 [INFO] CADModel:114 - Register for checkConnection events
2024-10-06 15:58:40,488 [FATAL] Updater:308 - Updater called before beeing initialized
2024-10-06 15:58:40,488 [ERROR] CADModel:125 - Updater not yet initialized, retry later 
2024-10-06 15:58:40,491 [FATAL] Updater:308 - Updater called before beeing initialized
2024-10-06 15:58:40,586 [FATAL] Updater:308 - Updater called before beeing initialized
2024-10-06 15:58:40,599 [INFO] DbMcusAds:53 - JSON generation date=Thu May 16 16:22:00 ICT 2024 (1715851320667)
2024-10-06 15:58:40,599 [FATAL] Updater:308 - Updater called before beeing initialized
2024-10-06 15:58:40,667 [WARN] DetailPanel:346 - Failed to get advertising image, set to default
2024-10-06 15:58:40,727 [FATAL] Updater:308 - Updater called before beeing initialized
2024-10-06 15:58:40,729 [FATAL] Updater:308 - Updater called before beeing initialized
2024-10-06 15:58:40,729 [FATAL] Updater:308 - Updater called before beeing initialized
2024-10-06 15:58:40,729 [WARN] DetailPanel:346 - Failed to get advertising image, set to default
2024-10-06 15:58:40,730 [FATAL] Updater:308 - Updater called before beeing initialized
2024-10-06 15:58:40,791 [ERROR] Updater:1120 - MainUpdater not yet initialized. External WinMGr cannot be set.
2024-10-06 15:58:40,812 [INFO] Updater:1056 - Updater Version found : 6.11.1
2024-10-06 15:58:40,828 [INFO] ApplicationProperties:184 - Using Application install path: C:\ST\STM32CubeIDE_1.15.1\STM32CubeIDE\plugins\com.st.stm32cube.common.mx_6.11.1.202404110753
2024-10-06 15:58:41,775 [INFO] ThirdPartyUpdaterWithRetryManager:70 - Updater plugin not ready yet. [3/15]
2024-10-06 15:58:42,414 [ERROR] LogOutputStream:75 - [STDERR_REDIRECT] Oct 06, 2024 3:58:42 PM java.util.prefs.WindowsPreferences <init>
2024-10-06 15:58:42,415 [ERROR] LogOutputStream:75 - [STDERR_REDIRECT] WARNING: Could not open/create prefs root node Software\JavaSoft\Prefs at root 0xffffffff80000002. Windows RegCreateKeyEx(...) returned error code 5.
2024-10-06 15:58:42,415 [ERROR] LogOutputStream:75 - [STDERR_REDIRECT] 
2024-10-06 15:58:42,712 [INFO] MainUpdater:2873 - connection check result : 10
2024-10-06 15:58:42,713 [INFO] MainUpdater:290 - Updater Check For Update Now.
2024-10-06 15:58:42,713 [INFO] MicroXplorer:498 - Change Database Version : DB.6.0.111
2024-10-06 15:58:42,729 [INFO] McuFinderGlobals:63 - Set McuFinder mode to 2 (CubeIDE integrated)
2024-10-06 15:58:42,743 [INFO] UserAuth:415 - Internet connection configuration mode: 1
2024-10-06 15:58:42,776 [INFO] JxBrowserEngine:152 - Initiate JxBrowser Engine with user profile folder
2024-10-06 15:58:42,960 [INFO] CheckServerUpdateThread:120 - End of CheckServer Thread
2024-10-06 15:58:44,936 [WARN] PackLoader:240 - Cannot read IP mode file for STMicroelectronics.FP-SNS-MOTENVWB1.1.4.0
2024-10-06 15:58:44,952 [WARN] PackLoader:240 - Cannot read IP mode file for STMicroelectronics.X-CUBE-SMBUS.2.1.0
2024-10-06 15:58:44,971 [WARN] PackLoader:240 - Cannot read IP mode file for STMicroelectronics.X-CUBE-WB05N.1.1.0
2024-10-06 15:58:44,983 [WARN] PackLoader:240 - Cannot read IP mode file for STMicroelectronics.X-CUBE-TOUCHGFX.4.23.2
2024-10-06 15:58:45,024 [WARN] PackLoader:240 - Cannot read IP mode file for STMicroelectronics.X-CUBE-AZRTOS-F7.1.1.0
2024-10-06 15:58:45,084 [WARN] PackLoader:240 - Cannot read IP mode file for STMicroelectronics.X-CUBE-MEMS1.11.0.0
2024-10-06 15:58:45,198 [WARN] PackLoader:240 - Cannot read IP mode file for STMicroelectronics.FP-SNS-FLIGHT1.5.0.2
2024-10-06 15:58:45,216 [WARN] PackLoader:240 - Cannot read IP mode file for STMicroelectronics.X-CUBE-DISPLAY.3.0.0
2024-10-06 15:58:45,230 [WARN] PackLoader:240 - Cannot read IP mode file for STMicroelectronics.X-CUBE-BLE1.7.0.0
2024-10-06 15:58:45,247 [WARN] PackLoader:240 - Cannot read IP mode file for STMicroelectronics.X-CUBE-NFC10.1.0.0
2024-10-06 15:58:45,260 [WARN] PackLoader:240 - Cannot read IP mode file for emotas.I-CUBE-CANOPEN.1.3.0
2024-10-06 15:58:45,274 [WARN] PackLoader:240 - Cannot read IP mode file for STMicroelectronics.X-CUBE-BLEMGR.3.1.0
2024-10-06 15:58:45,286 [WARN] PackLoader:240 - Cannot read IP mode file for STMicroelectronics.FP-SNS-SMARTAG2.1.2.0
2024-10-06 15:58:45,302 [INFO] LogOutputStream:77 - [STDOUT_REDIRECT] 1 : Invalid condition id : UX_CORESTACK_Condition cause : null
2024-10-06 15:58:45,303 [INFO] LogOutputStream:77 - [STDOUT_REDIRECT] 1 : Invalid condition id : UX_CORESTACK_Condition cause : null
2024-10-06 15:58:45,305 [INFO] LogOutputStream:77 - [STDOUT_REDIRECT] 1 : Invalid condition id : UX_CORESTACK_Condition cause : null
2024-10-06 15:58:45,307 [INFO] LogOutputStream:77 - [STDOUT_REDIRECT] 1 : Invalid condition id : UX_CORESTACK_Condition cause : null
2024-10-06 15:58:45,309 [INFO] LogOutputStream:77 - [STDOUT_REDIRECT] 1 : Invalid condition id : UX_CORESTACK_Condition cause : null
2024-10-06 15:58:45,312 [WARN] PackLoader:240 - Cannot read IP mode file for STMicroelectronics.X-CUBE-AZRTOS-WL.2.0.0
2024-10-06 15:58:45,324 [WARN] PackLoader:240 - Cannot read IP mode file for STMicroelectronics.FP-SNS-MOTENV1.5.0.0
2024-10-06 15:58:45,337 [WARN] PackLoader:240 - Cannot read IP mode file for wolfSSL.I-CUBE-wolfMQTT.1.19.0
2024-10-06 15:58:45,354 [WARN] PackLoader:240 - Cannot read IP mode file for WES.I-CUBE-Cesium.1.3.0
2024-10-06 15:58:45,366 [WARN] PackLoader:240 - Cannot read IP mode file for STMicroelectronics.X-CUBE-BLE2.3.3.0
2024-10-06 15:58:45,381 [WARN] PackLoader:240 - Cannot read IP mode file for STMicroelectronics.X-CUBE-NFC9.1.0.0
2024-10-06 15:58:45,396 [WARN] PackLoader:240 - Cannot read IP mode file for STMicroelectronics.X-CUBE-TCPP.4.1.0
2024-10-06 15:58:45,421 [WARN] PackLoader:240 - Cannot read IP mode file for STMicroelectronics.X-CUBE-AZRTOS-G0.1.1.0
2024-10-06 15:58:45,440 [WARN] PackLoader:240 - Cannot read IP mode file for STMicroelectronics.X-CUBE-SAFEA1.1.2.2
2024-10-06 15:58:45,456 [WARN] PackLoader:240 - Cannot read IP mode file for STMicroelectronics.X-CUBE-NFC4.3.0.0
2024-10-06 15:58:45,476 [WARN] PackLoader:240 - Cannot read IP mode file for EmbeddedOffice.I-CUBE-FS-RTOS.1.0.1
2024-10-06 15:58:45,477 [ERROR] ConditionMgr:805 - Attr not supported : Dmpu
2024-10-06 15:58:45,477 [ERROR] ConditionMgr:805 - Attr not supported : Dmpu
2024-10-06 15:58:45,477 [ERROR] ConditionMgr:805 - Attr not supported : Dmpu
2024-10-06 15:58:45,477 [ERROR] ConditionMgr:805 - Attr not supported : Dmpu
2024-10-06 15:58:45,477 [ERROR] ConditionMgr:805 - Attr not supported : Dmpu
2024-10-06 15:58:45,477 [ERROR] ConditionMgr:805 - Attr not supported : Dmpu
2024-10-06 15:58:45,477 [ERROR] ConditionMgr:805 - Attr not supported : Dmpu
2024-10-06 15:58:45,477 [ERROR] ConditionMgr:805 - Attr not supported : Dmpu
2024-10-06 15:58:45,478 [ERROR] ConditionMgr:805 - Attr not supported : Dmpu
2024-10-06 15:58:45,478 [ERROR] ConditionMgr:805 - Attr not supported : Dmpu
2024-10-06 15:58:45,478 [ERROR] ConditionMgr:805 - Attr not supported : Dmpu
2024-10-06 15:58:45,478 [ERROR] ConditionMgr:805 - Attr not supported : Dmpu
2024-10-06 15:58:45,478 [ERROR] ConditionMgr:805 - Attr not supported : Dmpu
2024-10-06 15:58:45,478 [ERROR] ConditionMgr:805 - Attr not supported : Dmpu
2024-10-06 15:58:45,478 [ERROR] ConditionMgr:805 - Attr not supported : Dmpu
2024-10-06 15:58:45,478 [ERROR] ConditionMgr:805 - Attr not supported : Dmpu
2024-10-06 15:58:45,478 [ERROR] ConditionMgr:805 - Attr not supported : Dmpu
2024-10-06 15:58:45,478 [ERROR] ConditionMgr:805 - Attr not supported : Dmpu
2024-10-06 15:58:45,478 [ERROR] ConditionMgr:805 - Attr not supported : Dmpu
2024-10-06 15:58:45,478 [ERROR] ConditionMgr:805 - Attr not supported : Dmpu
2024-10-06 15:58:45,478 [ERROR] ConditionMgr:805 - Attr not supported : Dmpu
2024-10-06 15:58:45,478 [ERROR] ConditionMgr:805 - Attr not supported : Dmpu
2024-10-06 15:58:45,479 [ERROR] ConditionMgr:805 - Attr not supported : Dmpu
2024-10-06 15:58:45,479 [ERROR] ConditionMgr:805 - Attr not supported : Dmpu
2024-10-06 15:58:45,479 [ERROR] ConditionMgr:805 - Attr not supported : Dmpu
2024-10-06 15:58:45,479 [ERROR] ConditionMgr:805 - Attr not supported : Dmpu
2024-10-06 15:58:45,479 [ERROR] ConditionMgr:805 - Attr not supported : Dmpu
2024-10-06 15:58:45,479 [ERROR] ConditionMgr:805 - Attr not supported : Dmpu
2024-10-06 15:58:45,479 [ERROR] ConditionMgr:805 - Attr not supported : Dmpu
2024-10-06 15:58:45,479 [ERROR] ConditionMgr:805 - Attr not supported : Dmpu
2024-10-06 15:58:45,479 [ERROR] ConditionMgr:805 - Attr not supported : Dmpu
2024-10-06 15:58:45,479 [ERROR] ConditionMgr:805 - Attr not supported : Dmpu
2024-10-06 15:58:45,479 [ERROR] ConditionMgr:805 - Attr not supported : Dmpu
2024-10-06 15:58:45,479 [ERROR] ConditionMgr:805 - Attr not supported : Dmpu
2024-10-06 15:58:45,479 [ERROR] ConditionMgr:805 - Attr not supported : Dmpu
2024-10-06 15:58:45,479 [ERROR] ConditionMgr:805 - Attr not supported : Dmpu
2024-10-06 15:58:45,479 [ERROR] ConditionMgr:805 - Attr not supported : Dmpu
2024-10-06 15:58:45,479 [ERROR] ConditionMgr:805 - Attr not supported : Dmpu
2024-10-06 15:58:45,479 [ERROR] ConditionMgr:805 - Attr not supported : Dmpu
2024-10-06 15:58:45,479 [ERROR] ConditionMgr:805 - Attr not supported : Dmpu
2024-10-06 15:58:45,479 [ERROR] ConditionMgr:805 - Attr not supported : Dmpu
2024-10-06 15:58:45,479 [ERROR] ConditionMgr:805 - Attr not supported : Dmpu
2024-10-06 15:58:45,479 [ERROR] ConditionMgr:805 - Attr not supported : Dmpu
2024-10-06 15:58:45,479 [ERROR] ConditionMgr:805 - Attr not supported : Dmpu
2024-10-06 15:58:45,479 [ERROR] ConditionMgr:805 - Attr not supported : Dmpu
2024-10-06 15:58:45,480 [ERROR] ConditionMgr:805 - Attr not supported : Dmpu
2024-10-06 15:58:45,480 [ERROR] ConditionMgr:805 - Attr not supported : Dmpu
2024-10-06 15:58:45,480 [ERROR] ConditionMgr:805 - Attr not supported : Dmpu
2024-10-06 15:58:45,480 [ERROR] ConditionMgr:805 - Attr not supported : Dmpu
2024-10-06 15:58:45,480 [ERROR] ConditionMgr:805 - Attr not supported : Dmpu
2024-10-06 15:58:45,480 [ERROR] ConditionMgr:805 - Attr not supported : Dmpu
2024-10-06 15:58:45,480 [ERROR] ConditionMgr:805 - Attr not supported : Dmpu
2024-10-06 15:58:45,480 [ERROR] ConditionMgr:805 - Attr not supported : Dmpu
2024-10-06 15:58:45,480 [ERROR] ConditionMgr:805 - Attr not supported : Dmpu
2024-10-06 15:58:45,480 [ERROR] ConditionMgr:805 - Attr not supported : Dmpu
2024-10-06 15:58:45,480 [ERROR] ConditionMgr:805 - Attr not supported : Dmpu
2024-10-06 15:58:45,480 [ERROR] ConditionMgr:805 - Attr not supported : Dmpu
2024-10-06 15:58:45,480 [ERROR] ConditionMgr:805 - Attr not supported : Dmpu
2024-10-06 15:58:45,480 [ERROR] ConditionMgr:805 - Attr not supported : Dmpu
2024-10-06 15:58:45,480 [ERROR] ConditionMgr:805 - Attr not supported : Dmpu
2024-10-06 15:58:45,480 [ERROR] ConditionMgr:805 - Attr not supported : Dmpu
2024-10-06 15:58:45,480 [ERROR] ConditionMgr:805 - Attr not supported : Dmpu
2024-10-06 15:58:45,480 [ERROR] ConditionMgr:805 - Attr not supported : Dmpu
2024-10-06 15:58:45,480 [ERROR] ConditionMgr:805 - Attr not supported : Dmpu
2024-10-06 15:58:45,492 [WARN] PackLoader:240 - Cannot read IP mode file for RealThread.X-CUBE-RT-Thread_Nano.4.1.1
2024-10-06 15:58:45,503 [WARN] PackLoader:240 - Cannot read IP mode file for wolfSSL.I-CUBE-wolfSSL.5.7.0
2024-10-06 15:58:45,516 [WARN] PackLoader:240 - Cannot read IP mode file for STMicroelectronics.FP-ATR-SIGFOX1.3.2.0
2024-10-06 15:58:45,533 [WARN] PackLoader:240 - Cannot read IP mode file for STMicroelectronics.X-CUBE-EEPRMA1.5.1.0
2024-10-06 15:58:45,549 [WARN] PackLoader:240 - Cannot read IP mode file for ITTIA_DB.I-CUBE-ITTIADB.8.9.0
2024-10-06 15:58:45,580 [WARN] PackLoader:240 - Cannot read IP mode file for SEGGER.I-CUBE-embOS.1.3.1
2024-10-06 15:58:45,613 [WARN] PackLoader:240 - Cannot read IP mode file for STMicroelectronics.X-CUBE-ALGOBUILD.1.4.0
2024-10-06 15:58:45,627 [WARN] PackLoader:240 - Cannot read IP mode file for STMicroelectronics.X-CUBE-AI.9.1.0
2024-10-06 15:58:45,638 [WARN] PackLoader:240 - Cannot read IP mode file for STMicroelectronics.X-CUBE-GNSS1.6.0.0
2024-10-06 15:58:45,663 [WARN] PackLoader:240 - Cannot read IP mode file for STMicroelectronics.X-CUBE-AZRTOS-F4.1.1.0
2024-10-06 15:58:45,681 [WARN] PackLoader:240 - Cannot read IP mode file for STMicroelectronics.X-CUBE-ISPU.2.1.0
2024-10-06 15:58:45,715 [WARN] PackLoader:240 - Cannot read IP mode file for STMicroelectronics.X-CUBE-FREERTOS.1.2.0
2024-10-06 15:58:45,748 [WARN] PackLoader:240 - Cannot read IP mode file for STMicroelectronics.X-CUBE-AZRTOS-L5.2.0.0
2024-10-06 15:58:45,764 [WARN] PackLoader:240 - Cannot read IP mode file for STMicroelectronics.X-CUBE-NFC6.3.1.0
2024-10-06 15:58:45,777 [WARN] PackLoader:240 - Cannot read IP mode file for STMicroelectronics.X-CUBE-DPower.1.2.0
2024-10-06 15:58:45,790 [WARN] PackLoader:240 - Cannot read IP mode file for STMicroelectronics.X-CUBE-AI.9.0.0
2024-10-06 15:58:45,803 [WARN] PackLoader:240 - Cannot read IP mode file for STMicroelectronics.X-CUBE-NFC7.1.0.1
2024-10-06 15:58:45,815 [WARN] PackLoader:240 - Cannot read IP mode file for wolfSSL.I-CUBE-wolfTPM.3.2.0
2024-10-06 15:58:45,841 [WARN] ConditionMgr:438 - getConditionDescription Invalid condition id : LAN8742 Phy interface Condition cause : null
2024-10-06 15:58:45,842 [WARN] PackLoader:240 - Cannot read IP mode file for STMicroelectronics.X-CUBE-AZRTOS-L4.2.0.0
2024-10-06 15:58:45,844 [WARN] ConditionMgr:1039 - genDependencies : Invalid condition id : LAN8742 Phy interface Condition cause : null
2024-10-06 15:58:45,844 [WARN] ConditionMgr:1039 - genDependencies : Invalid condition id : LAN8742 Phy interface Condition cause : null
2024-10-06 15:58:45,845 [WARN] ConditionMgr:1039 - genDependencies : Invalid condition id : LAN8742 Phy interface Condition cause : null
2024-10-06 15:58:45,859 [WARN] PackLoader:240 - Cannot read IP mode file for STMicroelectronics.X-CUBE-SFXS2LP1.4.0.0
2024-10-06 15:58:45,880 [WARN] PackLoader:240 - Cannot read IP mode file for STMicroelectronics.X-CUBE-AZRTOS-H7.3.3.0
2024-10-06 15:58:45,896 [WARN] PackLoader:240 - Cannot read IP mode file for STMicroelectronics.X-CUBE-IPS.3.0.0
2024-10-06 15:58:45,913 [WARN] ConditionMgr:438 - getConditionDescription Invalid condition id : UX DEVICE CLASS RTOS Condition cause : null
2024-10-06 15:58:45,913 [WARN] ConditionMgr:438 - getConditionDescription Invalid condition id : UX DEVICE CLASS RTOS Condition cause : null
2024-10-06 15:58:45,914 [WARN] PackLoader:240 - Cannot read IP mode file for STMicroelectronics.X-CUBE-AZRTOS-WB.2.0.0
2024-10-06 15:58:45,914 [WARN] ConditionMgr:1039 - genDependencies : Invalid condition id : UX DEVICE CLASS RTOS Condition cause : null
2024-10-06 15:58:45,914 [WARN] ConditionMgr:1039 - genDependencies : Invalid condition id : UX DEVICE CLASS RTOS Condition cause : null
2024-10-06 15:58:45,914 [WARN] ConditionMgr:1039 - genDependencies : Invalid condition id : UX DEVICE CLASS RTOS Condition cause : null
2024-10-06 15:58:45,915 [WARN] ConditionMgr:1039 - genDependencies : Invalid condition id : UX DEVICE CLASS RTOS Condition cause : null
2024-10-06 15:58:45,915 [WARN] ConditionMgr:1039 - genDependencies : Invalid condition id : UX DEVICE CLASS RTOS Condition cause : null
2024-10-06 15:58:45,928 [WARN] PackLoader:240 - Cannot read IP mode file for STMicroelectronics.X-CUBE-GNSS1.7.0.0
2024-10-06 15:58:45,940 [WARN] PackLoader:240 - Cannot read IP mode file for STMicroelectronics.FP-SNS-STBOX1.2.0.0
2024-10-06 15:58:45,958 [WARN] PackLoader:240 - Cannot read IP mode file for STMicroelectronics.X-CUBE-SUBG2.5.0.0
2024-10-06 15:58:45,974 [WARN] PackLoader:240 - Cannot read IP mode file for Cesanta.I-CUBE-Mongoose.7.13.0
2024-10-06 15:58:45,997 [WARN] PackLoader:240 - Cannot read IP mode file for STMicroelectronics.X-CUBE-AZRTOS-G4.2.0.0
2024-10-06 15:58:46,010 [WARN] PackLoader:240 - Cannot read IP mode file for STMicroelectronics.X-CUBE-ISPU.2.0.0
2024-10-06 15:58:46,025 [WARN] PackLoader:240 - Cannot read IP mode file for STMicroelectronics.X-CUBE-ALS.1.0.2
2024-10-06 15:58:46,083 [WARN] PackLoader:240 - Cannot read IP mode file for STMicroelectronics.X-CUBE-MEMS1.10.0.0
2024-10-06 15:58:46,169 [WARN] PackLoader:240 - Cannot read IP mode file for STMicroelectronics.X-CUBE-TOUCHGFX.4.24.0
2024-10-06 15:58:46,181 [WARN] PackLoader:240 - Cannot read IP mode file for STMicroelectronics.X-CUBE-TOUCHGFX.4.24.1
2024-10-06 15:58:46,192 [WARN] PackLoader:240 - Cannot read IP mode file for portGmbH.I-Cube-SoM-uGOAL.1.1.0
2024-10-06 15:58:46,202 [WARN] PackLoader:240 - Cannot read IP mode file for STMicroelectronics.X-CUBE-ALS.1.0.1
2024-10-06 15:58:46,221 [WARN] PackLoader:240 - Cannot read IP mode file for STMicroelectronics.X-CUBE-AZRTOS-H7RS.1.0.0
2024-10-06 15:58:46,234 [WARN] PackLoader:240 - Cannot read IP mode file for STMicroelectronics.FP-ATR-ASTRA1.2.0.0
2024-10-06 15:58:46,251 [WARN] PackLoader:240 - Cannot read IP mode file for STMicroelectronics.X-CUBE-TOF1.3.4.2
2024-10-06 15:58:46,276 [WARN] PackLoader:240 - Cannot read IP mode file for STMicroelectronics.X-CUBE-TOF1.3.4.1
2024-10-06 15:58:46,310 [WARN] PackLoader:240 - Cannot read IP mode file for STMicroelectronics.X-CUBE-AZRTOS-H7.3.2.0
2024-10-06 15:58:46,345 [WARN] PackLoader:240 - Cannot read IP mode file for Infineon.AIROC-Wi-Fi-Bluetooth-STM32.1.6.0
2024-10-06 15:58:46,360 [WARN] PackLoader:240 - Cannot read IP mode file for wolfSSL.I-CUBE-wolfSSH.1.4.17
2024-10-06 15:58:46,362 [INFO] ThirdParty:978 - Integrity check success = true
2024-10-06 15:58:46,362 [INFO] IntegrityCheckThread:100 - exiting critical section [integrity check]
2024-10-06 15:58:46,362 [INFO] IntegrityCheckThread:103 - End integrity checks thread
2024-10-06 15:58:56,216 [INFO] WebApp:161 - Instantiating new browser for Auth
2024-10-06 15:58:56,760 [INFO] WebApp:779 - Register for checkConnection events
2024-10-06 15:58:56,760 [INFO] WebApp:414 - Apply proxy settings
2024-10-06 15:58:56,760 [INFO] WebApp:499 - Chromium requires no authentication
2024-10-06 15:58:56,768 [INFO] WebApp:442 - Direct internet connection detected
2024-10-06 15:58:56,944 [INFO] WebApp:192 - Starting web application
2024-10-06 15:58:56,945 [INFO] WebApp:544 - Web application path used C:\ST\STM32CubeIDE_1.15.1\STM32CubeIDE\plugins\com.st.stm32cube.common.mx_6.11.1.202404110753\db\plugins\mcufinder\reactClient1\index.html
