2024-08-16 23:53:09,149 [INFO] Activator:176 - 


2024-08-16 23:53:09,153 [INFO] Activator:177 - !SESSION log4j initialized
2024-08-16 23:53:14,581 [INFO] LogOutputStream:77 - [STDOUT_REDIRECT] 
2024-08-16 23:53:21,071 [INFO] ApplicationProperties:184 - Using Application install path: C:\ST\STM32CubeIDE_1.15.1\STM32CubeIDE\plugins\com.st.stm32cube.common.mx_6.11.1.202404110753
2024-08-16 23:53:21,084 [INFO] DbMcusXml:78 - Set database path to: C:\ST\STM32CubeIDE_1.15.1\STM32CubeIDE\plugins\com.st.stm32cube.common.mx_6.11.1.202404110753\\db\/mcu/
2024-08-16 23:53:21,084 [INFO] ApiDb:274 - Set plugin database path to: C:\ST\STM32CubeIDE_1.15.1\STM32CubeIDE\plugins\com.st.stm32cube.common.mx_6.11.1.202404110753\\db\/plugins/boardmanager/
2024-08-16 23:53:21,085 [WARN] ApiDb:259 - Overriding images path with different value:  => C:\ST\STM32CubeIDE_1.15.1\STM32CubeIDE\plugins\com.st.stm32cube.common.mx_6.11.1.202404110753\\db\/plugins/mcufinder/images/
2024-08-16 23:53:21,090 [INFO] ApiDb:250 - Set database path to: C:\Users\lmthu\.stmcufinder\plugins\mcufinder//mcu/
2024-08-16 23:53:21,090 [INFO] DbMcusAds:125 - Set database path to: C:\Users\lmthu\.stmcufinder\plugins\mcufinder//mcu/
2024-08-16 23:53:21,092 [INFO] CrossReferenceDbSqlite:203 - Set database path to: C:\Users\lmthu\.stmcufinder\plugins\mcufinder//mcu/cs/
2024-08-16 23:53:21,191 [INFO] RulesReader:64 - Compatibility file has been processed (297 Rules)
2024-08-16 23:53:21,255 [INFO] DbMcusXml:78 - Set database path to: C:\ST\STM32CubeIDE_1.15.1\STM32CubeIDE\plugins\com.st.stm32cube.common.mx_6.11.1.202404110753\\db\/mcu/
2024-08-16 23:53:21,255 [INFO] ApiDb:274 - Set plugin database path to: C:\ST\STM32CubeIDE_1.15.1\STM32CubeIDE\plugins\com.st.stm32cube.common.mx_6.11.1.202404110753\\db\/plugins/boardmanager/
2024-08-16 23:53:21,255 [INFO] ApiDb:261 - Set plugin images path to: C:\ST\STM32CubeIDE_1.15.1\STM32CubeIDE\plugins\com.st.stm32cube.common.mx_6.11.1.202404110753\\db\/plugins/mcufinder/images/
2024-08-16 23:53:21,255 [WARN] DbFile:41 - Overriding database path with different value: C:\Users\lmthu\.stmcufinder\plugins\mcufinder/ => C:\Users\lmthu\.stmcufinder\plugins\mcufinder
2024-08-16 23:53:21,255 [INFO] ApiDb:250 - Set database path to: C:\Users\lmthu\.stmcufinder\plugins\mcufinder//mcu/
2024-08-16 23:53:21,255 [WARN] DbFile:41 - Overriding database path with different value: C:\Users\lmthu\.stmcufinder\plugins\mcufinder/ => C:\Users\lmthu\.stmcufinder\plugins\mcufinder
2024-08-16 23:53:21,256 [INFO] DbMcusAds:125 - Set database path to: C:\Users\lmthu\.stmcufinder\plugins\mcufinder//mcu/
2024-08-16 23:53:21,256 [WARN] DbFile:41 - Overriding database path with different value: C:\Users\lmthu\.stmcufinder\plugins\mcufinder/ => C:\Users\lmthu\.stmcufinder\plugins\mcufinder
2024-08-16 23:53:21,256 [WARN] DbFile:41 - Overriding database path with different value: C:\Users\lmthu\.stmcufinder\plugins\mcufinder/ => C:\Users\lmthu\.stmcufinder\plugins\mcufinder
2024-08-16 23:53:21,256 [INFO] CrossReferenceDbSqlite:203 - Set database path to: C:\Users\lmthu\.stmcufinder\plugins\mcufinder//mcu/cs/
2024-08-16 23:53:21,320 [INFO] MainPanel:264 - HeapMemory: 268435456
2024-08-16 23:53:21,388 [INFO] DbMcusXml:78 - Set database path to: C:\ST\STM32CubeIDE_1.15.1\STM32CubeIDE\plugins\com.st.stm32cube.common.mx_6.11.1.202404110753\\db\/mcu/
2024-08-16 23:53:21,388 [INFO] ApiDb:274 - Set plugin database path to: C:\ST\STM32CubeIDE_1.15.1\STM32CubeIDE\plugins\com.st.stm32cube.common.mx_6.11.1.202404110753\\db\/plugins/boardmanager/
2024-08-16 23:53:21,389 [INFO] ApiDb:261 - Set plugin images path to: C:\ST\STM32CubeIDE_1.15.1\STM32CubeIDE\plugins\com.st.stm32cube.common.mx_6.11.1.202404110753\\db\/plugins/mcufinder/images/
2024-08-16 23:53:21,389 [WARN] DbFile:41 - Overriding database path with different value: C:\Users\lmthu\.stmcufinder\plugins\mcufinder/ => C:\Users\lmthu\.stmcufinder\plugins\mcufinder
2024-08-16 23:53:21,389 [INFO] ApiDb:250 - Set database path to: C:\Users\lmthu\.stmcufinder\plugins\mcufinder//mcu/
2024-08-16 23:53:21,389 [WARN] DbFile:41 - Overriding database path with different value: C:\Users\lmthu\.stmcufinder\plugins\mcufinder/ => C:\Users\lmthu\.stmcufinder\plugins\mcufinder
2024-08-16 23:53:21,389 [INFO] DbMcusAds:125 - Set database path to: C:\Users\lmthu\.stmcufinder\plugins\mcufinder//mcu/
2024-08-16 23:53:21,390 [WARN] DbFile:41 - Overriding database path with different value: C:\Users\lmthu\.stmcufinder\plugins\mcufinder/ => C:\Users\lmthu\.stmcufinder\plugins\mcufinder
2024-08-16 23:53:21,390 [WARN] DbFile:41 - Overriding database path with different value: C:\Users\lmthu\.stmcufinder\plugins\mcufinder/ => C:\Users\lmthu\.stmcufinder\plugins\mcufinder
2024-08-16 23:53:21,390 [INFO] CrossReferenceDbSqlite:203 - Set database path to: C:\Users\lmthu\.stmcufinder\plugins\mcufinder//mcu/cs/
2024-08-16 23:53:21,404 [INFO] ApplicationProperties:184 - Using Application install path: C:\ST\STM32CubeIDE_1.15.1\STM32CubeIDE\plugins\com.st.stm32cube.common.mx_6.11.1.202404110753
2024-08-16 23:53:21,405 [INFO] PluginManage:196 - Search for loadable plugins [exclusion list=, ]
2024-08-16 23:53:21,407 [INFO] PluginManage:310 - Check plugin analytics
2024-08-16 23:53:26,493 [INFO] AnalyticsPlugin:253 - Accepted Software Licenses: 
2024-08-16 23:53:26,494 [INFO] AnalyticsPlugin:255 - Accepted CMSIS Pack Licenses: 
2024-08-16 23:53:26,494 [INFO] AnalyticsPlugin:257 - Accepted Firmware Licenses: FW.F4.1.28.0
2024-08-16 23:53:26,496 [INFO] PluginManage:359 - Loaded plugin analytics (category:tool,tabindex:-1)
2024-08-16 23:53:26,496 [INFO] PluginManage:310 - Check plugin cadmodel
2024-08-16 23:53:26,510 [INFO] CADModel:105 - Init CAD model plugin
2024-08-16 23:53:26,510 [INFO] PluginManage:359 - Loaded plugin cadmodel (category:power,tabindex:5)
2024-08-16 23:53:26,511 [INFO] PluginManage:310 - Check plugin clock
2024-08-16 23:53:26,528 [INFO] PluginManage:359 - Loaded plugin clock (category:base,tabindex:2)
2024-08-16 23:53:26,528 [INFO] PluginManage:310 - Check plugin ddr
2024-08-16 23:53:26,530 [INFO] PluginManage:359 - Loaded plugin ddr (category:tool,tabindex:6)
2024-08-16 23:53:26,530 [INFO] PluginManage:310 - Check plugin filemanager
2024-08-16 23:53:26,636 [INFO] PluginManage:359 - Loaded plugin filemanager (category:base,tabindex:10)
2024-08-16 23:53:26,636 [INFO] PluginManage:310 - Check plugin ipmanager
2024-08-16 23:53:26,642 [INFO] PluginManage:359 - Loaded plugin ipmanager (category:base,tabindex:5)
2024-08-16 23:53:26,643 [INFO] PluginManage:310 - Check plugin lpbam
2024-08-16 23:53:26,659 [INFO] PluginManage:359 - Loaded plugin lpbam (category:base,tabindex:0)
2024-08-16 23:53:26,659 [INFO] PluginManage:310 - Check plugin memorymap
2024-08-16 23:53:26,681 [INFO] PluginManage:359 - Loaded plugin memorymap (category:base,tabindex:4)
2024-08-16 23:53:26,681 [INFO] PluginManage:310 - Check plugin pinoutandconfiguration
2024-08-16 23:53:26,698 [INFO] PluginManage:359 - Loaded plugin pinoutandconfiguration (category:base,tabindex:1)
2024-08-16 23:53:26,698 [INFO] PluginManage:310 - Check plugin pinoutconfig
2024-08-16 23:53:26,771 [WARN] SupportedApi:132 - Cannot load RTOS API schema: s4s-elt-must-match.1: The content of 'definitions' must match (annotation?, (simpleType | complexType)?, (unique | key | keyref)*)). A problem was found starting at: attribute.
2024-08-16 23:53:26,877 [INFO] PluginManage:359 - Loaded plugin pinoutconfig (category:base,tabindex:0)
2024-08-16 23:53:26,877 [INFO] PluginManage:310 - Check plugin power
2024-08-16 23:53:26,904 [INFO] PluginManage:359 - Loaded plugin power (category:power,tabindex:4)
2024-08-16 23:53:26,904 [INFO] PluginManage:310 - Check plugin projectmanager
2024-08-16 23:53:26,927 [INFO] PluginManage:359 - Loaded plugin projectmanager (category:projectmanager,tabindex:3)
2024-08-16 23:53:26,927 [INFO] PluginManage:310 - Check plugin thirdparty
2024-08-16 23:53:27,190 [INFO] PluginManage:359 - Loaded plugin thirdparty (category:base,tabindex:-1)
2024-08-16 23:53:27,190 [WARN] IntegrityCheckThread:84 - waiting for thirdparty lock release [integrity check]
2024-08-16 23:53:27,190 [INFO] PluginManage:310 - Check plugin tools
2024-08-16 23:53:27,190 [INFO] IntegrityCheckThread:86 - entering critical section [integrity check]
2024-08-16 23:53:27,192 [INFO] ThirdPartyUpdaterWithRetryManager:70 - Updater plugin not ready yet. [1/15]
2024-08-16 23:53:27,236 [INFO] PluginManage:359 - Loaded plugin tools (category:base,tabindex:7)
2024-08-16 23:53:27,236 [INFO] PluginManage:310 - Check plugin tutovideos
2024-08-16 23:53:27,411 [INFO] PluginManage:359 - Loaded plugin tutovideos (category:base,tabindex:-1)
2024-08-16 23:53:27,412 [INFO] PluginManage:310 - Check plugin updater
2024-08-16 23:53:27,421 [INFO] PluginManage:359 - Loaded plugin updater (category:base,tabindex:12)
2024-08-16 23:53:27,421 [INFO] PluginManage:310 - Check plugin userauth
2024-08-16 23:53:27,425 [INFO] UserAuth:114 - Init User Auth plugin
2024-08-16 23:53:27,426 [INFO] PluginManage:359 - Loaded plugin userauth (category:base,tabindex:14)
2024-08-16 23:53:27,426 [INFO] PluginManage:283 - PluginManage : Loaded plugins [17]
2024-08-16 23:53:27,585 [INFO] PinOutPanel:1561 - setPackage(No Configuration,No Configuration)
2024-08-16 23:53:27,636 [INFO] CADModel:165 - CPN selected for project level
2024-08-16 23:53:27,637 [INFO] CADModel:114 - Register for checkConnection events
2024-08-16 23:53:27,661 [INFO] IPUIPlugin:80 - create IPUIPlugin
2024-08-16 23:53:27,662 [INFO] PluginManager:220 - loadIPPluginJar : add adc
2024-08-16 23:53:27,732 [INFO] IPUIPlugin:80 - create IPUIPlugin
2024-08-16 23:53:27,732 [INFO] PluginManager:220 - loadIPPluginJar : add aes
2024-08-16 23:53:27,819 [INFO] IPUIPlugin:80 - create IPUIPlugin
2024-08-16 23:53:27,819 [INFO] PluginManager:220 - loadIPPluginJar : add can
2024-08-16 23:53:27,863 [INFO] IPUIPlugin:80 - create IPUIPlugin
2024-08-16 23:53:27,864 [INFO] PluginManager:220 - loadIPPluginJar : add comp
2024-08-16 23:53:27,928 [INFO] IPUIPlugin:80 - create IPUIPlugin
2024-08-16 23:53:27,929 [INFO] PluginManager:220 - loadIPPluginJar : add cryp
2024-08-16 23:53:27,997 [INFO] IPUIPlugin:80 - create IPUIPlugin
2024-08-16 23:53:27,997 [INFO] PluginManager:220 - loadIPPluginJar : add dfsdm
2024-08-16 23:53:28,015 [INFO] IPUIPlugin:80 - create IPUIPlugin
2024-08-16 23:53:28,015 [INFO] PluginManager:220 - loadIPPluginJar : add dma
2024-08-16 23:53:28,093 [INFO] IPUIPlugin:80 - create IPUIPlugin
2024-08-16 23:53:28,094 [INFO] PluginManager:220 - loadIPPluginJar : add dma3
2024-08-16 23:53:28,184 [INFO] IPUIPlugin:80 - create IPUIPlugin
2024-08-16 23:53:28,184 [INFO] PluginManager:220 - loadIPPluginJar : add extmemmanager
2024-08-16 23:53:28,215 [INFO] IPUIPlugin:80 - create IPUIPlugin
2024-08-16 23:53:28,215 [INFO] PluginManager:220 - loadIPPluginJar : add fatfs
2024-08-16 23:53:28,315 [INFO] IPUIPlugin:80 - create IPUIPlugin
2024-08-16 23:53:28,316 [INFO] PluginManager:220 - loadIPPluginJar : add fmc
2024-08-16 23:53:28,344 [INFO] IPUIPlugin:80 - create IPUIPlugin
2024-08-16 23:53:28,345 [INFO] PluginManager:220 - loadIPPluginJar : add freertos
2024-08-16 23:53:28,387 [INFO] IPUIPlugin:80 - create IPUIPlugin
2024-08-16 23:53:28,388 [INFO] PluginManager:220 - loadIPPluginJar : add genericplugin
2024-08-16 23:53:28,573 [INFO] IPUIPlugin:80 - create IPUIPlugin
2024-08-16 23:53:28,573 [INFO] PluginManager:220 - loadIPPluginJar : add gfxmmu
2024-08-16 23:53:28,825 [INFO] IPUIPlugin:80 - create IPUIPlugin
2024-08-16 23:53:28,825 [INFO] PluginManager:220 - loadIPPluginJar : add gic
2024-08-16 23:53:28,844 [INFO] IPUIPlugin:80 - create IPUIPlugin
2024-08-16 23:53:28,844 [INFO] PluginManager:220 - loadIPPluginJar : add gpio
2024-08-16 23:53:28,976 [INFO] IPUIPlugin:80 - create IPUIPlugin
2024-08-16 23:53:28,976 [INFO] PluginManager:220 - loadIPPluginJar : add gtzc
2024-08-16 23:53:29,025 [INFO] IPUIPlugin:80 - create IPUIPlugin
2024-08-16 23:53:29,026 [INFO] PluginManager:220 - loadIPPluginJar : add hash
2024-08-16 23:53:29,115 [INFO] IPUIPlugin:80 - create IPUIPlugin
2024-08-16 23:53:29,115 [INFO] PluginManager:220 - loadIPPluginJar : add i2c
2024-08-16 23:53:29,185 [INFO] IPUIPlugin:80 - create IPUIPlugin
2024-08-16 23:53:29,186 [INFO] PluginManager:220 - loadIPPluginJar : add i2s
2024-08-16 23:53:29,263 [INFO] IPUIPlugin:80 - create IPUIPlugin
2024-08-16 23:53:29,264 [INFO] PluginManager:220 - loadIPPluginJar : add i3c
2024-08-16 23:53:29,460 [INFO] IPUIPlugin:80 - create IPUIPlugin
2024-08-16 23:53:29,461 [INFO] PluginManager:220 - loadIPPluginJar : add ipddr
2024-08-16 23:53:29,658 [INFO] IPUIPlugin:80 - create IPUIPlugin
2024-08-16 23:53:29,659 [INFO] PluginManager:220 - loadIPPluginJar : add linkedlist
2024-08-16 23:53:29,702 [INFO] IPUIPlugin:80 - create IPUIPlugin
2024-08-16 23:53:29,702 [INFO] PluginManager:220 - loadIPPluginJar : add lorawan
2024-08-16 23:53:29,744 [INFO] IPUIPlugin:80 - create IPUIPlugin
2024-08-16 23:53:29,744 [INFO] PluginManager:220 - loadIPPluginJar : add ltdc
2024-08-16 23:53:29,760 [INFO] IPUIPlugin:80 - create IPUIPlugin
2024-08-16 23:53:29,760 [INFO] PluginManager:220 - loadIPPluginJar : add mdma
2024-08-16 23:53:29,773 [INFO] IPUIPlugin:80 - create IPUIPlugin
2024-08-16 23:53:29,773 [INFO] PluginManager:220 - loadIPPluginJar : add nvic
2024-08-16 23:53:29,825 [INFO] IPUIPlugin:80 - create IPUIPlugin
2024-08-16 23:53:29,825 [INFO] PluginManager:220 - loadIPPluginJar : add opamp
2024-08-16 23:53:29,921 [INFO] IPUIPlugin:80 - create IPUIPlugin
2024-08-16 23:53:29,921 [INFO] PluginManager:220 - loadIPPluginJar : add openamp
2024-08-16 23:53:30,003 [INFO] IPUIPlugin:80 - create IPUIPlugin
2024-08-16 23:53:30,003 [INFO] PluginManager:220 - loadIPPluginJar : add pdm2pcm
2024-08-16 23:53:30,019 [INFO] IPUIPlugin:80 - create IPUIPlugin
2024-08-16 23:53:30,022 [INFO] PluginManager:220 - loadIPPluginJar : add plateformsettings
2024-08-16 23:53:30,056 [INFO] IPUIPlugin:80 - create IPUIPlugin
2024-08-16 23:53:30,056 [INFO] PluginManager:220 - loadIPPluginJar : add quadspi
2024-08-16 23:53:30,076 [INFO] IPUIPlugin:80 - create IPUIPlugin
2024-08-16 23:53:30,077 [INFO] PluginManager:220 - loadIPPluginJar : add resmgrutility
2024-08-16 23:53:30,178 [INFO] IPUIPlugin:80 - create IPUIPlugin
2024-08-16 23:53:30,178 [INFO] PluginManager:220 - loadIPPluginJar : add sai
2024-08-16 23:53:30,193 [INFO] ThirdPartyUpdaterWithRetryManager:70 - Updater plugin not ready yet. [2/15]
2024-08-16 23:53:30,262 [INFO] IPUIPlugin:80 - create IPUIPlugin
2024-08-16 23:53:30,262 [INFO] PluginManager:220 - loadIPPluginJar : add spi
2024-08-16 23:53:30,413 [INFO] IPUIPlugin:80 - create IPUIPlugin
2024-08-16 23:53:30,413 [INFO] PluginManager:220 - loadIPPluginJar : add stm32_wpan
2024-08-16 23:53:30,459 [INFO] IPUIPlugin:80 - create IPUIPlugin
2024-08-16 23:53:30,459 [INFO] PluginManager:220 - loadIPPluginJar : add tim
2024-08-16 23:53:30,608 [INFO] IPUIPlugin:80 - create IPUIPlugin
2024-08-16 23:53:30,608 [INFO] PluginManager:220 - loadIPPluginJar : add touchsensing
2024-08-16 23:53:30,659 [INFO] IPUIPlugin:80 - create IPUIPlugin
2024-08-16 23:53:30,659 [INFO] PluginManager:220 - loadIPPluginJar : add tracer_emb
2024-08-16 23:53:30,704 [INFO] IPUIPlugin:80 - create IPUIPlugin
2024-08-16 23:53:30,704 [INFO] PluginManager:220 - loadIPPluginJar : add ts
2024-08-16 23:53:30,741 [INFO] IPUIPlugin:80 - create IPUIPlugin
2024-08-16 23:53:30,742 [INFO] PluginManager:220 - loadIPPluginJar : add tsc
2024-08-16 23:53:30,790 [INFO] IPUIPlugin:80 - create IPUIPlugin
2024-08-16 23:53:30,790 [INFO] PluginManager:220 - loadIPPluginJar : add ucpd
2024-08-16 23:53:30,865 [INFO] IPUIPlugin:80 - create IPUIPlugin
2024-08-16 23:53:30,866 [INFO] PluginManager:220 - loadIPPluginJar : add usart
2024-08-16 23:53:30,963 [INFO] IPUIPlugin:80 - create IPUIPlugin
2024-08-16 23:53:30,963 [INFO] PluginManager:220 - loadIPPluginJar : add usbx
2024-08-16 23:53:31,086 [INFO] CADModel:165 - CPN selected for project level
2024-08-16 23:53:31,086 [INFO] CADModel:114 - Register for checkConnection events
2024-08-16 23:53:31,086 [FATAL] Updater:308 - Updater called before beeing initialized
2024-08-16 23:53:31,086 [ERROR] CADModel:125 - Updater not yet initialized, retry later 
2024-08-16 23:53:31,203 [INFO] CADModel:165 - CPN selected for project level
2024-08-16 23:53:31,203 [INFO] CADModel:114 - Register for checkConnection events
2024-08-16 23:53:31,203 [FATAL] Updater:308 - Updater called before beeing initialized
2024-08-16 23:53:31,203 [ERROR] CADModel:125 - Updater not yet initialized, retry later 
2024-08-16 23:53:31,205 [FATAL] Updater:308 - Updater called before beeing initialized
2024-08-16 23:53:31,295 [FATAL] Updater:308 - Updater called before beeing initialized
2024-08-16 23:53:31,303 [INFO] DbMcusAds:53 - JSON generation date=Thu May 16 16:22:00 ICT 2024 (1715851320667)
2024-08-16 23:53:31,303 [FATAL] Updater:308 - Updater called before beeing initialized
2024-08-16 23:53:31,369 [WARN] DetailPanel:346 - Failed to get advertising image, set to default
2024-08-16 23:53:31,427 [FATAL] Updater:308 - Updater called before beeing initialized
2024-08-16 23:53:31,429 [FATAL] Updater:308 - Updater called before beeing initialized
2024-08-16 23:53:31,429 [FATAL] Updater:308 - Updater called before beeing initialized
2024-08-16 23:53:31,429 [WARN] DetailPanel:346 - Failed to get advertising image, set to default
2024-08-16 23:53:31,430 [FATAL] Updater:308 - Updater called before beeing initialized
2024-08-16 23:53:31,485 [ERROR] Updater:1120 - MainUpdater not yet initialized. External WinMGr cannot be set.
2024-08-16 23:53:31,496 [INFO] Updater:1056 - Updater Version found : 6.11.1
2024-08-16 23:53:31,525 [INFO] ApplicationProperties:184 - Using Application install path: C:\ST\STM32CubeIDE_1.15.1\STM32CubeIDE\plugins\com.st.stm32cube.common.mx_6.11.1.202404110753
2024-08-16 23:53:33,109 [ERROR] LogOutputStream:75 - [STDERR_REDIRECT] Aug 16, 2024 11:53:33 PM java.util.prefs.WindowsPreferences <init>
2024-08-16 23:53:33,110 [ERROR] LogOutputStream:75 - [STDERR_REDIRECT] WARNING: Could not open/create prefs root node Software\JavaSoft\Prefs at root 0xffffffff80000002. Windows RegCreateKeyEx(...) returned error code 5.
2024-08-16 23:53:33,110 [ERROR] LogOutputStream:75 - [STDERR_REDIRECT] 
2024-08-16 23:53:33,194 [INFO] ThirdPartyUpdaterWithRetryManager:70 - Updater plugin not ready yet. [3/15]
2024-08-16 23:53:33,353 [INFO] MainUpdater:2873 - connection check result : 10
2024-08-16 23:53:33,354 [INFO] MainUpdater:290 - Updater Check For Update Now.
2024-08-16 23:53:33,354 [INFO] MicroXplorer:498 - Change Database Version : DB.6.0.111
2024-08-16 23:53:33,367 [INFO] McuFinderGlobals:63 - Set McuFinder mode to 2 (CubeIDE integrated)
2024-08-16 23:53:33,384 [INFO] UserAuth:415 - Internet connection configuration mode: 1
2024-08-16 23:53:33,420 [INFO] JxBrowserEngine:152 - Initiate JxBrowser Engine with user profile folder
2024-08-16 23:53:33,553 [INFO] CheckServerUpdateThread:120 - End of CheckServer Thread
2024-08-16 23:53:36,350 [WARN] PackLoader:240 - Cannot read IP mode file for STMicroelectronics.FP-SNS-MOTENVWB1.1.4.0
2024-08-16 23:53:36,364 [WARN] PackLoader:240 - Cannot read IP mode file for STMicroelectronics.X-CUBE-SMBUS.2.1.0
2024-08-16 23:53:36,376 [WARN] PackLoader:240 - Cannot read IP mode file for STMicroelectronics.X-CUBE-TOUCHGFX.4.23.2
2024-08-16 23:53:36,408 [WARN] PackLoader:240 - Cannot read IP mode file for STMicroelectronics.X-CUBE-AZRTOS-F7.1.1.0
2024-08-16 23:53:36,427 [WARN] PackLoader:240 - Cannot read IP mode file for STMicroelectronics.FP-SNS-FLIGHT1.5.0.2
2024-08-16 23:53:36,451 [WARN] PackLoader:240 - Cannot read IP mode file for STMicroelectronics.X-CUBE-DISPLAY.3.0.0
2024-08-16 23:53:36,472 [WARN] PackLoader:240 - Cannot read IP mode file for STMicroelectronics.X-CUBE-BLE1.7.0.0
2024-08-16 23:53:36,485 [WARN] PackLoader:240 - Cannot read IP mode file for emotas.I-CUBE-CANOPEN.1.3.0
2024-08-16 23:53:36,504 [WARN] PackLoader:240 - Cannot read IP mode file for STMicroelectronics.X-CUBE-BLEMGR.3.1.0
2024-08-16 23:53:36,516 [WARN] PackLoader:240 - Cannot read IP mode file for STMicroelectronics.FP-SNS-SMARTAG2.1.2.0
2024-08-16 23:53:36,531 [INFO] LogOutputStream:77 - [STDOUT_REDIRECT] 1 : Invalid condition id : UX_CORESTACK_Condition cause : null
2024-08-16 23:53:36,532 [INFO] LogOutputStream:77 - [STDOUT_REDIRECT] 1 : Invalid condition id : UX_CORESTACK_Condition cause : null
2024-08-16 23:53:36,533 [INFO] LogOutputStream:77 - [STDOUT_REDIRECT] 1 : Invalid condition id : UX_CORESTACK_Condition cause : null
2024-08-16 23:53:36,533 [INFO] LogOutputStream:77 - [STDOUT_REDIRECT] 1 : Invalid condition id : UX_CORESTACK_Condition cause : null
2024-08-16 23:53:36,534 [INFO] LogOutputStream:77 - [STDOUT_REDIRECT] 1 : Invalid condition id : UX_CORESTACK_Condition cause : null
2024-08-16 23:53:36,535 [WARN] PackLoader:240 - Cannot read IP mode file for STMicroelectronics.X-CUBE-AZRTOS-WL.2.0.0
2024-08-16 23:53:36,548 [WARN] PackLoader:240 - Cannot read IP mode file for STMicroelectronics.FP-SNS-MOTENV1.5.0.0
2024-08-16 23:53:36,557 [WARN] PackLoader:240 - Cannot read IP mode file for wolfSSL.I-CUBE-wolfMQTT.1.19.0
2024-08-16 23:53:36,568 [WARN] PackLoader:240 - Cannot read IP mode file for WES.I-CUBE-Cesium.1.3.0
2024-08-16 23:53:36,580 [WARN] PackLoader:240 - Cannot read IP mode file for STMicroelectronics.X-CUBE-BLE2.3.3.0
2024-08-16 23:53:36,589 [WARN] PackLoader:240 - Cannot read IP mode file for STMicroelectronics.X-CUBE-TCPP.4.1.0
2024-08-16 23:53:36,613 [WARN] PackLoader:240 - Cannot read IP mode file for STMicroelectronics.X-CUBE-AZRTOS-G0.1.1.0
2024-08-16 23:53:36,626 [WARN] PackLoader:240 - Cannot read IP mode file for STMicroelectronics.X-CUBE-SAFEA1.1.2.2
2024-08-16 23:53:36,645 [WARN] PackLoader:240 - Cannot read IP mode file for STMicroelectronics.X-CUBE-NFC4.3.0.0
2024-08-16 23:53:36,666 [WARN] PackLoader:240 - Cannot read IP mode file for EmbeddedOffice.I-CUBE-FS-RTOS.1.0.1
2024-08-16 23:53:36,666 [ERROR] ConditionMgr:805 - Attr not supported : Dmpu
2024-08-16 23:53:36,666 [ERROR] ConditionMgr:805 - Attr not supported : Dmpu
2024-08-16 23:53:36,666 [ERROR] ConditionMgr:805 - Attr not supported : Dmpu
2024-08-16 23:53:36,666 [ERROR] ConditionMgr:805 - Attr not supported : Dmpu
2024-08-16 23:53:36,666 [ERROR] ConditionMgr:805 - Attr not supported : Dmpu
2024-08-16 23:53:36,666 [ERROR] ConditionMgr:805 - Attr not supported : Dmpu
2024-08-16 23:53:36,666 [ERROR] ConditionMgr:805 - Attr not supported : Dmpu
2024-08-16 23:53:36,666 [ERROR] ConditionMgr:805 - Attr not supported : Dmpu
2024-08-16 23:53:36,666 [ERROR] ConditionMgr:805 - Attr not supported : Dmpu
2024-08-16 23:53:36,666 [ERROR] ConditionMgr:805 - Attr not supported : Dmpu
2024-08-16 23:53:36,666 [ERROR] ConditionMgr:805 - Attr not supported : Dmpu
2024-08-16 23:53:36,666 [ERROR] ConditionMgr:805 - Attr not supported : Dmpu
2024-08-16 23:53:36,666 [ERROR] ConditionMgr:805 - Attr not supported : Dmpu
2024-08-16 23:53:36,666 [ERROR] ConditionMgr:805 - Attr not supported : Dmpu
2024-08-16 23:53:36,666 [ERROR] ConditionMgr:805 - Attr not supported : Dmpu
2024-08-16 23:53:36,666 [ERROR] ConditionMgr:805 - Attr not supported : Dmpu
2024-08-16 23:53:36,666 [ERROR] ConditionMgr:805 - Attr not supported : Dmpu
2024-08-16 23:53:36,666 [ERROR] ConditionMgr:805 - Attr not supported : Dmpu
2024-08-16 23:53:36,667 [ERROR] ConditionMgr:805 - Attr not supported : Dmpu
2024-08-16 23:53:36,667 [ERROR] ConditionMgr:805 - Attr not supported : Dmpu
2024-08-16 23:53:36,667 [ERROR] ConditionMgr:805 - Attr not supported : Dmpu
2024-08-16 23:53:36,667 [ERROR] ConditionMgr:805 - Attr not supported : Dmpu
2024-08-16 23:53:36,667 [ERROR] ConditionMgr:805 - Attr not supported : Dmpu
2024-08-16 23:53:36,667 [ERROR] ConditionMgr:805 - Attr not supported : Dmpu
2024-08-16 23:53:36,667 [ERROR] ConditionMgr:805 - Attr not supported : Dmpu
2024-08-16 23:53:36,667 [ERROR] ConditionMgr:805 - Attr not supported : Dmpu
2024-08-16 23:53:36,667 [ERROR] ConditionMgr:805 - Attr not supported : Dmpu
2024-08-16 23:53:36,667 [ERROR] ConditionMgr:805 - Attr not supported : Dmpu
2024-08-16 23:53:36,667 [ERROR] ConditionMgr:805 - Attr not supported : Dmpu
2024-08-16 23:53:36,668 [ERROR] ConditionMgr:805 - Attr not supported : Dmpu
2024-08-16 23:53:36,668 [ERROR] ConditionMgr:805 - Attr not supported : Dmpu
2024-08-16 23:53:36,668 [ERROR] ConditionMgr:805 - Attr not supported : Dmpu
2024-08-16 23:53:36,668 [ERROR] ConditionMgr:805 - Attr not supported : Dmpu
2024-08-16 23:53:36,668 [ERROR] ConditionMgr:805 - Attr not supported : Dmpu
2024-08-16 23:53:36,668 [ERROR] ConditionMgr:805 - Attr not supported : Dmpu
2024-08-16 23:53:36,668 [ERROR] ConditionMgr:805 - Attr not supported : Dmpu
2024-08-16 23:53:36,668 [ERROR] ConditionMgr:805 - Attr not supported : Dmpu
2024-08-16 23:53:36,668 [ERROR] ConditionMgr:805 - Attr not supported : Dmpu
2024-08-16 23:53:36,668 [ERROR] ConditionMgr:805 - Attr not supported : Dmpu
2024-08-16 23:53:36,668 [ERROR] ConditionMgr:805 - Attr not supported : Dmpu
2024-08-16 23:53:36,668 [ERROR] ConditionMgr:805 - Attr not supported : Dmpu
2024-08-16 23:53:36,668 [ERROR] ConditionMgr:805 - Attr not supported : Dmpu
2024-08-16 23:53:36,668 [ERROR] ConditionMgr:805 - Attr not supported : Dmpu
2024-08-16 23:53:36,668 [ERROR] ConditionMgr:805 - Attr not supported : Dmpu
2024-08-16 23:53:36,668 [ERROR] ConditionMgr:805 - Attr not supported : Dmpu
2024-08-16 23:53:36,668 [ERROR] ConditionMgr:805 - Attr not supported : Dmpu
2024-08-16 23:53:36,668 [ERROR] ConditionMgr:805 - Attr not supported : Dmpu
2024-08-16 23:53:36,668 [ERROR] ConditionMgr:805 - Attr not supported : Dmpu
2024-08-16 23:53:36,668 [ERROR] ConditionMgr:805 - Attr not supported : Dmpu
2024-08-16 23:53:36,668 [ERROR] ConditionMgr:805 - Attr not supported : Dmpu
2024-08-16 23:53:36,668 [ERROR] ConditionMgr:805 - Attr not supported : Dmpu
2024-08-16 23:53:36,668 [ERROR] ConditionMgr:805 - Attr not supported : Dmpu
2024-08-16 23:53:36,668 [ERROR] ConditionMgr:805 - Attr not supported : Dmpu
2024-08-16 23:53:36,668 [ERROR] ConditionMgr:805 - Attr not supported : Dmpu
2024-08-16 23:53:36,668 [ERROR] ConditionMgr:805 - Attr not supported : Dmpu
2024-08-16 23:53:36,668 [ERROR] ConditionMgr:805 - Attr not supported : Dmpu
2024-08-16 23:53:36,669 [ERROR] ConditionMgr:805 - Attr not supported : Dmpu
2024-08-16 23:53:36,669 [ERROR] ConditionMgr:805 - Attr not supported : Dmpu
2024-08-16 23:53:36,669 [ERROR] ConditionMgr:805 - Attr not supported : Dmpu
2024-08-16 23:53:36,669 [ERROR] ConditionMgr:805 - Attr not supported : Dmpu
2024-08-16 23:53:36,669 [ERROR] ConditionMgr:805 - Attr not supported : Dmpu
2024-08-16 23:53:36,669 [ERROR] ConditionMgr:805 - Attr not supported : Dmpu
2024-08-16 23:53:36,669 [ERROR] ConditionMgr:805 - Attr not supported : Dmpu
2024-08-16 23:53:36,669 [ERROR] ConditionMgr:805 - Attr not supported : Dmpu
2024-08-16 23:53:36,678 [WARN] PackLoader:240 - Cannot read IP mode file for RealThread.X-CUBE-RT-Thread_Nano.4.1.1
2024-08-16 23:53:36,687 [WARN] PackLoader:240 - Cannot read IP mode file for wolfSSL.I-CUBE-wolfSSL.5.7.0
2024-08-16 23:53:36,696 [WARN] PackLoader:240 - Cannot read IP mode file for STMicroelectronics.FP-ATR-SIGFOX1.3.2.0
2024-08-16 23:53:36,707 [WARN] PackLoader:240 - Cannot read IP mode file for STMicroelectronics.X-CUBE-EEPRMA1.5.1.0
2024-08-16 23:53:36,721 [WARN] PackLoader:240 - Cannot read IP mode file for ITTIA_DB.I-CUBE-ITTIADB.8.9.0
2024-08-16 23:53:36,757 [WARN] PackLoader:240 - Cannot read IP mode file for SEGGER.I-CUBE-embOS.1.3.1
2024-08-16 23:53:36,828 [WARN] PackLoader:240 - Cannot read IP mode file for STMicroelectronics.X-CUBE-ALGOBUILD.1.4.0
2024-08-16 23:53:36,842 [WARN] PackLoader:240 - Cannot read IP mode file for STMicroelectronics.X-CUBE-GNSS1.6.0.0
2024-08-16 23:53:36,866 [WARN] PackLoader:240 - Cannot read IP mode file for STMicroelectronics.X-CUBE-AZRTOS-F4.1.1.0
2024-08-16 23:53:36,881 [WARN] PackLoader:240 - Cannot read IP mode file for STMicroelectronics.X-CUBE-FREERTOS.1.2.0
2024-08-16 23:53:36,905 [WARN] PackLoader:240 - Cannot read IP mode file for STMicroelectronics.X-CUBE-AZRTOS-L5.2.0.0
2024-08-16 23:53:36,920 [WARN] PackLoader:240 - Cannot read IP mode file for STMicroelectronics.X-CUBE-NFC6.3.1.0
2024-08-16 23:53:36,936 [WARN] PackLoader:240 - Cannot read IP mode file for STMicroelectronics.X-CUBE-DPower.1.2.0
2024-08-16 23:53:36,951 [WARN] PackLoader:240 - Cannot read IP mode file for STMicroelectronics.X-CUBE-AI.9.0.0
2024-08-16 23:53:36,964 [WARN] PackLoader:240 - Cannot read IP mode file for STMicroelectronics.X-CUBE-NFC7.1.0.1
2024-08-16 23:53:36,974 [WARN] PackLoader:240 - Cannot read IP mode file for wolfSSL.I-CUBE-wolfTPM.3.2.0
2024-08-16 23:53:37,004 [WARN] ConditionMgr:438 - getConditionDescription Invalid condition id : LAN8742 Phy interface Condition cause : null
2024-08-16 23:53:37,004 [WARN] PackLoader:240 - Cannot read IP mode file for STMicroelectronics.X-CUBE-AZRTOS-L4.2.0.0
2024-08-16 23:53:37,005 [WARN] ConditionMgr:1039 - genDependencies : Invalid condition id : LAN8742 Phy interface Condition cause : null
2024-08-16 23:53:37,005 [WARN] ConditionMgr:1039 - genDependencies : Invalid condition id : LAN8742 Phy interface Condition cause : null
2024-08-16 23:53:37,006 [WARN] ConditionMgr:1039 - genDependencies : Invalid condition id : LAN8742 Phy interface Condition cause : null
2024-08-16 23:53:37,019 [WARN] PackLoader:240 - Cannot read IP mode file for STMicroelectronics.X-CUBE-SFXS2LP1.4.0.0
2024-08-16 23:53:37,049 [WARN] PackLoader:240 - Cannot read IP mode file for STMicroelectronics.X-CUBE-AZRTOS-H7.3.3.0
2024-08-16 23:53:37,068 [WARN] ConditionMgr:438 - getConditionDescription Invalid condition id : UX DEVICE CLASS RTOS Condition cause : null
2024-08-16 23:53:37,068 [WARN] ConditionMgr:438 - getConditionDescription Invalid condition id : UX DEVICE CLASS RTOS Condition cause : null
2024-08-16 23:53:37,069 [WARN] PackLoader:240 - Cannot read IP mode file for STMicroelectronics.X-CUBE-AZRTOS-WB.2.0.0
2024-08-16 23:53:37,069 [WARN] ConditionMgr:1039 - genDependencies : Invalid condition id : UX DEVICE CLASS RTOS Condition cause : null
2024-08-16 23:53:37,069 [WARN] ConditionMgr:1039 - genDependencies : Invalid condition id : UX DEVICE CLASS RTOS Condition cause : null
2024-08-16 23:53:37,069 [WARN] ConditionMgr:1039 - genDependencies : Invalid condition id : UX DEVICE CLASS RTOS Condition cause : null
2024-08-16 23:53:37,069 [WARN] ConditionMgr:1039 - genDependencies : Invalid condition id : UX DEVICE CLASS RTOS Condition cause : null
2024-08-16 23:53:37,069 [WARN] ConditionMgr:1039 - genDependencies : Invalid condition id : UX DEVICE CLASS RTOS Condition cause : null
2024-08-16 23:53:37,082 [WARN] PackLoader:240 - Cannot read IP mode file for STMicroelectronics.FP-SNS-STBOX1.2.0.0
2024-08-16 23:53:37,097 [WARN] PackLoader:240 - Cannot read IP mode file for STMicroelectronics.X-CUBE-SUBG2.5.0.0
2024-08-16 23:53:37,108 [WARN] PackLoader:240 - Cannot read IP mode file for Cesanta.I-CUBE-Mongoose.7.13.0
2024-08-16 23:53:37,126 [WARN] PackLoader:240 - Cannot read IP mode file for STMicroelectronics.X-CUBE-AZRTOS-G4.2.0.0
2024-08-16 23:53:37,137 [WARN] PackLoader:240 - Cannot read IP mode file for STMicroelectronics.X-CUBE-ISPU.2.0.0
2024-08-16 23:53:37,147 [WARN] PackLoader:240 - Cannot read IP mode file for STMicroelectronics.X-CUBE-ALS.1.0.2
2024-08-16 23:53:37,179 [WARN] PackLoader:240 - Cannot read IP mode file for STMicroelectronics.X-CUBE-MEMS1.10.0.0
2024-08-16 23:53:37,229 [WARN] PackLoader:240 - Cannot read IP mode file for STMicroelectronics.X-CUBE-TOUCHGFX.4.24.0
2024-08-16 23:53:37,240 [WARN] PackLoader:240 - Cannot read IP mode file for portGmbH.I-Cube-SoM-uGOAL.1.1.0
2024-08-16 23:53:37,250 [WARN] PackLoader:240 - Cannot read IP mode file for STMicroelectronics.X-CUBE-ALS.1.0.1
2024-08-16 23:53:37,271 [WARN] PackLoader:240 - Cannot read IP mode file for STMicroelectronics.X-CUBE-AZRTOS-H7RS.1.0.0
2024-08-16 23:53:37,287 [WARN] PackLoader:240 - Cannot read IP mode file for STMicroelectronics.FP-ATR-ASTRA1.2.0.0
2024-08-16 23:53:37,304 [WARN] PackLoader:240 - Cannot read IP mode file for STMicroelectronics.X-CUBE-TOF1.3.4.2
2024-08-16 23:53:37,323 [WARN] PackLoader:240 - Cannot read IP mode file for STMicroelectronics.X-CUBE-TOF1.3.4.1
2024-08-16 23:53:37,350 [WARN] PackLoader:240 - Cannot read IP mode file for STMicroelectronics.X-CUBE-AZRTOS-H7.3.2.0
2024-08-16 23:53:37,371 [WARN] PackLoader:240 - Cannot read IP mode file for Infineon.AIROC-Wi-Fi-Bluetooth-STM32.1.6.0
2024-08-16 23:53:37,384 [WARN] PackLoader:240 - Cannot read IP mode file for wolfSSL.I-CUBE-wolfSSH.1.4.17
2024-08-16 23:53:37,385 [INFO] ThirdParty:978 - Integrity check success = true
2024-08-16 23:53:37,385 [INFO] IntegrityCheckThread:100 - exiting critical section [integrity check]
2024-08-16 23:53:37,385 [INFO] IntegrityCheckThread:103 - End integrity checks thread
2024-08-16 23:53:39,736 [INFO] WebApp:161 - Instantiating new browser for Auth
2024-08-16 23:53:40,207 [INFO] WebApp:779 - Register for checkConnection events
2024-08-16 23:53:40,207 [INFO] WebApp:414 - Apply proxy settings
2024-08-16 23:53:40,207 [INFO] WebApp:499 - Chromium requires no authentication
2024-08-16 23:53:40,212 [INFO] WebApp:442 - Direct internet connection detected
2024-08-16 23:53:40,335 [INFO] WebApp:192 - Starting web application
2024-08-16 23:53:40,335 [INFO] WebApp:544 - Web application path used C:\ST\STM32CubeIDE_1.15.1\STM32CubeIDE\plugins\com.st.stm32cube.common.mx_6.11.1.202404110753\db\plugins\mcufinder\reactClient1\index.html
