2024-08-17 00:39:54,767 [INFO] Activator:176 - 


2024-08-17 00:39:54,771 [INFO] Activator:177 - !SESSION log4j initialized
2024-08-17 00:39:58,426 [INFO] LogOutputStream:77 - [STDOUT_REDIRECT] 
2024-08-17 00:40:36,517 [INFO] Activator:176 - 


2024-08-17 00:40:36,517 [INFO] Activator:177 - !SESSION log4j initialized
2024-08-17 00:40:40,047 [INFO] LogOutputStream:77 - [STDOUT_REDIRECT] 
2024-08-17 00:40:45,562 [INFO] ApplicationProperties:184 - Using Application install path: C:\ST\STM32CubeIDE_1.15.1\STM32CubeIDE\plugins\com.st.stm32cube.common.mx_6.11.1.202404110753
2024-08-17 00:40:45,574 [INFO] DbMcusXml:78 - Set database path to: C:\ST\STM32CubeIDE_1.15.1\STM32CubeIDE\plugins\com.st.stm32cube.common.mx_6.11.1.202404110753\\db\/mcu/
2024-08-17 00:40:45,581 [INFO] ApiDb:274 - Set plugin database path to: C:\ST\STM32CubeIDE_1.15.1\STM32CubeIDE\plugins\com.st.stm32cube.common.mx_6.11.1.202404110753\\db\/plugins/boardmanager/
2024-08-17 00:40:45,581 [WARN] ApiDb:259 - Overriding images path with different value:  => C:\ST\STM32CubeIDE_1.15.1\STM32CubeIDE\plugins\com.st.stm32cube.common.mx_6.11.1.202404110753\\db\/plugins/mcufinder/images/
2024-08-17 00:40:45,585 [INFO] ApiDb:250 - Set database path to: C:\Users\lmthu\.stmcufinder\plugins\mcufinder//mcu/
2024-08-17 00:40:45,585 [INFO] DbMcusAds:125 - Set database path to: C:\Users\lmthu\.stmcufinder\plugins\mcufinder//mcu/
2024-08-17 00:40:45,587 [INFO] CrossReferenceDbSqlite:203 - Set database path to: C:\Users\lmthu\.stmcufinder\plugins\mcufinder//mcu/cs/
2024-08-17 00:40:45,661 [INFO] RulesReader:64 - Compatibility file has been processed (297 Rules)
2024-08-17 00:40:45,714 [INFO] DbMcusXml:78 - Set database path to: C:\ST\STM32CubeIDE_1.15.1\STM32CubeIDE\plugins\com.st.stm32cube.common.mx_6.11.1.202404110753\\db\/mcu/
2024-08-17 00:40:45,714 [INFO] ApiDb:274 - Set plugin database path to: C:\ST\STM32CubeIDE_1.15.1\STM32CubeIDE\plugins\com.st.stm32cube.common.mx_6.11.1.202404110753\\db\/plugins/boardmanager/
2024-08-17 00:40:45,714 [INFO] ApiDb:261 - Set plugin images path to: C:\ST\STM32CubeIDE_1.15.1\STM32CubeIDE\plugins\com.st.stm32cube.common.mx_6.11.1.202404110753\\db\/plugins/mcufinder/images/
2024-08-17 00:40:45,714 [WARN] DbFile:41 - Overriding database path with different value: C:\Users\lmthu\.stmcufinder\plugins\mcufinder/ => C:\Users\lmthu\.stmcufinder\plugins\mcufinder
2024-08-17 00:40:45,714 [INFO] ApiDb:250 - Set database path to: C:\Users\lmthu\.stmcufinder\plugins\mcufinder//mcu/
2024-08-17 00:40:45,714 [WARN] DbFile:41 - Overriding database path with different value: C:\Users\lmthu\.stmcufinder\plugins\mcufinder/ => C:\Users\lmthu\.stmcufinder\plugins\mcufinder
2024-08-17 00:40:45,714 [INFO] DbMcusAds:125 - Set database path to: C:\Users\lmthu\.stmcufinder\plugins\mcufinder//mcu/
2024-08-17 00:40:45,714 [WARN] DbFile:41 - Overriding database path with different value: C:\Users\lmthu\.stmcufinder\plugins\mcufinder/ => C:\Users\lmthu\.stmcufinder\plugins\mcufinder
2024-08-17 00:40:45,714 [WARN] DbFile:41 - Overriding database path with different value: C:\Users\lmthu\.stmcufinder\plugins\mcufinder/ => C:\Users\lmthu\.stmcufinder\plugins\mcufinder
2024-08-17 00:40:45,715 [INFO] CrossReferenceDbSqlite:203 - Set database path to: C:\Users\lmthu\.stmcufinder\plugins\mcufinder//mcu/cs/
2024-08-17 00:40:45,765 [INFO] MainPanel:264 - HeapMemory: 268435456
2024-08-17 00:40:45,811 [INFO] DbMcusXml:78 - Set database path to: C:\ST\STM32CubeIDE_1.15.1\STM32CubeIDE\plugins\com.st.stm32cube.common.mx_6.11.1.202404110753\\db\/mcu/
2024-08-17 00:40:45,811 [INFO] ApiDb:274 - Set plugin database path to: C:\ST\STM32CubeIDE_1.15.1\STM32CubeIDE\plugins\com.st.stm32cube.common.mx_6.11.1.202404110753\\db\/plugins/boardmanager/
2024-08-17 00:40:45,811 [INFO] ApiDb:261 - Set plugin images path to: C:\ST\STM32CubeIDE_1.15.1\STM32CubeIDE\plugins\com.st.stm32cube.common.mx_6.11.1.202404110753\\db\/plugins/mcufinder/images/
2024-08-17 00:40:45,811 [WARN] DbFile:41 - Overriding database path with different value: C:\Users\lmthu\.stmcufinder\plugins\mcufinder/ => C:\Users\lmthu\.stmcufinder\plugins\mcufinder
2024-08-17 00:40:45,811 [INFO] ApiDb:250 - Set database path to: C:\Users\lmthu\.stmcufinder\plugins\mcufinder//mcu/
2024-08-17 00:40:45,811 [WARN] DbFile:41 - Overriding database path with different value: C:\Users\lmthu\.stmcufinder\plugins\mcufinder/ => C:\Users\lmthu\.stmcufinder\plugins\mcufinder
2024-08-17 00:40:45,811 [INFO] DbMcusAds:125 - Set database path to: C:\Users\lmthu\.stmcufinder\plugins\mcufinder//mcu/
2024-08-17 00:40:45,811 [WARN] DbFile:41 - Overriding database path with different value: C:\Users\lmthu\.stmcufinder\plugins\mcufinder/ => C:\Users\lmthu\.stmcufinder\plugins\mcufinder
2024-08-17 00:40:45,811 [WARN] DbFile:41 - Overriding database path with different value: C:\Users\lmthu\.stmcufinder\plugins\mcufinder/ => C:\Users\lmthu\.stmcufinder\plugins\mcufinder
2024-08-17 00:40:45,811 [INFO] CrossReferenceDbSqlite:203 - Set database path to: C:\Users\lmthu\.stmcufinder\plugins\mcufinder//mcu/cs/
2024-08-17 00:40:45,821 [INFO] ApplicationProperties:184 - Using Application install path: C:\ST\STM32CubeIDE_1.15.1\STM32CubeIDE\plugins\com.st.stm32cube.common.mx_6.11.1.202404110753
2024-08-17 00:40:45,823 [INFO] PluginManage:196 - Search for loadable plugins [exclusion list=, ]
2024-08-17 00:40:45,824 [INFO] PluginManage:310 - Check plugin analytics
2024-08-17 00:40:50,902 [INFO] AnalyticsPlugin:253 - Accepted Software Licenses: 
2024-08-17 00:40:50,903 [INFO] AnalyticsPlugin:255 - Accepted CMSIS Pack Licenses: 
2024-08-17 00:40:50,903 [INFO] AnalyticsPlugin:257 - Accepted Firmware Licenses: FW.F4.1.28.0
2024-08-17 00:40:50,905 [INFO] PluginManage:359 - Loaded plugin analytics (category:tool,tabindex:-1)
2024-08-17 00:40:50,906 [INFO] PluginManage:310 - Check plugin cadmodel
2024-08-17 00:40:50,908 [INFO] CADModel:105 - Init CAD model plugin
2024-08-17 00:40:50,908 [INFO] PluginManage:359 - Loaded plugin cadmodel (category:power,tabindex:5)
2024-08-17 00:40:50,909 [INFO] PluginManage:310 - Check plugin clock
2024-08-17 00:40:50,914 [INFO] PluginManage:359 - Loaded plugin clock (category:base,tabindex:2)
2024-08-17 00:40:50,914 [INFO] PluginManage:310 - Check plugin ddr
2024-08-17 00:40:50,915 [INFO] PluginManage:359 - Loaded plugin ddr (category:tool,tabindex:6)
2024-08-17 00:40:50,916 [INFO] PluginManage:310 - Check plugin filemanager
2024-08-17 00:40:51,016 [INFO] PluginManage:359 - Loaded plugin filemanager (category:base,tabindex:10)
2024-08-17 00:40:51,017 [INFO] PluginManage:310 - Check plugin ipmanager
2024-08-17 00:40:51,020 [INFO] PluginManage:359 - Loaded plugin ipmanager (category:base,tabindex:5)
2024-08-17 00:40:51,020 [INFO] PluginManage:310 - Check plugin lpbam
2024-08-17 00:40:51,027 [INFO] PluginManage:359 - Loaded plugin lpbam (category:base,tabindex:0)
2024-08-17 00:40:51,027 [INFO] PluginManage:310 - Check plugin memorymap
2024-08-17 00:40:51,037 [INFO] PluginManage:359 - Loaded plugin memorymap (category:base,tabindex:4)
2024-08-17 00:40:51,037 [INFO] PluginManage:310 - Check plugin pinoutandconfiguration
2024-08-17 00:40:51,043 [INFO] PluginManage:359 - Loaded plugin pinoutandconfiguration (category:base,tabindex:1)
2024-08-17 00:40:51,044 [INFO] PluginManage:310 - Check plugin pinoutconfig
2024-08-17 00:40:51,110 [WARN] SupportedApi:132 - Cannot load RTOS API schema: s4s-elt-must-match.1: The content of 'definitions' must match (annotation?, (simpleType | complexType)?, (unique | key | keyref)*)). A problem was found starting at: attribute.
2024-08-17 00:40:51,196 [INFO] PluginManage:359 - Loaded plugin pinoutconfig (category:base,tabindex:0)
2024-08-17 00:40:51,196 [INFO] PluginManage:310 - Check plugin power
2024-08-17 00:40:51,201 [INFO] PluginManage:359 - Loaded plugin power (category:power,tabindex:4)
2024-08-17 00:40:51,201 [INFO] PluginManage:310 - Check plugin projectmanager
2024-08-17 00:40:51,213 [INFO] PluginManage:359 - Loaded plugin projectmanager (category:projectmanager,tabindex:3)
2024-08-17 00:40:51,213 [INFO] PluginManage:310 - Check plugin thirdparty
2024-08-17 00:40:51,322 [INFO] PluginManage:359 - Loaded plugin thirdparty (category:base,tabindex:-1)
2024-08-17 00:40:51,322 [INFO] PluginManage:310 - Check plugin tools
2024-08-17 00:40:51,322 [WARN] IntegrityCheckThread:84 - waiting for thirdparty lock release [integrity check]
2024-08-17 00:40:51,323 [INFO] IntegrityCheckThread:86 - entering critical section [integrity check]
2024-08-17 00:40:51,323 [INFO] ThirdPartyUpdaterWithRetryManager:70 - Updater plugin not ready yet. [1/15]
2024-08-17 00:40:51,324 [INFO] PluginManage:359 - Loaded plugin tools (category:base,tabindex:7)
2024-08-17 00:40:51,324 [INFO] PluginManage:310 - Check plugin tutovideos
2024-08-17 00:40:51,432 [INFO] PluginManage:359 - Loaded plugin tutovideos (category:base,tabindex:-1)
2024-08-17 00:40:51,432 [INFO] PluginManage:310 - Check plugin updater
2024-08-17 00:40:51,440 [INFO] PluginManage:359 - Loaded plugin updater (category:base,tabindex:12)
2024-08-17 00:40:51,440 [INFO] PluginManage:310 - Check plugin userauth
2024-08-17 00:40:51,443 [INFO] UserAuth:114 - Init User Auth plugin
2024-08-17 00:40:51,444 [INFO] PluginManage:359 - Loaded plugin userauth (category:base,tabindex:14)
2024-08-17 00:40:51,444 [INFO] PluginManage:283 - PluginManage : Loaded plugins [17]
2024-08-17 00:40:51,597 [INFO] PinOutPanel:1561 - setPackage(No Configuration,No Configuration)
2024-08-17 00:40:51,646 [INFO] CADModel:165 - CPN selected for project level
2024-08-17 00:40:51,646 [INFO] CADModel:114 - Register for checkConnection events
2024-08-17 00:40:51,656 [INFO] IPUIPlugin:80 - create IPUIPlugin
2024-08-17 00:40:51,656 [INFO] PluginManager:220 - loadIPPluginJar : add adc
2024-08-17 00:40:51,658 [INFO] IPUIPlugin:80 - create IPUIPlugin
2024-08-17 00:40:51,658 [INFO] PluginManager:220 - loadIPPluginJar : add aes
2024-08-17 00:40:51,659 [INFO] IPUIPlugin:80 - create IPUIPlugin
2024-08-17 00:40:51,660 [INFO] PluginManager:220 - loadIPPluginJar : add can
2024-08-17 00:40:51,660 [INFO] IPUIPlugin:80 - create IPUIPlugin
2024-08-17 00:40:51,661 [INFO] PluginManager:220 - loadIPPluginJar : add comp
2024-08-17 00:40:51,662 [INFO] IPUIPlugin:80 - create IPUIPlugin
2024-08-17 00:40:51,662 [INFO] PluginManager:220 - loadIPPluginJar : add cryp
2024-08-17 00:40:51,664 [INFO] IPUIPlugin:80 - create IPUIPlugin
2024-08-17 00:40:51,664 [INFO] PluginManager:220 - loadIPPluginJar : add dfsdm
2024-08-17 00:40:51,667 [INFO] IPUIPlugin:80 - create IPUIPlugin
2024-08-17 00:40:51,667 [INFO] PluginManager:220 - loadIPPluginJar : add dma
2024-08-17 00:40:51,669 [INFO] IPUIPlugin:80 - create IPUIPlugin
2024-08-17 00:40:51,669 [INFO] PluginManager:220 - loadIPPluginJar : add dma3
2024-08-17 00:40:51,670 [INFO] IPUIPlugin:80 - create IPUIPlugin
2024-08-17 00:40:51,670 [INFO] PluginManager:220 - loadIPPluginJar : add extmemmanager
2024-08-17 00:40:51,671 [INFO] IPUIPlugin:80 - create IPUIPlugin
2024-08-17 00:40:51,671 [INFO] PluginManager:220 - loadIPPluginJar : add fatfs
2024-08-17 00:40:51,673 [INFO] IPUIPlugin:80 - create IPUIPlugin
2024-08-17 00:40:51,673 [INFO] PluginManager:220 - loadIPPluginJar : add fmc
2024-08-17 00:40:51,676 [INFO] IPUIPlugin:80 - create IPUIPlugin
2024-08-17 00:40:51,677 [INFO] PluginManager:220 - loadIPPluginJar : add freertos
2024-08-17 00:40:51,678 [INFO] IPUIPlugin:80 - create IPUIPlugin
2024-08-17 00:40:51,678 [INFO] PluginManager:220 - loadIPPluginJar : add genericplugin
2024-08-17 00:40:51,679 [INFO] IPUIPlugin:80 - create IPUIPlugin
2024-08-17 00:40:51,679 [INFO] PluginManager:220 - loadIPPluginJar : add gfxmmu
2024-08-17 00:40:51,682 [INFO] IPUIPlugin:80 - create IPUIPlugin
2024-08-17 00:40:51,682 [INFO] PluginManager:220 - loadIPPluginJar : add gic
2024-08-17 00:40:51,685 [INFO] IPUIPlugin:80 - create IPUIPlugin
2024-08-17 00:40:51,685 [INFO] PluginManager:220 - loadIPPluginJar : add gpio
2024-08-17 00:40:51,687 [INFO] IPUIPlugin:80 - create IPUIPlugin
2024-08-17 00:40:51,687 [INFO] PluginManager:220 - loadIPPluginJar : add gtzc
2024-08-17 00:40:51,688 [INFO] IPUIPlugin:80 - create IPUIPlugin
2024-08-17 00:40:51,688 [INFO] PluginManager:220 - loadIPPluginJar : add hash
2024-08-17 00:40:51,689 [INFO] IPUIPlugin:80 - create IPUIPlugin
2024-08-17 00:40:51,689 [INFO] PluginManager:220 - loadIPPluginJar : add i2c
2024-08-17 00:40:51,690 [INFO] IPUIPlugin:80 - create IPUIPlugin
2024-08-17 00:40:51,691 [INFO] PluginManager:220 - loadIPPluginJar : add i2s
2024-08-17 00:40:51,692 [INFO] IPUIPlugin:80 - create IPUIPlugin
2024-08-17 00:40:51,692 [INFO] PluginManager:220 - loadIPPluginJar : add i3c
2024-08-17 00:40:51,695 [INFO] IPUIPlugin:80 - create IPUIPlugin
2024-08-17 00:40:51,695 [INFO] PluginManager:220 - loadIPPluginJar : add ipddr
2024-08-17 00:40:51,700 [INFO] IPUIPlugin:80 - create IPUIPlugin
2024-08-17 00:40:51,700 [INFO] PluginManager:220 - loadIPPluginJar : add linkedlist
2024-08-17 00:40:51,702 [INFO] IPUIPlugin:80 - create IPUIPlugin
2024-08-17 00:40:51,702 [INFO] PluginManager:220 - loadIPPluginJar : add lorawan
2024-08-17 00:40:51,703 [INFO] IPUIPlugin:80 - create IPUIPlugin
2024-08-17 00:40:51,704 [INFO] PluginManager:220 - loadIPPluginJar : add ltdc
2024-08-17 00:40:51,708 [INFO] IPUIPlugin:80 - create IPUIPlugin
2024-08-17 00:40:51,709 [INFO] PluginManager:220 - loadIPPluginJar : add mdma
2024-08-17 00:40:51,711 [INFO] IPUIPlugin:80 - create IPUIPlugin
2024-08-17 00:40:51,711 [INFO] PluginManager:220 - loadIPPluginJar : add nvic
2024-08-17 00:40:51,712 [INFO] IPUIPlugin:80 - create IPUIPlugin
2024-08-17 00:40:51,712 [INFO] PluginManager:220 - loadIPPluginJar : add opamp
2024-08-17 00:40:51,714 [INFO] IPUIPlugin:80 - create IPUIPlugin
2024-08-17 00:40:51,714 [INFO] PluginManager:220 - loadIPPluginJar : add openamp
2024-08-17 00:40:51,715 [INFO] IPUIPlugin:80 - create IPUIPlugin
2024-08-17 00:40:51,715 [INFO] PluginManager:220 - loadIPPluginJar : add pdm2pcm
2024-08-17 00:40:51,719 [INFO] IPUIPlugin:80 - create IPUIPlugin
2024-08-17 00:40:51,721 [INFO] PluginManager:220 - loadIPPluginJar : add plateformsettings
2024-08-17 00:40:51,722 [INFO] IPUIPlugin:80 - create IPUIPlugin
2024-08-17 00:40:51,722 [INFO] PluginManager:220 - loadIPPluginJar : add quadspi
2024-08-17 00:40:51,723 [INFO] IPUIPlugin:80 - create IPUIPlugin
2024-08-17 00:40:51,723 [INFO] PluginManager:220 - loadIPPluginJar : add resmgrutility
2024-08-17 00:40:51,725 [INFO] IPUIPlugin:80 - create IPUIPlugin
2024-08-17 00:40:51,725 [INFO] PluginManager:220 - loadIPPluginJar : add sai
2024-08-17 00:40:51,726 [INFO] IPUIPlugin:80 - create IPUIPlugin
2024-08-17 00:40:51,726 [INFO] PluginManager:220 - loadIPPluginJar : add spi
2024-08-17 00:40:51,730 [INFO] IPUIPlugin:80 - create IPUIPlugin
2024-08-17 00:40:51,730 [INFO] PluginManager:220 - loadIPPluginJar : add stm32_wpan
2024-08-17 00:40:51,731 [INFO] IPUIPlugin:80 - create IPUIPlugin
2024-08-17 00:40:51,731 [INFO] PluginManager:220 - loadIPPluginJar : add tim
2024-08-17 00:40:51,733 [INFO] IPUIPlugin:80 - create IPUIPlugin
2024-08-17 00:40:51,733 [INFO] PluginManager:220 - loadIPPluginJar : add touchsensing
2024-08-17 00:40:51,734 [INFO] IPUIPlugin:80 - create IPUIPlugin
2024-08-17 00:40:51,734 [INFO] PluginManager:220 - loadIPPluginJar : add tracer_emb
2024-08-17 00:40:51,735 [INFO] IPUIPlugin:80 - create IPUIPlugin
2024-08-17 00:40:51,735 [INFO] PluginManager:220 - loadIPPluginJar : add ts
2024-08-17 00:40:51,736 [INFO] IPUIPlugin:80 - create IPUIPlugin
2024-08-17 00:40:51,736 [INFO] PluginManager:220 - loadIPPluginJar : add tsc
2024-08-17 00:40:51,737 [INFO] IPUIPlugin:80 - create IPUIPlugin
2024-08-17 00:40:51,737 [INFO] PluginManager:220 - loadIPPluginJar : add ucpd
2024-08-17 00:40:51,738 [INFO] IPUIPlugin:80 - create IPUIPlugin
2024-08-17 00:40:51,738 [INFO] PluginManager:220 - loadIPPluginJar : add usart
2024-08-17 00:40:51,740 [INFO] IPUIPlugin:80 - create IPUIPlugin
2024-08-17 00:40:51,740 [INFO] PluginManager:220 - loadIPPluginJar : add usbx
2024-08-17 00:40:51,851 [INFO] CADModel:165 - CPN selected for project level
2024-08-17 00:40:51,851 [INFO] CADModel:114 - Register for checkConnection events
2024-08-17 00:40:51,852 [FATAL] Updater:308 - Updater called before beeing initialized
2024-08-17 00:40:51,852 [ERROR] CADModel:125 - Updater not yet initialized, retry later 
2024-08-17 00:40:51,947 [INFO] CADModel:165 - CPN selected for project level
2024-08-17 00:40:51,947 [INFO] CADModel:114 - Register for checkConnection events
2024-08-17 00:40:51,947 [FATAL] Updater:308 - Updater called before beeing initialized
2024-08-17 00:40:51,947 [ERROR] CADModel:125 - Updater not yet initialized, retry later 
2024-08-17 00:40:51,950 [FATAL] Updater:308 - Updater called before beeing initialized
2024-08-17 00:40:52,039 [FATAL] Updater:308 - Updater called before beeing initialized
2024-08-17 00:40:52,042 [INFO] DbMcusAds:53 - JSON generation date=Thu May 16 16:22:00 ICT 2024 (1715851320667)
2024-08-17 00:40:52,042 [FATAL] Updater:308 - Updater called before beeing initialized
2024-08-17 00:40:52,064 [WARN] DetailPanel:346 - Failed to get advertising image, set to default
2024-08-17 00:40:52,133 [FATAL] Updater:308 - Updater called before beeing initialized
2024-08-17 00:40:52,135 [FATAL] Updater:308 - Updater called before beeing initialized
2024-08-17 00:40:52,135 [FATAL] Updater:308 - Updater called before beeing initialized
2024-08-17 00:40:52,135 [WARN] DetailPanel:346 - Failed to get advertising image, set to default
2024-08-17 00:40:52,135 [FATAL] Updater:308 - Updater called before beeing initialized
2024-08-17 00:40:52,163 [ERROR] Updater:1120 - MainUpdater not yet initialized. External WinMGr cannot be set.
2024-08-17 00:40:52,166 [INFO] Updater:1056 - Updater Version found : 6.11.1
2024-08-17 00:40:52,182 [INFO] ApplicationProperties:184 - Using Application install path: C:\ST\STM32CubeIDE_1.15.1\STM32CubeIDE\plugins\com.st.stm32cube.common.mx_6.11.1.202404110753
2024-08-17 00:40:53,764 [ERROR] LogOutputStream:75 - [STDERR_REDIRECT] Aug 17, 2024 12:40:53 AM java.util.prefs.WindowsPreferences <init>
2024-08-17 00:40:53,765 [ERROR] LogOutputStream:75 - [STDERR_REDIRECT] WARNING: Could not open/create prefs root node Software\JavaSoft\Prefs at root 0xffffffff80000002. Windows RegCreateKeyEx(...) returned error code 5.
2024-08-17 00:40:53,765 [ERROR] LogOutputStream:75 - [STDERR_REDIRECT] 
2024-08-17 00:40:53,946 [INFO] MainUpdater:2873 - connection check result : 10
2024-08-17 00:40:53,947 [INFO] MainUpdater:290 - Updater Check For Update Now.
2024-08-17 00:40:53,947 [INFO] MicroXplorer:498 - Change Database Version : DB.6.0.111
2024-08-17 00:40:53,951 [INFO] McuFinderGlobals:63 - Set McuFinder mode to 2 (CubeIDE integrated)
2024-08-17 00:40:53,962 [INFO] UserAuth:415 - Internet connection configuration mode: 1
2024-08-17 00:40:53,993 [INFO] JxBrowserEngine:152 - Initiate JxBrowser Engine with user profile folder
2024-08-17 00:40:54,114 [INFO] CheckServerUpdateThread:120 - End of CheckServer Thread
2024-08-17 00:40:54,453 [WARN] PackLoader:240 - Cannot read IP mode file for STMicroelectronics.FP-SNS-MOTENVWB1.1.4.0
2024-08-17 00:40:54,464 [WARN] PackLoader:240 - Cannot read IP mode file for STMicroelectronics.X-CUBE-SMBUS.2.1.0
2024-08-17 00:40:54,467 [WARN] PackLoader:240 - Cannot read IP mode file for STMicroelectronics.X-CUBE-TOUCHGFX.4.23.2
2024-08-17 00:40:54,486 [WARN] PackLoader:240 - Cannot read IP mode file for STMicroelectronics.X-CUBE-AZRTOS-F7.1.1.0
2024-08-17 00:40:54,493 [WARN] PackLoader:240 - Cannot read IP mode file for STMicroelectronics.FP-SNS-FLIGHT1.5.0.2
2024-08-17 00:40:54,500 [WARN] PackLoader:240 - Cannot read IP mode file for STMicroelectronics.X-CUBE-DISPLAY.3.0.0
2024-08-17 00:40:54,515 [WARN] PackLoader:240 - Cannot read IP mode file for STMicroelectronics.X-CUBE-BLE1.7.0.0
2024-08-17 00:40:54,519 [WARN] PackLoader:240 - Cannot read IP mode file for emotas.I-CUBE-CANOPEN.1.3.0
2024-08-17 00:40:54,527 [WARN] PackLoader:240 - Cannot read IP mode file for STMicroelectronics.X-CUBE-BLEMGR.3.1.0
2024-08-17 00:40:54,533 [WARN] PackLoader:240 - Cannot read IP mode file for STMicroelectronics.FP-SNS-SMARTAG2.1.2.0
2024-08-17 00:40:54,544 [INFO] LogOutputStream:77 - [STDOUT_REDIRECT] 1 : Invalid condition id : UX_CORESTACK_Condition cause : null
2024-08-17 00:40:54,545 [INFO] LogOutputStream:77 - [STDOUT_REDIRECT] 1 : Invalid condition id : UX_CORESTACK_Condition cause : null
2024-08-17 00:40:54,546 [INFO] LogOutputStream:77 - [STDOUT_REDIRECT] 1 : Invalid condition id : UX_CORESTACK_Condition cause : null
2024-08-17 00:40:54,547 [INFO] LogOutputStream:77 - [STDOUT_REDIRECT] 1 : Invalid condition id : UX_CORESTACK_Condition cause : null
2024-08-17 00:40:54,548 [INFO] LogOutputStream:77 - [STDOUT_REDIRECT] 1 : Invalid condition id : UX_CORESTACK_Condition cause : null
2024-08-17 00:40:54,550 [WARN] PackLoader:240 - Cannot read IP mode file for STMicroelectronics.X-CUBE-AZRTOS-WL.2.0.0
2024-08-17 00:40:54,553 [WARN] PackLoader:240 - Cannot read IP mode file for STMicroelectronics.FP-SNS-MOTENV1.5.0.0
2024-08-17 00:40:54,557 [WARN] PackLoader:240 - Cannot read IP mode file for wolfSSL.I-CUBE-wolfMQTT.1.19.0
2024-08-17 00:40:54,565 [WARN] PackLoader:240 - Cannot read IP mode file for WES.I-CUBE-Cesium.1.3.0
2024-08-17 00:40:54,568 [WARN] PackLoader:240 - Cannot read IP mode file for STMicroelectronics.X-CUBE-BLE2.3.3.0
2024-08-17 00:40:54,571 [WARN] PackLoader:240 - Cannot read IP mode file for STMicroelectronics.X-CUBE-TCPP.4.1.0
2024-08-17 00:40:54,580 [WARN] PackLoader:240 - Cannot read IP mode file for STMicroelectronics.X-CUBE-AZRTOS-G0.1.1.0
2024-08-17 00:40:54,584 [WARN] PackLoader:240 - Cannot read IP mode file for STMicroelectronics.X-CUBE-SAFEA1.1.2.2
2024-08-17 00:40:54,588 [WARN] PackLoader:240 - Cannot read IP mode file for STMicroelectronics.X-CUBE-NFC4.3.0.0
2024-08-17 00:40:54,596 [WARN] PackLoader:240 - Cannot read IP mode file for EmbeddedOffice.I-CUBE-FS-RTOS.1.0.1
2024-08-17 00:40:54,596 [ERROR] ConditionMgr:805 - Attr not supported : Dmpu
2024-08-17 00:40:54,596 [ERROR] ConditionMgr:805 - Attr not supported : Dmpu
2024-08-17 00:40:54,596 [ERROR] ConditionMgr:805 - Attr not supported : Dmpu
2024-08-17 00:40:54,596 [ERROR] ConditionMgr:805 - Attr not supported : Dmpu
2024-08-17 00:40:54,596 [ERROR] ConditionMgr:805 - Attr not supported : Dmpu
2024-08-17 00:40:54,596 [ERROR] ConditionMgr:805 - Attr not supported : Dmpu
2024-08-17 00:40:54,596 [ERROR] ConditionMgr:805 - Attr not supported : Dmpu
2024-08-17 00:40:54,596 [ERROR] ConditionMgr:805 - Attr not supported : Dmpu
2024-08-17 00:40:54,596 [ERROR] ConditionMgr:805 - Attr not supported : Dmpu
2024-08-17 00:40:54,596 [ERROR] ConditionMgr:805 - Attr not supported : Dmpu
2024-08-17 00:40:54,596 [ERROR] ConditionMgr:805 - Attr not supported : Dmpu
2024-08-17 00:40:54,596 [ERROR] ConditionMgr:805 - Attr not supported : Dmpu
2024-08-17 00:40:54,596 [ERROR] ConditionMgr:805 - Attr not supported : Dmpu
2024-08-17 00:40:54,596 [ERROR] ConditionMgr:805 - Attr not supported : Dmpu
2024-08-17 00:40:54,596 [ERROR] ConditionMgr:805 - Attr not supported : Dmpu
2024-08-17 00:40:54,596 [ERROR] ConditionMgr:805 - Attr not supported : Dmpu
2024-08-17 00:40:54,596 [ERROR] ConditionMgr:805 - Attr not supported : Dmpu
2024-08-17 00:40:54,596 [ERROR] ConditionMgr:805 - Attr not supported : Dmpu
2024-08-17 00:40:54,596 [ERROR] ConditionMgr:805 - Attr not supported : Dmpu
2024-08-17 00:40:54,596 [ERROR] ConditionMgr:805 - Attr not supported : Dmpu
2024-08-17 00:40:54,596 [ERROR] ConditionMgr:805 - Attr not supported : Dmpu
2024-08-17 00:40:54,596 [ERROR] ConditionMgr:805 - Attr not supported : Dmpu
2024-08-17 00:40:54,596 [ERROR] ConditionMgr:805 - Attr not supported : Dmpu
2024-08-17 00:40:54,596 [ERROR] ConditionMgr:805 - Attr not supported : Dmpu
2024-08-17 00:40:54,596 [ERROR] ConditionMgr:805 - Attr not supported : Dmpu
2024-08-17 00:40:54,596 [ERROR] ConditionMgr:805 - Attr not supported : Dmpu
2024-08-17 00:40:54,596 [ERROR] ConditionMgr:805 - Attr not supported : Dmpu
2024-08-17 00:40:54,596 [ERROR] ConditionMgr:805 - Attr not supported : Dmpu
2024-08-17 00:40:54,596 [ERROR] ConditionMgr:805 - Attr not supported : Dmpu
2024-08-17 00:40:54,597 [ERROR] ConditionMgr:805 - Attr not supported : Dmpu
2024-08-17 00:40:54,597 [ERROR] ConditionMgr:805 - Attr not supported : Dmpu
2024-08-17 00:40:54,597 [ERROR] ConditionMgr:805 - Attr not supported : Dmpu
2024-08-17 00:40:54,597 [ERROR] ConditionMgr:805 - Attr not supported : Dmpu
2024-08-17 00:40:54,597 [ERROR] ConditionMgr:805 - Attr not supported : Dmpu
2024-08-17 00:40:54,597 [ERROR] ConditionMgr:805 - Attr not supported : Dmpu
2024-08-17 00:40:54,597 [ERROR] ConditionMgr:805 - Attr not supported : Dmpu
2024-08-17 00:40:54,597 [ERROR] ConditionMgr:805 - Attr not supported : Dmpu
2024-08-17 00:40:54,597 [ERROR] ConditionMgr:805 - Attr not supported : Dmpu
2024-08-17 00:40:54,597 [ERROR] ConditionMgr:805 - Attr not supported : Dmpu
2024-08-17 00:40:54,597 [ERROR] ConditionMgr:805 - Attr not supported : Dmpu
2024-08-17 00:40:54,597 [ERROR] ConditionMgr:805 - Attr not supported : Dmpu
2024-08-17 00:40:54,597 [ERROR] ConditionMgr:805 - Attr not supported : Dmpu
2024-08-17 00:40:54,597 [ERROR] ConditionMgr:805 - Attr not supported : Dmpu
2024-08-17 00:40:54,597 [ERROR] ConditionMgr:805 - Attr not supported : Dmpu
2024-08-17 00:40:54,597 [ERROR] ConditionMgr:805 - Attr not supported : Dmpu
2024-08-17 00:40:54,597 [ERROR] ConditionMgr:805 - Attr not supported : Dmpu
2024-08-17 00:40:54,597 [ERROR] ConditionMgr:805 - Attr not supported : Dmpu
2024-08-17 00:40:54,597 [ERROR] ConditionMgr:805 - Attr not supported : Dmpu
2024-08-17 00:40:54,597 [ERROR] ConditionMgr:805 - Attr not supported : Dmpu
2024-08-17 00:40:54,597 [ERROR] ConditionMgr:805 - Attr not supported : Dmpu
2024-08-17 00:40:54,597 [ERROR] ConditionMgr:805 - Attr not supported : Dmpu
2024-08-17 00:40:54,597 [ERROR] ConditionMgr:805 - Attr not supported : Dmpu
2024-08-17 00:40:54,597 [ERROR] ConditionMgr:805 - Attr not supported : Dmpu
2024-08-17 00:40:54,597 [ERROR] ConditionMgr:805 - Attr not supported : Dmpu
2024-08-17 00:40:54,597 [ERROR] ConditionMgr:805 - Attr not supported : Dmpu
2024-08-17 00:40:54,597 [ERROR] ConditionMgr:805 - Attr not supported : Dmpu
2024-08-17 00:40:54,597 [ERROR] ConditionMgr:805 - Attr not supported : Dmpu
2024-08-17 00:40:54,597 [ERROR] ConditionMgr:805 - Attr not supported : Dmpu
2024-08-17 00:40:54,597 [ERROR] ConditionMgr:805 - Attr not supported : Dmpu
2024-08-17 00:40:54,597 [ERROR] ConditionMgr:805 - Attr not supported : Dmpu
2024-08-17 00:40:54,597 [ERROR] ConditionMgr:805 - Attr not supported : Dmpu
2024-08-17 00:40:54,597 [ERROR] ConditionMgr:805 - Attr not supported : Dmpu
2024-08-17 00:40:54,597 [ERROR] ConditionMgr:805 - Attr not supported : Dmpu
2024-08-17 00:40:54,598 [ERROR] ConditionMgr:805 - Attr not supported : Dmpu
2024-08-17 00:40:54,600 [WARN] PackLoader:240 - Cannot read IP mode file for RealThread.X-CUBE-RT-Thread_Nano.4.1.1
2024-08-17 00:40:54,603 [WARN] PackLoader:240 - Cannot read IP mode file for wolfSSL.I-CUBE-wolfSSL.5.7.0
2024-08-17 00:40:54,605 [WARN] PackLoader:240 - Cannot read IP mode file for STMicroelectronics.FP-ATR-SIGFOX1.3.2.0
2024-08-17 00:40:54,608 [WARN] PackLoader:240 - Cannot read IP mode file for STMicroelectronics.X-CUBE-EEPRMA1.5.1.0
2024-08-17 00:40:54,619 [WARN] PackLoader:240 - Cannot read IP mode file for ITTIA_DB.I-CUBE-ITTIADB.8.9.0
2024-08-17 00:40:54,635 [WARN] PackLoader:240 - Cannot read IP mode file for SEGGER.I-CUBE-embOS.1.3.1
2024-08-17 00:40:54,661 [WARN] PackLoader:240 - Cannot read IP mode file for STMicroelectronics.X-CUBE-ALGOBUILD.1.4.0
2024-08-17 00:40:54,668 [WARN] PackLoader:240 - Cannot read IP mode file for STMicroelectronics.X-CUBE-GNSS1.6.0.0
2024-08-17 00:40:54,683 [WARN] PackLoader:240 - Cannot read IP mode file for STMicroelectronics.X-CUBE-AZRTOS-F4.1.1.0
2024-08-17 00:40:54,689 [WARN] PackLoader:240 - Cannot read IP mode file for STMicroelectronics.X-CUBE-FREERTOS.1.2.0
2024-08-17 00:40:54,698 [WARN] PackLoader:240 - Cannot read IP mode file for STMicroelectronics.X-CUBE-AZRTOS-L5.2.0.0
2024-08-17 00:40:54,704 [WARN] PackLoader:240 - Cannot read IP mode file for STMicroelectronics.X-CUBE-NFC6.3.1.0
2024-08-17 00:40:54,707 [WARN] PackLoader:240 - Cannot read IP mode file for STMicroelectronics.X-CUBE-DPower.1.2.0
2024-08-17 00:40:54,710 [WARN] PackLoader:240 - Cannot read IP mode file for STMicroelectronics.X-CUBE-AI.9.0.0
2024-08-17 00:40:54,713 [WARN] PackLoader:240 - Cannot read IP mode file for STMicroelectronics.X-CUBE-NFC7.1.0.1
2024-08-17 00:40:54,716 [WARN] PackLoader:240 - Cannot read IP mode file for wolfSSL.I-CUBE-wolfTPM.3.2.0
2024-08-17 00:40:54,724 [WARN] ConditionMgr:438 - getConditionDescription Invalid condition id : LAN8742 Phy interface Condition cause : null
2024-08-17 00:40:54,724 [WARN] PackLoader:240 - Cannot read IP mode file for STMicroelectronics.X-CUBE-AZRTOS-L4.2.0.0
2024-08-17 00:40:54,725 [WARN] ConditionMgr:1039 - genDependencies : Invalid condition id : LAN8742 Phy interface Condition cause : null
2024-08-17 00:40:54,725 [WARN] ConditionMgr:1039 - genDependencies : Invalid condition id : LAN8742 Phy interface Condition cause : null
2024-08-17 00:40:54,725 [WARN] ConditionMgr:1039 - genDependencies : Invalid condition id : LAN8742 Phy interface Condition cause : null
2024-08-17 00:40:54,729 [WARN] PackLoader:240 - Cannot read IP mode file for STMicroelectronics.X-CUBE-SFXS2LP1.4.0.0
2024-08-17 00:40:54,739 [WARN] PackLoader:240 - Cannot read IP mode file for STMicroelectronics.X-CUBE-AZRTOS-H7.3.3.0
2024-08-17 00:40:54,746 [WARN] ConditionMgr:438 - getConditionDescription Invalid condition id : UX DEVICE CLASS RTOS Condition cause : null
2024-08-17 00:40:54,746 [WARN] ConditionMgr:438 - getConditionDescription Invalid condition id : UX DEVICE CLASS RTOS Condition cause : null
2024-08-17 00:40:54,747 [WARN] PackLoader:240 - Cannot read IP mode file for STMicroelectronics.X-CUBE-AZRTOS-WB.2.0.0
2024-08-17 00:40:54,748 [WARN] ConditionMgr:1039 - genDependencies : Invalid condition id : UX DEVICE CLASS RTOS Condition cause : null
2024-08-17 00:40:54,748 [WARN] ConditionMgr:1039 - genDependencies : Invalid condition id : UX DEVICE CLASS RTOS Condition cause : null
2024-08-17 00:40:54,748 [WARN] ConditionMgr:1039 - genDependencies : Invalid condition id : UX DEVICE CLASS RTOS Condition cause : null
2024-08-17 00:40:54,748 [WARN] ConditionMgr:1039 - genDependencies : Invalid condition id : UX DEVICE CLASS RTOS Condition cause : null
2024-08-17 00:40:54,748 [WARN] ConditionMgr:1039 - genDependencies : Invalid condition id : UX DEVICE CLASS RTOS Condition cause : null
2024-08-17 00:40:54,751 [WARN] PackLoader:240 - Cannot read IP mode file for STMicroelectronics.FP-SNS-STBOX1.2.0.0
2024-08-17 00:40:54,763 [WARN] PackLoader:240 - Cannot read IP mode file for STMicroelectronics.X-CUBE-SUBG2.5.0.0
2024-08-17 00:40:54,768 [WARN] PackLoader:240 - Cannot read IP mode file for Cesanta.I-CUBE-Mongoose.7.13.0
2024-08-17 00:40:54,775 [WARN] PackLoader:240 - Cannot read IP mode file for STMicroelectronics.X-CUBE-AZRTOS-G4.2.0.0
2024-08-17 00:40:54,779 [WARN] PackLoader:240 - Cannot read IP mode file for STMicroelectronics.X-CUBE-ISPU.2.0.0
2024-08-17 00:40:54,784 [WARN] PackLoader:240 - Cannot read IP mode file for STMicroelectronics.X-CUBE-ALS.1.0.2
2024-08-17 00:40:54,789 [INFO] WebApp:161 - Instantiating new browser for Auth
2024-08-17 00:40:54,801 [WARN] PackLoader:240 - Cannot read IP mode file for STMicroelectronics.X-CUBE-MEMS1.10.0.0
2024-08-17 00:40:54,867 [WARN] PackLoader:240 - Cannot read IP mode file for STMicroelectronics.X-CUBE-TOUCHGFX.4.24.0
2024-08-17 00:40:54,870 [WARN] PackLoader:240 - Cannot read IP mode file for portGmbH.I-Cube-SoM-uGOAL.1.1.0
2024-08-17 00:40:54,872 [WARN] PackLoader:240 - Cannot read IP mode file for STMicroelectronics.X-CUBE-ALS.1.0.1
2024-08-17 00:40:54,880 [WARN] PackLoader:240 - Cannot read IP mode file for STMicroelectronics.X-CUBE-AZRTOS-H7RS.1.0.0
2024-08-17 00:40:54,883 [WARN] PackLoader:240 - Cannot read IP mode file for STMicroelectronics.FP-ATR-ASTRA1.2.0.0
2024-08-17 00:40:54,891 [WARN] PackLoader:240 - Cannot read IP mode file for STMicroelectronics.X-CUBE-TOF1.3.4.2
2024-08-17 00:40:54,902 [WARN] PackLoader:240 - Cannot read IP mode file for STMicroelectronics.X-CUBE-TOF1.3.4.1
2024-08-17 00:40:54,918 [WARN] PackLoader:240 - Cannot read IP mode file for STMicroelectronics.X-CUBE-AZRTOS-H7.3.2.0
2024-08-17 00:40:54,929 [WARN] PackLoader:240 - Cannot read IP mode file for Infineon.AIROC-Wi-Fi-Bluetooth-STM32.1.6.0
2024-08-17 00:40:54,934 [WARN] PackLoader:240 - Cannot read IP mode file for wolfSSL.I-CUBE-wolfSSH.1.4.17
2024-08-17 00:40:54,935 [INFO] ThirdParty:978 - Integrity check success = true
2024-08-17 00:40:54,935 [INFO] IntegrityCheckThread:100 - exiting critical section [integrity check]
2024-08-17 00:40:54,935 [INFO] IntegrityCheckThread:103 - End integrity checks thread
2024-08-17 00:40:55,723 [INFO] WebApp:779 - Register for checkConnection events
2024-08-17 00:40:55,724 [INFO] WebApp:414 - Apply proxy settings
2024-08-17 00:40:55,724 [INFO] WebApp:499 - Chromium requires no authentication
2024-08-17 00:40:55,728 [INFO] WebApp:442 - Direct internet connection detected
2024-08-17 00:40:55,827 [INFO] WebApp:192 - Starting web application
2024-08-17 00:40:55,827 [INFO] WebApp:544 - Web application path used C:\ST\STM32CubeIDE_1.15.1\STM32CubeIDE\plugins\com.st.stm32cube.common.mx_6.11.1.202404110753\db\plugins\mcufinder\reactClient1\index.html
2024-08-17 14:31:17,024 [ERROR] LogOutputStream:75 - [STDERR_REDIRECT] 
2024-08-17 14:31:17,024 [ERROR] LogOutputStream:75 - [STDERR_REDIRECT] 
