2024-10-08 00:36:45,240 [INFO] Activator:176 - 


2024-10-08 00:36:45,244 [INFO] Activator:177 - !SESSION log4j initialized
2024-10-08 00:36:50,386 [INFO] LogOutputStream:77 - [STDOUT_REDIRECT] 
2024-10-08 00:36:56,551 [INFO] ApplicationProperties:184 - Using Application install path: C:\ST\STM32CubeIDE_1.15.1\STM32CubeIDE\plugins\com.st.stm32cube.common.mx_6.11.1.202404110753
2024-10-08 00:36:56,566 [INFO] DbMcusXml:78 - Set database path to: C:\ST\STM32CubeIDE_1.15.1\STM32CubeIDE\plugins\com.st.stm32cube.common.mx_6.11.1.202404110753\\db\/mcu/
2024-10-08 00:36:56,566 [INFO] ApiDb:274 - Set plugin database path to: C:\ST\STM32CubeIDE_1.15.1\STM32CubeIDE\plugins\com.st.stm32cube.common.mx_6.11.1.202404110753\\db\/plugins/boardmanager/
2024-10-08 00:36:56,567 [WARN] ApiDb:259 - Overriding images path with different value:  => C:\ST\STM32CubeIDE_1.15.1\STM32CubeIDE\plugins\com.st.stm32cube.common.mx_6.11.1.202404110753\\db\/plugins/mcufinder/images/
2024-10-08 00:36:56,581 [INFO] ApiDb:250 - Set database path to: C:\Users\lmthu\.stmcufinder\plugins\mcufinder//mcu/
2024-10-08 00:36:56,582 [INFO] DbMcusAds:125 - Set database path to: C:\Users\lmthu\.stmcufinder\plugins\mcufinder//mcu/
2024-10-08 00:36:56,583 [INFO] CrossReferenceDbSqlite:203 - Set database path to: C:\Users\lmthu\.stmcufinder\plugins\mcufinder//mcu/cs/
2024-10-08 00:36:56,719 [INFO] RulesReader:64 - Compatibility file has been processed (297 Rules)
2024-10-08 00:36:56,796 [INFO] DbMcusXml:78 - Set database path to: C:\ST\STM32CubeIDE_1.15.1\STM32CubeIDE\plugins\com.st.stm32cube.common.mx_6.11.1.202404110753\\db\/mcu/
2024-10-08 00:36:56,796 [INFO] ApiDb:274 - Set plugin database path to: C:\ST\STM32CubeIDE_1.15.1\STM32CubeIDE\plugins\com.st.stm32cube.common.mx_6.11.1.202404110753\\db\/plugins/boardmanager/
2024-10-08 00:36:56,796 [INFO] ApiDb:261 - Set plugin images path to: C:\ST\STM32CubeIDE_1.15.1\STM32CubeIDE\plugins\com.st.stm32cube.common.mx_6.11.1.202404110753\\db\/plugins/mcufinder/images/
2024-10-08 00:36:56,796 [WARN] DbFile:41 - Overriding database path with different value: C:\Users\lmthu\.stmcufinder\plugins\mcufinder/ => C:\Users\lmthu\.stmcufinder\plugins\mcufinder
2024-10-08 00:36:56,797 [INFO] ApiDb:250 - Set database path to: C:\Users\lmthu\.stmcufinder\plugins\mcufinder//mcu/
2024-10-08 00:36:56,797 [WARN] DbFile:41 - Overriding database path with different value: C:\Users\lmthu\.stmcufinder\plugins\mcufinder/ => C:\Users\lmthu\.stmcufinder\plugins\mcufinder
2024-10-08 00:36:56,797 [INFO] DbMcusAds:125 - Set database path to: C:\Users\lmthu\.stmcufinder\plugins\mcufinder//mcu/
2024-10-08 00:36:56,797 [WARN] DbFile:41 - Overriding database path with different value: C:\Users\lmthu\.stmcufinder\plugins\mcufinder/ => C:\Users\lmthu\.stmcufinder\plugins\mcufinder
2024-10-08 00:36:56,797 [WARN] DbFile:41 - Overriding database path with different value: C:\Users\lmthu\.stmcufinder\plugins\mcufinder/ => C:\Users\lmthu\.stmcufinder\plugins\mcufinder
2024-10-08 00:36:56,797 [INFO] CrossReferenceDbSqlite:203 - Set database path to: C:\Users\lmthu\.stmcufinder\plugins\mcufinder//mcu/cs/
2024-10-08 00:36:56,862 [INFO] MainPanel:264 - HeapMemory: 268435456
2024-10-08 00:36:56,931 [INFO] DbMcusXml:78 - Set database path to: C:\ST\STM32CubeIDE_1.15.1\STM32CubeIDE\plugins\com.st.stm32cube.common.mx_6.11.1.202404110753\\db\/mcu/
2024-10-08 00:36:56,931 [INFO] ApiDb:274 - Set plugin database path to: C:\ST\STM32CubeIDE_1.15.1\STM32CubeIDE\plugins\com.st.stm32cube.common.mx_6.11.1.202404110753\\db\/plugins/boardmanager/
2024-10-08 00:36:56,931 [INFO] ApiDb:261 - Set plugin images path to: C:\ST\STM32CubeIDE_1.15.1\STM32CubeIDE\plugins\com.st.stm32cube.common.mx_6.11.1.202404110753\\db\/plugins/mcufinder/images/
2024-10-08 00:36:56,931 [WARN] DbFile:41 - Overriding database path with different value: C:\Users\lmthu\.stmcufinder\plugins\mcufinder/ => C:\Users\lmthu\.stmcufinder\plugins\mcufinder
2024-10-08 00:36:56,931 [INFO] ApiDb:250 - Set database path to: C:\Users\lmthu\.stmcufinder\plugins\mcufinder//mcu/
2024-10-08 00:36:56,932 [WARN] DbFile:41 - Overriding database path with different value: C:\Users\lmthu\.stmcufinder\plugins\mcufinder/ => C:\Users\lmthu\.stmcufinder\plugins\mcufinder
2024-10-08 00:36:56,932 [INFO] DbMcusAds:125 - Set database path to: C:\Users\lmthu\.stmcufinder\plugins\mcufinder//mcu/
2024-10-08 00:36:56,932 [WARN] DbFile:41 - Overriding database path with different value: C:\Users\lmthu\.stmcufinder\plugins\mcufinder/ => C:\Users\lmthu\.stmcufinder\plugins\mcufinder
2024-10-08 00:36:56,932 [WARN] DbFile:41 - Overriding database path with different value: C:\Users\lmthu\.stmcufinder\plugins\mcufinder/ => C:\Users\lmthu\.stmcufinder\plugins\mcufinder
2024-10-08 00:36:56,932 [INFO] CrossReferenceDbSqlite:203 - Set database path to: C:\Users\lmthu\.stmcufinder\plugins\mcufinder//mcu/cs/
2024-10-08 00:36:56,947 [INFO] ApplicationProperties:184 - Using Application install path: C:\ST\STM32CubeIDE_1.15.1\STM32CubeIDE\plugins\com.st.stm32cube.common.mx_6.11.1.202404110753
2024-10-08 00:36:56,949 [INFO] PluginManage:196 - Search for loadable plugins [exclusion list=, ]
2024-10-08 00:36:56,950 [INFO] PluginManage:310 - Check plugin analytics
2024-10-08 00:36:59,619 [ERROR] ConfigurationRetriever:142 - IOException on connection: Read timed out
2024-10-08 00:37:03,133 [INFO] AnalyticsPlugin:253 - Accepted Software Licenses: STM32CubeMX.6.11.1
2024-10-08 00:37:03,133 [INFO] AnalyticsPlugin:255 - Accepted CMSIS Pack Licenses: 
2024-10-08 00:37:03,134 [INFO] AnalyticsPlugin:257 - Accepted Firmware Licenses: FW.F4.1.28.0
2024-10-08 00:37:03,135 [INFO] PluginManage:359 - Loaded plugin analytics (category:tool,tabindex:-1)
2024-10-08 00:37:03,136 [INFO] PluginManage:310 - Check plugin cadmodel
2024-10-08 00:37:03,151 [INFO] CADModel:105 - Init CAD model plugin
2024-10-08 00:37:03,151 [INFO] PluginManage:359 - Loaded plugin cadmodel (category:power,tabindex:5)
2024-10-08 00:37:03,151 [INFO] PluginManage:310 - Check plugin clock
2024-10-08 00:37:03,169 [INFO] PluginManage:359 - Loaded plugin clock (category:base,tabindex:2)
2024-10-08 00:37:03,169 [INFO] PluginManage:310 - Check plugin ddr
2024-10-08 00:37:03,170 [INFO] PluginManage:359 - Loaded plugin ddr (category:tool,tabindex:6)
2024-10-08 00:37:03,170 [INFO] PluginManage:310 - Check plugin filemanager
2024-10-08 00:37:03,271 [INFO] PluginManage:359 - Loaded plugin filemanager (category:base,tabindex:10)
2024-10-08 00:37:03,271 [INFO] PluginManage:310 - Check plugin ipmanager
2024-10-08 00:37:03,277 [INFO] PluginManage:359 - Loaded plugin ipmanager (category:base,tabindex:5)
2024-10-08 00:37:03,277 [INFO] PluginManage:310 - Check plugin lpbam
2024-10-08 00:37:03,295 [INFO] PluginManage:359 - Loaded plugin lpbam (category:base,tabindex:0)
2024-10-08 00:37:03,295 [INFO] PluginManage:310 - Check plugin memorymap
2024-10-08 00:37:03,316 [INFO] PluginManage:359 - Loaded plugin memorymap (category:base,tabindex:4)
2024-10-08 00:37:03,316 [INFO] PluginManage:310 - Check plugin pinoutandconfiguration
2024-10-08 00:37:03,332 [INFO] PluginManage:359 - Loaded plugin pinoutandconfiguration (category:base,tabindex:1)
2024-10-08 00:37:03,332 [INFO] PluginManage:310 - Check plugin pinoutconfig
2024-10-08 00:37:03,403 [WARN] SupportedApi:132 - Cannot load RTOS API schema: s4s-elt-must-match.1: The content of 'definitions' must match (annotation?, (simpleType | complexType)?, (unique | key | keyref)*)). A problem was found starting at: attribute.
2024-10-08 00:37:03,500 [INFO] PluginManage:359 - Loaded plugin pinoutconfig (category:base,tabindex:0)
2024-10-08 00:37:03,501 [INFO] PluginManage:310 - Check plugin power
2024-10-08 00:37:03,518 [INFO] PluginManage:359 - Loaded plugin power (category:power,tabindex:4)
2024-10-08 00:37:03,518 [INFO] PluginManage:310 - Check plugin projectmanager
2024-10-08 00:37:03,534 [INFO] PluginManage:359 - Loaded plugin projectmanager (category:projectmanager,tabindex:3)
2024-10-08 00:37:03,534 [INFO] PluginManage:310 - Check plugin thirdparty
2024-10-08 00:37:03,770 [INFO] PluginManage:359 - Loaded plugin thirdparty (category:base,tabindex:-1)
2024-10-08 00:37:03,770 [INFO] PluginManage:310 - Check plugin tools
2024-10-08 00:37:03,770 [WARN] IntegrityCheckThread:84 - waiting for thirdparty lock release [integrity check]
2024-10-08 00:37:03,770 [INFO] IntegrityCheckThread:86 - entering critical section [integrity check]
2024-10-08 00:37:03,771 [INFO] ThirdPartyUpdaterWithRetryManager:70 - Updater plugin not ready yet. [1/15]
2024-10-08 00:37:03,834 [INFO] PluginManage:359 - Loaded plugin tools (category:base,tabindex:7)
2024-10-08 00:37:03,834 [INFO] PluginManage:310 - Check plugin tutovideos
2024-10-08 00:37:03,993 [INFO] PluginManage:359 - Loaded plugin tutovideos (category:base,tabindex:-1)
2024-10-08 00:37:03,993 [INFO] PluginManage:310 - Check plugin updater
2024-10-08 00:37:04,001 [INFO] PluginManage:359 - Loaded plugin updater (category:base,tabindex:12)
2024-10-08 00:37:04,001 [INFO] PluginManage:310 - Check plugin userauth
2024-10-08 00:37:04,006 [INFO] UserAuth:114 - Init User Auth plugin
2024-10-08 00:37:04,006 [INFO] PluginManage:359 - Loaded plugin userauth (category:base,tabindex:14)
2024-10-08 00:37:04,007 [INFO] PluginManage:283 - PluginManage : Loaded plugins [17]
2024-10-08 00:37:04,182 [INFO] PinOutPanel:1561 - setPackage(No Configuration,No Configuration)
2024-10-08 00:37:04,261 [INFO] CADModel:165 - CPN selected for project level
2024-10-08 00:37:04,262 [INFO] CADModel:114 - Register for checkConnection events
2024-10-08 00:37:04,287 [INFO] IPUIPlugin:80 - create IPUIPlugin
2024-10-08 00:37:04,287 [INFO] PluginManager:220 - loadIPPluginJar : add adc
2024-10-08 00:37:04,356 [INFO] IPUIPlugin:80 - create IPUIPlugin
2024-10-08 00:37:04,356 [INFO] PluginManager:220 - loadIPPluginJar : add aes
2024-10-08 00:37:04,444 [INFO] IPUIPlugin:80 - create IPUIPlugin
2024-10-08 00:37:04,444 [INFO] PluginManager:220 - loadIPPluginJar : add can
2024-10-08 00:37:04,484 [INFO] IPUIPlugin:80 - create IPUIPlugin
2024-10-08 00:37:04,484 [INFO] PluginManager:220 - loadIPPluginJar : add comp
2024-10-08 00:37:04,557 [INFO] IPUIPlugin:80 - create IPUIPlugin
2024-10-08 00:37:04,557 [INFO] PluginManager:220 - loadIPPluginJar : add cryp
2024-10-08 00:37:04,620 [INFO] IPUIPlugin:80 - create IPUIPlugin
2024-10-08 00:37:04,620 [INFO] PluginManager:220 - loadIPPluginJar : add dfsdm
2024-10-08 00:37:04,640 [INFO] IPUIPlugin:80 - create IPUIPlugin
2024-10-08 00:37:04,641 [INFO] PluginManager:220 - loadIPPluginJar : add dma
2024-10-08 00:37:04,707 [INFO] IPUIPlugin:80 - create IPUIPlugin
2024-10-08 00:37:04,707 [INFO] PluginManager:220 - loadIPPluginJar : add dma3
2024-10-08 00:37:04,814 [INFO] IPUIPlugin:80 - create IPUIPlugin
2024-10-08 00:37:04,814 [INFO] PluginManager:220 - loadIPPluginJar : add extmemmanager
2024-10-08 00:37:04,860 [INFO] IPUIPlugin:80 - create IPUIPlugin
2024-10-08 00:37:04,860 [INFO] PluginManager:220 - loadIPPluginJar : add fatfs
2024-10-08 00:37:04,965 [INFO] IPUIPlugin:80 - create IPUIPlugin
2024-10-08 00:37:04,965 [INFO] PluginManager:220 - loadIPPluginJar : add fmc
2024-10-08 00:37:04,993 [INFO] IPUIPlugin:80 - create IPUIPlugin
2024-10-08 00:37:04,993 [INFO] PluginManager:220 - loadIPPluginJar : add freertos
2024-10-08 00:37:05,010 [INFO] IPUIPlugin:80 - create IPUIPlugin
2024-10-08 00:37:05,010 [INFO] PluginManager:220 - loadIPPluginJar : add genericplugin
2024-10-08 00:37:05,200 [INFO] IPUIPlugin:80 - create IPUIPlugin
2024-10-08 00:37:05,200 [INFO] PluginManager:220 - loadIPPluginJar : add gfxmmu
2024-10-08 00:37:05,479 [INFO] IPUIPlugin:80 - create IPUIPlugin
2024-10-08 00:37:05,479 [INFO] PluginManager:220 - loadIPPluginJar : add gic
2024-10-08 00:37:05,505 [INFO] IPUIPlugin:80 - create IPUIPlugin
2024-10-08 00:37:05,505 [INFO] PluginManager:220 - loadIPPluginJar : add gpio
2024-10-08 00:37:05,701 [INFO] IPUIPlugin:80 - create IPUIPlugin
2024-10-08 00:37:05,701 [INFO] PluginManager:220 - loadIPPluginJar : add gtzc
2024-10-08 00:37:05,760 [INFO] IPUIPlugin:80 - create IPUIPlugin
2024-10-08 00:37:05,761 [INFO] PluginManager:220 - loadIPPluginJar : add hash
2024-10-08 00:37:05,875 [INFO] IPUIPlugin:80 - create IPUIPlugin
2024-10-08 00:37:05,875 [INFO] PluginManager:220 - loadIPPluginJar : add i2c
2024-10-08 00:37:05,960 [INFO] IPUIPlugin:80 - create IPUIPlugin
2024-10-08 00:37:05,960 [INFO] PluginManager:220 - loadIPPluginJar : add i2s
2024-10-08 00:37:06,045 [INFO] IPUIPlugin:80 - create IPUIPlugin
2024-10-08 00:37:06,045 [INFO] PluginManager:220 - loadIPPluginJar : add i3c
2024-10-08 00:37:06,269 [INFO] IPUIPlugin:80 - create IPUIPlugin
2024-10-08 00:37:06,269 [INFO] PluginManager:220 - loadIPPluginJar : add ipddr
2024-10-08 00:37:06,461 [INFO] IPUIPlugin:80 - create IPUIPlugin
2024-10-08 00:37:06,461 [INFO] PluginManager:220 - loadIPPluginJar : add linkedlist
2024-10-08 00:37:06,522 [INFO] IPUIPlugin:80 - create IPUIPlugin
2024-10-08 00:37:06,522 [INFO] PluginManager:220 - loadIPPluginJar : add lorawan
2024-10-08 00:37:06,603 [INFO] IPUIPlugin:80 - create IPUIPlugin
2024-10-08 00:37:06,603 [INFO] PluginManager:220 - loadIPPluginJar : add ltdc
2024-10-08 00:37:06,626 [INFO] IPUIPlugin:80 - create IPUIPlugin
2024-10-08 00:37:06,626 [INFO] PluginManager:220 - loadIPPluginJar : add mdma
2024-10-08 00:37:06,641 [INFO] IPUIPlugin:80 - create IPUIPlugin
2024-10-08 00:37:06,641 [INFO] PluginManager:220 - loadIPPluginJar : add nvic
2024-10-08 00:37:06,692 [INFO] IPUIPlugin:80 - create IPUIPlugin
2024-10-08 00:37:06,692 [INFO] PluginManager:220 - loadIPPluginJar : add opamp
2024-10-08 00:37:06,774 [INFO] ThirdPartyUpdaterWithRetryManager:70 - Updater plugin not ready yet. [2/15]
2024-10-08 00:37:06,806 [INFO] IPUIPlugin:80 - create IPUIPlugin
2024-10-08 00:37:06,806 [INFO] PluginManager:220 - loadIPPluginJar : add openamp
2024-10-08 00:37:06,895 [INFO] IPUIPlugin:80 - create IPUIPlugin
2024-10-08 00:37:06,895 [INFO] PluginManager:220 - loadIPPluginJar : add pdm2pcm
2024-10-08 00:37:06,910 [INFO] IPUIPlugin:80 - create IPUIPlugin
2024-10-08 00:37:06,912 [INFO] PluginManager:220 - loadIPPluginJar : add plateformsettings
2024-10-08 00:37:06,929 [INFO] IPUIPlugin:80 - create IPUIPlugin
2024-10-08 00:37:06,929 [INFO] PluginManager:220 - loadIPPluginJar : add quadspi
2024-10-08 00:37:06,942 [INFO] IPUIPlugin:80 - create IPUIPlugin
2024-10-08 00:37:06,942 [INFO] PluginManager:220 - loadIPPluginJar : add resmgrutility
2024-10-08 00:37:07,025 [INFO] IPUIPlugin:80 - create IPUIPlugin
2024-10-08 00:37:07,025 [INFO] PluginManager:220 - loadIPPluginJar : add sai
2024-10-08 00:37:07,102 [INFO] IPUIPlugin:80 - create IPUIPlugin
2024-10-08 00:37:07,103 [INFO] PluginManager:220 - loadIPPluginJar : add spi
2024-10-08 00:37:07,240 [INFO] IPUIPlugin:80 - create IPUIPlugin
2024-10-08 00:37:07,241 [INFO] PluginManager:220 - loadIPPluginJar : add stm32_wpan
2024-10-08 00:37:07,285 [INFO] IPUIPlugin:80 - create IPUIPlugin
2024-10-08 00:37:07,285 [INFO] PluginManager:220 - loadIPPluginJar : add tim
2024-10-08 00:37:07,413 [INFO] IPUIPlugin:80 - create IPUIPlugin
2024-10-08 00:37:07,414 [INFO] PluginManager:220 - loadIPPluginJar : add touchsensing
2024-10-08 00:37:07,457 [INFO] IPUIPlugin:80 - create IPUIPlugin
2024-10-08 00:37:07,457 [INFO] PluginManager:220 - loadIPPluginJar : add tracer_emb
2024-10-08 00:37:07,499 [INFO] IPUIPlugin:80 - create IPUIPlugin
2024-10-08 00:37:07,500 [INFO] PluginManager:220 - loadIPPluginJar : add ts
2024-10-08 00:37:07,526 [INFO] IPUIPlugin:80 - create IPUIPlugin
2024-10-08 00:37:07,527 [INFO] PluginManager:220 - loadIPPluginJar : add tsc
2024-10-08 00:37:07,571 [INFO] IPUIPlugin:80 - create IPUIPlugin
2024-10-08 00:37:07,571 [INFO] PluginManager:220 - loadIPPluginJar : add ucpd
2024-10-08 00:37:07,625 [INFO] IPUIPlugin:80 - create IPUIPlugin
2024-10-08 00:37:07,626 [INFO] PluginManager:220 - loadIPPluginJar : add usart
2024-10-08 00:37:07,707 [INFO] IPUIPlugin:80 - create IPUIPlugin
2024-10-08 00:37:07,707 [INFO] PluginManager:220 - loadIPPluginJar : add usbx
2024-10-08 00:37:07,826 [INFO] CADModel:165 - CPN selected for project level
2024-10-08 00:37:07,826 [INFO] CADModel:114 - Register for checkConnection events
2024-10-08 00:37:07,827 [FATAL] Updater:308 - Updater called before beeing initialized
2024-10-08 00:37:07,827 [ERROR] CADModel:125 - Updater not yet initialized, retry later 
2024-10-08 00:37:07,940 [INFO] CADModel:165 - CPN selected for project level
2024-10-08 00:37:07,940 [INFO] CADModel:114 - Register for checkConnection events
2024-10-08 00:37:07,940 [FATAL] Updater:308 - Updater called before beeing initialized
2024-10-08 00:37:07,940 [ERROR] CADModel:125 - Updater not yet initialized, retry later 
2024-10-08 00:37:07,942 [FATAL] Updater:308 - Updater called before beeing initialized
2024-10-08 00:37:08,047 [FATAL] Updater:308 - Updater called before beeing initialized
2024-10-08 00:37:08,057 [INFO] DbMcusAds:53 - JSON generation date=Thu May 16 16:22:00 ICT 2024 (1715851320667)
2024-10-08 00:37:08,057 [FATAL] Updater:308 - Updater called before beeing initialized
2024-10-08 00:37:08,130 [WARN] DetailPanel:346 - Failed to get advertising image, set to default
2024-10-08 00:37:08,186 [FATAL] Updater:308 - Updater called before beeing initialized
2024-10-08 00:37:08,188 [FATAL] Updater:308 - Updater called before beeing initialized
2024-10-08 00:37:08,188 [FATAL] Updater:308 - Updater called before beeing initialized
2024-10-08 00:37:08,188 [WARN] DetailPanel:346 - Failed to get advertising image, set to default
2024-10-08 00:37:08,189 [FATAL] Updater:308 - Updater called before beeing initialized
2024-10-08 00:37:08,239 [ERROR] Updater:1120 - MainUpdater not yet initialized. External WinMGr cannot be set.
2024-10-08 00:37:08,249 [INFO] Updater:1056 - Updater Version found : 6.11.1
2024-10-08 00:37:08,267 [INFO] ApplicationProperties:184 - Using Application install path: C:\ST\STM32CubeIDE_1.15.1\STM32CubeIDE\plugins\com.st.stm32cube.common.mx_6.11.1.202404110753
2024-10-08 00:37:09,775 [INFO] ThirdPartyUpdaterWithRetryManager:70 - Updater plugin not ready yet. [3/15]
2024-10-08 00:37:09,862 [ERROR] LogOutputStream:75 - [STDERR_REDIRECT] Oct 08, 2024 12:37:09 AM java.util.prefs.WindowsPreferences <init>
2024-10-08 00:37:09,863 [ERROR] LogOutputStream:75 - [STDERR_REDIRECT] WARNING: Could not open/create prefs root node Software\JavaSoft\Prefs at root 0xffffffff80000002. Windows RegCreateKeyEx(...) returned error code 5.
2024-10-08 00:37:09,864 [ERROR] LogOutputStream:75 - [STDERR_REDIRECT] 
2024-10-08 00:37:12,217 [INFO] MainUpdater:2873 - connection check result : 10
2024-10-08 00:37:12,218 [INFO] MainUpdater:290 - Updater Check For Update Now.
2024-10-08 00:37:12,218 [INFO] MicroXplorer:498 - Change Database Version : DB.6.0.111
2024-10-08 00:37:12,233 [INFO] McuFinderGlobals:63 - Set McuFinder mode to 2 (CubeIDE integrated)
2024-10-08 00:37:12,252 [INFO] UserAuth:415 - Internet connection configuration mode: 1
2024-10-08 00:37:12,281 [INFO] JxBrowserEngine:152 - Initiate JxBrowser Engine with user profile folder
2024-10-08 00:37:12,401 [ERROR] ConfigurationRetriever:142 - IOException on connection: Connect timed out
2024-10-08 00:37:12,417 [INFO] CheckServerUpdateThread:120 - End of CheckServer Thread
2024-10-08 00:37:12,926 [WARN] PackLoader:240 - Cannot read IP mode file for STMicroelectronics.FP-SNS-MOTENVWB1.1.4.0
2024-10-08 00:37:12,944 [WARN] PackLoader:240 - Cannot read IP mode file for STMicroelectronics.X-CUBE-SMBUS.2.1.0
2024-10-08 00:37:12,961 [WARN] PackLoader:240 - Cannot read IP mode file for STMicroelectronics.X-CUBE-WB05N.1.1.0
2024-10-08 00:37:12,972 [WARN] PackLoader:240 - Cannot read IP mode file for STMicroelectronics.X-CUBE-TOUCHGFX.4.23.2
2024-10-08 00:37:13,004 [WARN] PackLoader:240 - Cannot read IP mode file for STMicroelectronics.X-CUBE-AZRTOS-F7.1.1.0
2024-10-08 00:37:13,070 [WARN] PackLoader:240 - Cannot read IP mode file for STMicroelectronics.X-CUBE-MEMS1.11.0.0
2024-10-08 00:37:13,184 [WARN] PackLoader:240 - Cannot read IP mode file for STMicroelectronics.FP-SNS-FLIGHT1.5.0.2
2024-10-08 00:37:13,204 [WARN] PackLoader:240 - Cannot read IP mode file for STMicroelectronics.X-CUBE-DISPLAY.3.0.0
2024-10-08 00:37:13,219 [WARN] PackLoader:240 - Cannot read IP mode file for STMicroelectronics.X-CUBE-BLE1.7.0.0
2024-10-08 00:37:13,230 [WARN] PackLoader:240 - Cannot read IP mode file for STMicroelectronics.X-CUBE-NFC10.1.0.0
2024-10-08 00:37:13,242 [WARN] PackLoader:240 - Cannot read IP mode file for emotas.I-CUBE-CANOPEN.1.3.0
2024-10-08 00:37:13,255 [WARN] PackLoader:240 - Cannot read IP mode file for STMicroelectronics.X-CUBE-BLEMGR.3.1.0
2024-10-08 00:37:13,266 [WARN] PackLoader:240 - Cannot read IP mode file for STMicroelectronics.FP-SNS-SMARTAG2.1.2.0
2024-10-08 00:37:13,285 [INFO] LogOutputStream:77 - [STDOUT_REDIRECT] 1 : Invalid condition id : UX_CORESTACK_Condition cause : null
2024-10-08 00:37:13,286 [INFO] LogOutputStream:77 - [STDOUT_REDIRECT] 1 : Invalid condition id : UX_CORESTACK_Condition cause : null
2024-10-08 00:37:13,288 [INFO] LogOutputStream:77 - [STDOUT_REDIRECT] 1 : Invalid condition id : UX_CORESTACK_Condition cause : null
2024-10-08 00:37:13,289 [INFO] LogOutputStream:77 - [STDOUT_REDIRECT] 1 : Invalid condition id : UX_CORESTACK_Condition cause : null
2024-10-08 00:37:13,291 [INFO] LogOutputStream:77 - [STDOUT_REDIRECT] 1 : Invalid condition id : UX_CORESTACK_Condition cause : null
2024-10-08 00:37:13,293 [WARN] PackLoader:240 - Cannot read IP mode file for STMicroelectronics.X-CUBE-AZRTOS-WL.2.0.0
2024-10-08 00:37:13,307 [WARN] PackLoader:240 - Cannot read IP mode file for STMicroelectronics.FP-SNS-MOTENV1.5.0.0
2024-10-08 00:37:13,316 [WARN] PackLoader:240 - Cannot read IP mode file for wolfSSL.I-CUBE-wolfMQTT.1.19.0
2024-10-08 00:37:13,330 [WARN] PackLoader:240 - Cannot read IP mode file for WES.I-CUBE-Cesium.1.3.0
2024-10-08 00:37:13,340 [WARN] PackLoader:240 - Cannot read IP mode file for STMicroelectronics.X-CUBE-BLE2.3.3.0
2024-10-08 00:37:13,352 [WARN] PackLoader:240 - Cannot read IP mode file for STMicroelectronics.X-CUBE-NFC9.1.0.0
2024-10-08 00:37:13,362 [WARN] PackLoader:240 - Cannot read IP mode file for STMicroelectronics.X-CUBE-TCPP.4.1.0
2024-10-08 00:37:13,380 [WARN] PackLoader:240 - Cannot read IP mode file for STMicroelectronics.X-CUBE-AZRTOS-G0.1.1.0
2024-10-08 00:37:13,394 [WARN] PackLoader:240 - Cannot read IP mode file for STMicroelectronics.X-CUBE-SAFEA1.1.2.2
2024-10-08 00:37:13,409 [WARN] PackLoader:240 - Cannot read IP mode file for STMicroelectronics.X-CUBE-NFC4.3.0.0
2024-10-08 00:37:13,423 [WARN] PackLoader:240 - Cannot read IP mode file for EmbeddedOffice.I-CUBE-FS-RTOS.1.0.1
2024-10-08 00:37:13,423 [ERROR] ConditionMgr:805 - Attr not supported : Dmpu
2024-10-08 00:37:13,423 [ERROR] ConditionMgr:805 - Attr not supported : Dmpu
2024-10-08 00:37:13,423 [ERROR] ConditionMgr:805 - Attr not supported : Dmpu
2024-10-08 00:37:13,423 [ERROR] ConditionMgr:805 - Attr not supported : Dmpu
2024-10-08 00:37:13,423 [ERROR] ConditionMgr:805 - Attr not supported : Dmpu
2024-10-08 00:37:13,423 [ERROR] ConditionMgr:805 - Attr not supported : Dmpu
2024-10-08 00:37:13,423 [ERROR] ConditionMgr:805 - Attr not supported : Dmpu
2024-10-08 00:37:13,423 [ERROR] ConditionMgr:805 - Attr not supported : Dmpu
2024-10-08 00:37:13,423 [ERROR] ConditionMgr:805 - Attr not supported : Dmpu
2024-10-08 00:37:13,423 [ERROR] ConditionMgr:805 - Attr not supported : Dmpu
2024-10-08 00:37:13,423 [ERROR] ConditionMgr:805 - Attr not supported : Dmpu
2024-10-08 00:37:13,423 [ERROR] ConditionMgr:805 - Attr not supported : Dmpu
2024-10-08 00:37:13,423 [ERROR] ConditionMgr:805 - Attr not supported : Dmpu
2024-10-08 00:37:13,424 [ERROR] ConditionMgr:805 - Attr not supported : Dmpu
2024-10-08 00:37:13,424 [ERROR] ConditionMgr:805 - Attr not supported : Dmpu
2024-10-08 00:37:13,424 [ERROR] ConditionMgr:805 - Attr not supported : Dmpu
2024-10-08 00:37:13,424 [ERROR] ConditionMgr:805 - Attr not supported : Dmpu
2024-10-08 00:37:13,424 [ERROR] ConditionMgr:805 - Attr not supported : Dmpu
2024-10-08 00:37:13,424 [ERROR] ConditionMgr:805 - Attr not supported : Dmpu
2024-10-08 00:37:13,424 [ERROR] ConditionMgr:805 - Attr not supported : Dmpu
2024-10-08 00:37:13,424 [ERROR] ConditionMgr:805 - Attr not supported : Dmpu
2024-10-08 00:37:13,424 [ERROR] ConditionMgr:805 - Attr not supported : Dmpu
2024-10-08 00:37:13,424 [ERROR] ConditionMgr:805 - Attr not supported : Dmpu
2024-10-08 00:37:13,424 [ERROR] ConditionMgr:805 - Attr not supported : Dmpu
2024-10-08 00:37:13,424 [ERROR] ConditionMgr:805 - Attr not supported : Dmpu
2024-10-08 00:37:13,424 [ERROR] ConditionMgr:805 - Attr not supported : Dmpu
2024-10-08 00:37:13,424 [ERROR] ConditionMgr:805 - Attr not supported : Dmpu
2024-10-08 00:37:13,424 [ERROR] ConditionMgr:805 - Attr not supported : Dmpu
2024-10-08 00:37:13,424 [ERROR] ConditionMgr:805 - Attr not supported : Dmpu
2024-10-08 00:37:13,424 [ERROR] ConditionMgr:805 - Attr not supported : Dmpu
2024-10-08 00:37:13,424 [ERROR] ConditionMgr:805 - Attr not supported : Dmpu
2024-10-08 00:37:13,424 [ERROR] ConditionMgr:805 - Attr not supported : Dmpu
2024-10-08 00:37:13,424 [ERROR] ConditionMgr:805 - Attr not supported : Dmpu
2024-10-08 00:37:13,424 [ERROR] ConditionMgr:805 - Attr not supported : Dmpu
2024-10-08 00:37:13,424 [ERROR] ConditionMgr:805 - Attr not supported : Dmpu
2024-10-08 00:37:13,424 [ERROR] ConditionMgr:805 - Attr not supported : Dmpu
2024-10-08 00:37:13,424 [ERROR] ConditionMgr:805 - Attr not supported : Dmpu
2024-10-08 00:37:13,425 [ERROR] ConditionMgr:805 - Attr not supported : Dmpu
2024-10-08 00:37:13,425 [ERROR] ConditionMgr:805 - Attr not supported : Dmpu
2024-10-08 00:37:13,425 [ERROR] ConditionMgr:805 - Attr not supported : Dmpu
2024-10-08 00:37:13,425 [ERROR] ConditionMgr:805 - Attr not supported : Dmpu
2024-10-08 00:37:13,425 [ERROR] ConditionMgr:805 - Attr not supported : Dmpu
2024-10-08 00:37:13,425 [ERROR] ConditionMgr:805 - Attr not supported : Dmpu
2024-10-08 00:37:13,425 [ERROR] ConditionMgr:805 - Attr not supported : Dmpu
2024-10-08 00:37:13,425 [ERROR] ConditionMgr:805 - Attr not supported : Dmpu
2024-10-08 00:37:13,425 [ERROR] ConditionMgr:805 - Attr not supported : Dmpu
2024-10-08 00:37:13,426 [ERROR] ConditionMgr:805 - Attr not supported : Dmpu
2024-10-08 00:37:13,426 [ERROR] ConditionMgr:805 - Attr not supported : Dmpu
2024-10-08 00:37:13,426 [ERROR] ConditionMgr:805 - Attr not supported : Dmpu
2024-10-08 00:37:13,426 [ERROR] ConditionMgr:805 - Attr not supported : Dmpu
2024-10-08 00:37:13,426 [ERROR] ConditionMgr:805 - Attr not supported : Dmpu
2024-10-08 00:37:13,426 [ERROR] ConditionMgr:805 - Attr not supported : Dmpu
2024-10-08 00:37:13,426 [ERROR] ConditionMgr:805 - Attr not supported : Dmpu
2024-10-08 00:37:13,426 [ERROR] ConditionMgr:805 - Attr not supported : Dmpu
2024-10-08 00:37:13,426 [ERROR] ConditionMgr:805 - Attr not supported : Dmpu
2024-10-08 00:37:13,426 [ERROR] ConditionMgr:805 - Attr not supported : Dmpu
2024-10-08 00:37:13,426 [ERROR] ConditionMgr:805 - Attr not supported : Dmpu
2024-10-08 00:37:13,426 [ERROR] ConditionMgr:805 - Attr not supported : Dmpu
2024-10-08 00:37:13,426 [ERROR] ConditionMgr:805 - Attr not supported : Dmpu
2024-10-08 00:37:13,426 [ERROR] ConditionMgr:805 - Attr not supported : Dmpu
2024-10-08 00:37:13,426 [ERROR] ConditionMgr:805 - Attr not supported : Dmpu
2024-10-08 00:37:13,426 [ERROR] ConditionMgr:805 - Attr not supported : Dmpu
2024-10-08 00:37:13,428 [ERROR] ConditionMgr:805 - Attr not supported : Dmpu
2024-10-08 00:37:13,428 [ERROR] ConditionMgr:805 - Attr not supported : Dmpu
2024-10-08 00:37:13,441 [WARN] PackLoader:240 - Cannot read IP mode file for RealThread.X-CUBE-RT-Thread_Nano.4.1.1
2024-10-08 00:37:13,453 [WARN] PackLoader:240 - Cannot read IP mode file for wolfSSL.I-CUBE-wolfSSL.5.7.0
2024-10-08 00:37:13,466 [WARN] PackLoader:240 - Cannot read IP mode file for STMicroelectronics.FP-ATR-SIGFOX1.3.2.0
2024-10-08 00:37:13,480 [WARN] PackLoader:240 - Cannot read IP mode file for STMicroelectronics.X-CUBE-EEPRMA1.5.1.0
2024-10-08 00:37:13,494 [WARN] PackLoader:240 - Cannot read IP mode file for ITTIA_DB.I-CUBE-ITTIADB.8.9.0
2024-10-08 00:37:13,522 [WARN] PackLoader:240 - Cannot read IP mode file for SEGGER.I-CUBE-embOS.1.3.1
2024-10-08 00:37:13,564 [WARN] PackLoader:240 - Cannot read IP mode file for STMicroelectronics.X-CUBE-ALGOBUILD.1.4.0
2024-10-08 00:37:13,575 [WARN] PackLoader:240 - Cannot read IP mode file for STMicroelectronics.X-CUBE-AI.9.1.0
2024-10-08 00:37:13,588 [WARN] PackLoader:240 - Cannot read IP mode file for STMicroelectronics.X-CUBE-GNSS1.6.0.0
2024-10-08 00:37:13,607 [WARN] PackLoader:240 - Cannot read IP mode file for STMicroelectronics.X-CUBE-AZRTOS-F4.1.1.0
2024-10-08 00:37:13,620 [WARN] PackLoader:240 - Cannot read IP mode file for STMicroelectronics.X-CUBE-ISPU.2.1.0
2024-10-08 00:37:13,630 [WARN] PackLoader:240 - Cannot read IP mode file for STMicroelectronics.X-CUBE-FREERTOS.1.2.0
2024-10-08 00:37:13,656 [WARN] PackLoader:240 - Cannot read IP mode file for STMicroelectronics.X-CUBE-AZRTOS-L5.2.0.0
2024-10-08 00:37:13,685 [WARN] PackLoader:240 - Cannot read IP mode file for STMicroelectronics.X-CUBE-NFC6.3.1.0
2024-10-08 00:37:13,732 [WARN] PackLoader:240 - Cannot read IP mode file for STMicroelectronics.X-CUBE-DPower.1.2.0
2024-10-08 00:37:13,743 [WARN] PackLoader:240 - Cannot read IP mode file for STMicroelectronics.X-CUBE-AI.9.0.0
2024-10-08 00:37:13,755 [WARN] PackLoader:240 - Cannot read IP mode file for STMicroelectronics.X-CUBE-NFC7.1.0.1
2024-10-08 00:37:13,765 [WARN] PackLoader:240 - Cannot read IP mode file for wolfSSL.I-CUBE-wolfTPM.3.2.0
2024-10-08 00:37:13,788 [WARN] ConditionMgr:438 - getConditionDescription Invalid condition id : LAN8742 Phy interface Condition cause : null
2024-10-08 00:37:13,789 [WARN] PackLoader:240 - Cannot read IP mode file for STMicroelectronics.X-CUBE-AZRTOS-L4.2.0.0
2024-10-08 00:37:13,789 [WARN] ConditionMgr:1039 - genDependencies : Invalid condition id : LAN8742 Phy interface Condition cause : null
2024-10-08 00:37:13,789 [WARN] ConditionMgr:1039 - genDependencies : Invalid condition id : LAN8742 Phy interface Condition cause : null
2024-10-08 00:37:13,790 [WARN] ConditionMgr:1039 - genDependencies : Invalid condition id : LAN8742 Phy interface Condition cause : null
2024-10-08 00:37:13,803 [WARN] PackLoader:240 - Cannot read IP mode file for STMicroelectronics.X-CUBE-SFXS2LP1.4.0.0
2024-10-08 00:37:13,826 [WARN] PackLoader:240 - Cannot read IP mode file for STMicroelectronics.X-CUBE-AZRTOS-H7.3.3.0
2024-10-08 00:37:13,840 [WARN] PackLoader:240 - Cannot read IP mode file for STMicroelectronics.X-CUBE-IPS.3.0.0
2024-10-08 00:37:13,862 [WARN] ConditionMgr:438 - getConditionDescription Invalid condition id : UX DEVICE CLASS RTOS Condition cause : null
2024-10-08 00:37:13,863 [WARN] ConditionMgr:438 - getConditionDescription Invalid condition id : UX DEVICE CLASS RTOS Condition cause : null
2024-10-08 00:37:13,864 [WARN] PackLoader:240 - Cannot read IP mode file for STMicroelectronics.X-CUBE-AZRTOS-WB.2.0.0
2024-10-08 00:37:13,864 [WARN] ConditionMgr:1039 - genDependencies : Invalid condition id : UX DEVICE CLASS RTOS Condition cause : null
2024-10-08 00:37:13,865 [WARN] ConditionMgr:1039 - genDependencies : Invalid condition id : UX DEVICE CLASS RTOS Condition cause : null
2024-10-08 00:37:13,865 [WARN] ConditionMgr:1039 - genDependencies : Invalid condition id : UX DEVICE CLASS RTOS Condition cause : null
2024-10-08 00:37:13,865 [WARN] ConditionMgr:1039 - genDependencies : Invalid condition id : UX DEVICE CLASS RTOS Condition cause : null
2024-10-08 00:37:13,865 [WARN] ConditionMgr:1039 - genDependencies : Invalid condition id : UX DEVICE CLASS RTOS Condition cause : null
2024-10-08 00:37:13,878 [WARN] PackLoader:240 - Cannot read IP mode file for STMicroelectronics.X-CUBE-GNSS1.7.0.0
2024-10-08 00:37:13,892 [WARN] PackLoader:240 - Cannot read IP mode file for STMicroelectronics.FP-SNS-STBOX1.2.0.0
2024-10-08 00:37:13,907 [WARN] PackLoader:240 - Cannot read IP mode file for STMicroelectronics.X-CUBE-SUBG2.5.0.0
2024-10-08 00:37:13,920 [WARN] PackLoader:240 - Cannot read IP mode file for Cesanta.I-CUBE-Mongoose.7.13.0
2024-10-08 00:37:13,935 [WARN] PackLoader:240 - Cannot read IP mode file for STMicroelectronics.X-CUBE-AZRTOS-G4.2.0.0
2024-10-08 00:37:13,945 [WARN] PackLoader:240 - Cannot read IP mode file for STMicroelectronics.X-CUBE-ISPU.2.0.0
2024-10-08 00:37:13,955 [WARN] PackLoader:240 - Cannot read IP mode file for STMicroelectronics.X-CUBE-ALS.1.0.2
2024-10-08 00:37:14,018 [WARN] PackLoader:240 - Cannot read IP mode file for STMicroelectronics.X-CUBE-MEMS1.10.0.0
2024-10-08 00:37:14,105 [WARN] PackLoader:240 - Cannot read IP mode file for STMicroelectronics.X-CUBE-TOUCHGFX.4.24.0
2024-10-08 00:37:14,114 [WARN] PackLoader:240 - Cannot read IP mode file for STMicroelectronics.X-CUBE-TOUCHGFX.4.24.1
2024-10-08 00:37:14,124 [WARN] PackLoader:240 - Cannot read IP mode file for portGmbH.I-Cube-SoM-uGOAL.1.1.0
2024-10-08 00:37:14,135 [WARN] PackLoader:240 - Cannot read IP mode file for STMicroelectronics.X-CUBE-ALS.1.0.1
2024-10-08 00:37:14,157 [WARN] PackLoader:240 - Cannot read IP mode file for STMicroelectronics.X-CUBE-AZRTOS-H7RS.1.0.0
2024-10-08 00:37:14,170 [WARN] PackLoader:240 - Cannot read IP mode file for STMicroelectronics.FP-ATR-ASTRA1.2.0.0
2024-10-08 00:37:14,186 [WARN] PackLoader:240 - Cannot read IP mode file for STMicroelectronics.X-CUBE-TOF1.3.4.2
2024-10-08 00:37:14,210 [WARN] PackLoader:240 - Cannot read IP mode file for STMicroelectronics.X-CUBE-TOF1.3.4.1
2024-10-08 00:37:14,240 [WARN] PackLoader:240 - Cannot read IP mode file for STMicroelectronics.X-CUBE-AZRTOS-H7.3.2.0
2024-10-08 00:37:14,275 [WARN] PackLoader:240 - Cannot read IP mode file for Infineon.AIROC-Wi-Fi-Bluetooth-STM32.1.6.0
2024-10-08 00:37:14,295 [WARN] PackLoader:240 - Cannot read IP mode file for wolfSSL.I-CUBE-wolfSSH.1.4.17
2024-10-08 00:37:14,296 [INFO] ThirdParty:978 - Integrity check success = true
2024-10-08 00:37:14,297 [INFO] IntegrityCheckThread:100 - exiting critical section [integrity check]
2024-10-08 00:37:14,297 [INFO] IntegrityCheckThread:103 - End integrity checks thread
2024-10-08 00:37:17,403 [ERROR] ConfigurationRetriever:142 - IOException on connection: Connect timed out
2024-10-08 00:37:23,931 [INFO] WebApp:161 - Instantiating new browser for Auth
2024-10-08 00:37:24,351 [INFO] WebApp:779 - Register for checkConnection events
2024-10-08 00:37:24,351 [INFO] WebApp:414 - Apply proxy settings
2024-10-08 00:37:24,351 [INFO] WebApp:499 - Chromium requires no authentication
2024-10-08 00:37:24,356 [INFO] WebApp:442 - Direct internet connection detected
2024-10-08 00:37:24,467 [INFO] WebApp:192 - Starting web application
2024-10-08 00:37:24,467 [INFO] WebApp:544 - Web application path used C:\ST\STM32CubeIDE_1.15.1\STM32CubeIDE\plugins\com.st.stm32cube.common.mx_6.11.1.202404110753\db\plugins\mcufinder\reactClient1\index.html
