2024-08-23 21:40:34,915 [INFO] Activator:176 - 


2024-08-23 21:40:34,917 [INFO] Activator:177 - !SESSION log4j initialized
2024-08-23 21:40:39,289 [INFO] LogOutputStream:77 - [STDOUT_REDIRECT] 
2024-08-23 21:40:45,774 [INFO] ApplicationProperties:184 - Using Application install path: C:\ST\STM32CubeIDE_1.15.1\STM32CubeIDE\plugins\com.st.stm32cube.common.mx_6.11.1.202404110753
2024-08-23 21:40:45,790 [INFO] DbMcusXml:78 - Set database path to: C:\ST\STM32CubeIDE_1.15.1\STM32CubeIDE\plugins\com.st.stm32cube.common.mx_6.11.1.202404110753\\db\/mcu/
2024-08-23 21:40:45,790 [INFO] ApiDb:274 - Set plugin database path to: C:\ST\STM32CubeIDE_1.15.1\STM32CubeIDE\plugins\com.st.stm32cube.common.mx_6.11.1.202404110753\\db\/plugins/boardmanager/
2024-08-23 21:40:45,791 [WARN] ApiDb:259 - Overriding images path with different value:  => C:\ST\STM32CubeIDE_1.15.1\STM32CubeIDE\plugins\com.st.stm32cube.common.mx_6.11.1.202404110753\\db\/plugins/mcufinder/images/
2024-08-23 21:40:45,809 [INFO] ApiDb:250 - Set database path to: C:\Users\lmthu\.stmcufinder\plugins\mcufinder//mcu/
2024-08-23 21:40:45,810 [INFO] DbMcusAds:125 - Set database path to: C:\Users\lmthu\.stmcufinder\plugins\mcufinder//mcu/
2024-08-23 21:40:45,812 [INFO] CrossReferenceDbSqlite:203 - Set database path to: C:\Users\lmthu\.stmcufinder\plugins\mcufinder//mcu/cs/
2024-08-23 21:40:45,906 [INFO] RulesReader:64 - Compatibility file has been processed (297 Rules)
2024-08-23 21:40:45,966 [INFO] DbMcusXml:78 - Set database path to: C:\ST\STM32CubeIDE_1.15.1\STM32CubeIDE\plugins\com.st.stm32cube.common.mx_6.11.1.202404110753\\db\/mcu/
2024-08-23 21:40:45,966 [INFO] ApiDb:274 - Set plugin database path to: C:\ST\STM32CubeIDE_1.15.1\STM32CubeIDE\plugins\com.st.stm32cube.common.mx_6.11.1.202404110753\\db\/plugins/boardmanager/
2024-08-23 21:40:45,967 [INFO] ApiDb:261 - Set plugin images path to: C:\ST\STM32CubeIDE_1.15.1\STM32CubeIDE\plugins\com.st.stm32cube.common.mx_6.11.1.202404110753\\db\/plugins/mcufinder/images/
2024-08-23 21:40:45,967 [WARN] DbFile:41 - Overriding database path with different value: C:\Users\lmthu\.stmcufinder\plugins\mcufinder/ => C:\Users\lmthu\.stmcufinder\plugins\mcufinder
2024-08-23 21:40:45,967 [INFO] ApiDb:250 - Set database path to: C:\Users\lmthu\.stmcufinder\plugins\mcufinder//mcu/
2024-08-23 21:40:45,967 [WARN] DbFile:41 - Overriding database path with different value: C:\Users\lmthu\.stmcufinder\plugins\mcufinder/ => C:\Users\lmthu\.stmcufinder\plugins\mcufinder
2024-08-23 21:40:45,967 [INFO] DbMcusAds:125 - Set database path to: C:\Users\lmthu\.stmcufinder\plugins\mcufinder//mcu/
2024-08-23 21:40:45,967 [WARN] DbFile:41 - Overriding database path with different value: C:\Users\lmthu\.stmcufinder\plugins\mcufinder/ => C:\Users\lmthu\.stmcufinder\plugins\mcufinder
2024-08-23 21:40:45,967 [WARN] DbFile:41 - Overriding database path with different value: C:\Users\lmthu\.stmcufinder\plugins\mcufinder/ => C:\Users\lmthu\.stmcufinder\plugins\mcufinder
2024-08-23 21:40:45,967 [INFO] CrossReferenceDbSqlite:203 - Set database path to: C:\Users\lmthu\.stmcufinder\plugins\mcufinder//mcu/cs/
2024-08-23 21:40:46,022 [INFO] MainPanel:264 - HeapMemory: 268435456
2024-08-23 21:40:46,089 [INFO] DbMcusXml:78 - Set database path to: C:\ST\STM32CubeIDE_1.15.1\STM32CubeIDE\plugins\com.st.stm32cube.common.mx_6.11.1.202404110753\\db\/mcu/
2024-08-23 21:40:46,089 [INFO] ApiDb:274 - Set plugin database path to: C:\ST\STM32CubeIDE_1.15.1\STM32CubeIDE\plugins\com.st.stm32cube.common.mx_6.11.1.202404110753\\db\/plugins/boardmanager/
2024-08-23 21:40:46,089 [INFO] ApiDb:261 - Set plugin images path to: C:\ST\STM32CubeIDE_1.15.1\STM32CubeIDE\plugins\com.st.stm32cube.common.mx_6.11.1.202404110753\\db\/plugins/mcufinder/images/
2024-08-23 21:40:46,089 [WARN] DbFile:41 - Overriding database path with different value: C:\Users\lmthu\.stmcufinder\plugins\mcufinder/ => C:\Users\lmthu\.stmcufinder\plugins\mcufinder
2024-08-23 21:40:46,090 [INFO] ApiDb:250 - Set database path to: C:\Users\lmthu\.stmcufinder\plugins\mcufinder//mcu/
2024-08-23 21:40:46,090 [WARN] DbFile:41 - Overriding database path with different value: C:\Users\lmthu\.stmcufinder\plugins\mcufinder/ => C:\Users\lmthu\.stmcufinder\plugins\mcufinder
2024-08-23 21:40:46,090 [INFO] DbMcusAds:125 - Set database path to: C:\Users\lmthu\.stmcufinder\plugins\mcufinder//mcu/
2024-08-23 21:40:46,090 [WARN] DbFile:41 - Overriding database path with different value: C:\Users\lmthu\.stmcufinder\plugins\mcufinder/ => C:\Users\lmthu\.stmcufinder\plugins\mcufinder
2024-08-23 21:40:46,090 [WARN] DbFile:41 - Overriding database path with different value: C:\Users\lmthu\.stmcufinder\plugins\mcufinder/ => C:\Users\lmthu\.stmcufinder\plugins\mcufinder
2024-08-23 21:40:46,090 [INFO] CrossReferenceDbSqlite:203 - Set database path to: C:\Users\lmthu\.stmcufinder\plugins\mcufinder//mcu/cs/
2024-08-23 21:40:46,104 [INFO] ApplicationProperties:184 - Using Application install path: C:\ST\STM32CubeIDE_1.15.1\STM32CubeIDE\plugins\com.st.stm32cube.common.mx_6.11.1.202404110753
2024-08-23 21:40:46,105 [INFO] PluginManage:196 - Search for loadable plugins [exclusion list=, ]
2024-08-23 21:40:46,106 [INFO] PluginManage:310 - Check plugin analytics
2024-08-23 21:40:51,427 [INFO] AnalyticsPlugin:253 - Accepted Software Licenses: STM32CubeMX.6.11.1
2024-08-23 21:40:51,427 [INFO] AnalyticsPlugin:255 - Accepted CMSIS Pack Licenses: 
2024-08-23 21:40:51,429 [INFO] AnalyticsPlugin:257 - Accepted Firmware Licenses: FW.F4.1.28.0
2024-08-23 21:40:51,432 [INFO] PluginManage:359 - Loaded plugin analytics (category:tool,tabindex:-1)
2024-08-23 21:40:51,432 [INFO] PluginManage:310 - Check plugin cadmodel
2024-08-23 21:40:51,450 [INFO] CADModel:105 - Init CAD model plugin
2024-08-23 21:40:51,450 [INFO] PluginManage:359 - Loaded plugin cadmodel (category:power,tabindex:5)
2024-08-23 21:40:51,450 [INFO] PluginManage:310 - Check plugin clock
2024-08-23 21:40:51,474 [INFO] PluginManage:359 - Loaded plugin clock (category:base,tabindex:2)
2024-08-23 21:40:51,474 [INFO] PluginManage:310 - Check plugin ddr
2024-08-23 21:40:51,481 [INFO] PluginManage:359 - Loaded plugin ddr (category:tool,tabindex:6)
2024-08-23 21:40:51,481 [INFO] PluginManage:310 - Check plugin filemanager
2024-08-23 21:40:51,711 [INFO] PluginManage:359 - Loaded plugin filemanager (category:base,tabindex:10)
2024-08-23 21:40:51,712 [INFO] PluginManage:310 - Check plugin ipmanager
2024-08-23 21:40:51,722 [INFO] PluginManage:359 - Loaded plugin ipmanager (category:base,tabindex:5)
2024-08-23 21:40:51,722 [INFO] PluginManage:310 - Check plugin lpbam
2024-08-23 21:40:51,746 [INFO] PluginManage:359 - Loaded plugin lpbam (category:base,tabindex:0)
2024-08-23 21:40:51,746 [INFO] PluginManage:310 - Check plugin memorymap
2024-08-23 21:40:51,786 [INFO] PluginManage:359 - Loaded plugin memorymap (category:base,tabindex:4)
2024-08-23 21:40:51,786 [INFO] PluginManage:310 - Check plugin pinoutandconfiguration
2024-08-23 21:40:51,817 [INFO] PluginManage:359 - Loaded plugin pinoutandconfiguration (category:base,tabindex:1)
2024-08-23 21:40:51,817 [INFO] PluginManage:310 - Check plugin pinoutconfig
2024-08-23 21:40:51,999 [WARN] SupportedApi:132 - Cannot load RTOS API schema: s4s-elt-must-match.1: The content of 'definitions' must match (annotation?, (simpleType | complexType)?, (unique | key | keyref)*)). A problem was found starting at: attribute.
2024-08-23 21:40:52,243 [INFO] PluginManage:359 - Loaded plugin pinoutconfig (category:base,tabindex:0)
2024-08-23 21:40:52,243 [INFO] PluginManage:310 - Check plugin power
2024-08-23 21:40:52,273 [INFO] PluginManage:359 - Loaded plugin power (category:power,tabindex:4)
2024-08-23 21:40:52,273 [INFO] PluginManage:310 - Check plugin projectmanager
2024-08-23 21:40:52,306 [INFO] PluginManage:359 - Loaded plugin projectmanager (category:projectmanager,tabindex:3)
2024-08-23 21:40:52,306 [INFO] PluginManage:310 - Check plugin thirdparty
2024-08-23 21:40:52,740 [INFO] PluginManage:359 - Loaded plugin thirdparty (category:base,tabindex:-1)
2024-08-23 21:40:52,740 [INFO] PluginManage:310 - Check plugin tools
2024-08-23 21:40:52,740 [WARN] IntegrityCheckThread:84 - waiting for thirdparty lock release [integrity check]
2024-08-23 21:40:52,740 [INFO] IntegrityCheckThread:86 - entering critical section [integrity check]
2024-08-23 21:40:52,740 [INFO] ThirdPartyUpdaterWithRetryManager:70 - Updater plugin not ready yet. [1/15]
2024-08-23 21:40:52,814 [INFO] PluginManage:359 - Loaded plugin tools (category:base,tabindex:7)
2024-08-23 21:40:52,814 [INFO] PluginManage:310 - Check plugin tutovideos
2024-08-23 21:40:53,124 [INFO] PluginManage:359 - Loaded plugin tutovideos (category:base,tabindex:-1)
2024-08-23 21:40:53,124 [INFO] PluginManage:310 - Check plugin updater
2024-08-23 21:40:53,140 [INFO] PluginManage:359 - Loaded plugin updater (category:base,tabindex:12)
2024-08-23 21:40:53,147 [INFO] PluginManage:310 - Check plugin userauth
2024-08-23 21:40:53,147 [INFO] UserAuth:114 - Init User Auth plugin
2024-08-23 21:40:53,147 [INFO] PluginManage:359 - Loaded plugin userauth (category:base,tabindex:14)
2024-08-23 21:40:53,157 [INFO] PluginManage:283 - PluginManage : Loaded plugins [17]
2024-08-23 21:40:53,524 [INFO] PinOutPanel:1561 - setPackage(No Configuration,No Configuration)
2024-08-23 21:40:53,631 [INFO] CADModel:165 - CPN selected for project level
2024-08-23 21:40:53,631 [INFO] CADModel:114 - Register for checkConnection events
2024-08-23 21:40:53,665 [INFO] IPUIPlugin:80 - create IPUIPlugin
2024-08-23 21:40:53,665 [INFO] PluginManager:220 - loadIPPluginJar : add adc
2024-08-23 21:40:53,747 [INFO] IPUIPlugin:80 - create IPUIPlugin
2024-08-23 21:40:53,748 [INFO] PluginManager:220 - loadIPPluginJar : add aes
2024-08-23 21:40:53,841 [INFO] IPUIPlugin:80 - create IPUIPlugin
2024-08-23 21:40:53,841 [INFO] PluginManager:220 - loadIPPluginJar : add can
2024-08-23 21:40:53,892 [INFO] IPUIPlugin:80 - create IPUIPlugin
2024-08-23 21:40:53,892 [INFO] PluginManager:220 - loadIPPluginJar : add comp
2024-08-23 21:40:53,965 [INFO] IPUIPlugin:80 - create IPUIPlugin
2024-08-23 21:40:53,965 [INFO] PluginManager:220 - loadIPPluginJar : add cryp
2024-08-23 21:40:54,041 [INFO] IPUIPlugin:80 - create IPUIPlugin
2024-08-23 21:40:54,041 [INFO] PluginManager:220 - loadIPPluginJar : add dfsdm
2024-08-23 21:40:54,067 [INFO] IPUIPlugin:80 - create IPUIPlugin
2024-08-23 21:40:54,067 [INFO] PluginManager:220 - loadIPPluginJar : add dma
2024-08-23 21:40:54,158 [INFO] IPUIPlugin:80 - create IPUIPlugin
2024-08-23 21:40:54,158 [INFO] PluginManager:220 - loadIPPluginJar : add dma3
2024-08-23 21:40:54,258 [INFO] IPUIPlugin:80 - create IPUIPlugin
2024-08-23 21:40:54,258 [INFO] PluginManager:220 - loadIPPluginJar : add extmemmanager
2024-08-23 21:40:54,298 [INFO] IPUIPlugin:80 - create IPUIPlugin
2024-08-23 21:40:54,298 [INFO] PluginManager:220 - loadIPPluginJar : add fatfs
2024-08-23 21:40:54,398 [INFO] IPUIPlugin:80 - create IPUIPlugin
2024-08-23 21:40:54,398 [INFO] PluginManager:220 - loadIPPluginJar : add fmc
2024-08-23 21:40:54,425 [INFO] IPUIPlugin:80 - create IPUIPlugin
2024-08-23 21:40:54,425 [INFO] PluginManager:220 - loadIPPluginJar : add freertos
2024-08-23 21:40:54,465 [INFO] IPUIPlugin:80 - create IPUIPlugin
2024-08-23 21:40:54,475 [INFO] PluginManager:220 - loadIPPluginJar : add genericplugin
2024-08-23 21:40:54,692 [INFO] IPUIPlugin:80 - create IPUIPlugin
2024-08-23 21:40:54,692 [INFO] PluginManager:220 - loadIPPluginJar : add gfxmmu
2024-08-23 21:40:54,992 [INFO] IPUIPlugin:80 - create IPUIPlugin
2024-08-23 21:40:54,992 [INFO] PluginManager:220 - loadIPPluginJar : add gic
2024-08-23 21:40:55,025 [INFO] IPUIPlugin:80 - create IPUIPlugin
2024-08-23 21:40:55,025 [INFO] PluginManager:220 - loadIPPluginJar : add gpio
2024-08-23 21:40:55,216 [INFO] IPUIPlugin:80 - create IPUIPlugin
2024-08-23 21:40:55,216 [INFO] PluginManager:220 - loadIPPluginJar : add gtzc
2024-08-23 21:40:55,283 [INFO] IPUIPlugin:80 - create IPUIPlugin
2024-08-23 21:40:55,283 [INFO] PluginManager:220 - loadIPPluginJar : add hash
2024-08-23 21:40:55,399 [INFO] IPUIPlugin:80 - create IPUIPlugin
2024-08-23 21:40:55,399 [INFO] PluginManager:220 - loadIPPluginJar : add i2c
2024-08-23 21:40:55,499 [INFO] IPUIPlugin:80 - create IPUIPlugin
2024-08-23 21:40:55,499 [INFO] PluginManager:220 - loadIPPluginJar : add i2s
2024-08-23 21:40:55,592 [INFO] IPUIPlugin:80 - create IPUIPlugin
2024-08-23 21:40:55,592 [INFO] PluginManager:220 - loadIPPluginJar : add i3c
2024-08-23 21:40:55,759 [INFO] ThirdPartyUpdaterWithRetryManager:70 - Updater plugin not ready yet. [2/15]
2024-08-23 21:40:55,833 [INFO] IPUIPlugin:80 - create IPUIPlugin
2024-08-23 21:40:55,833 [INFO] PluginManager:220 - loadIPPluginJar : add ipddr
2024-08-23 21:40:56,043 [INFO] IPUIPlugin:80 - create IPUIPlugin
2024-08-23 21:40:56,043 [INFO] PluginManager:220 - loadIPPluginJar : add linkedlist
2024-08-23 21:40:56,126 [INFO] IPUIPlugin:80 - create IPUIPlugin
2024-08-23 21:40:56,126 [INFO] PluginManager:220 - loadIPPluginJar : add lorawan
2024-08-23 21:40:56,210 [INFO] IPUIPlugin:80 - create IPUIPlugin
2024-08-23 21:40:56,216 [INFO] PluginManager:220 - loadIPPluginJar : add ltdc
2024-08-23 21:40:56,234 [INFO] IPUIPlugin:80 - create IPUIPlugin
2024-08-23 21:40:56,234 [INFO] PluginManager:220 - loadIPPluginJar : add mdma
2024-08-23 21:40:56,261 [INFO] IPUIPlugin:80 - create IPUIPlugin
2024-08-23 21:40:56,261 [INFO] PluginManager:220 - loadIPPluginJar : add nvic
2024-08-23 21:40:56,350 [INFO] IPUIPlugin:80 - create IPUIPlugin
2024-08-23 21:40:56,350 [INFO] PluginManager:220 - loadIPPluginJar : add opamp
2024-08-23 21:40:56,484 [INFO] IPUIPlugin:80 - create IPUIPlugin
2024-08-23 21:40:56,484 [INFO] PluginManager:220 - loadIPPluginJar : add openamp
2024-08-23 21:40:56,584 [INFO] IPUIPlugin:80 - create IPUIPlugin
2024-08-23 21:40:56,584 [INFO] PluginManager:220 - loadIPPluginJar : add pdm2pcm
2024-08-23 21:40:56,601 [INFO] IPUIPlugin:80 - create IPUIPlugin
2024-08-23 21:40:56,611 [INFO] PluginManager:220 - loadIPPluginJar : add plateformsettings
2024-08-23 21:40:56,651 [INFO] IPUIPlugin:80 - create IPUIPlugin
2024-08-23 21:40:56,651 [INFO] PluginManager:220 - loadIPPluginJar : add quadspi
2024-08-23 21:40:56,667 [INFO] IPUIPlugin:80 - create IPUIPlugin
2024-08-23 21:40:56,667 [INFO] PluginManager:220 - loadIPPluginJar : add resmgrutility
2024-08-23 21:40:56,767 [INFO] IPUIPlugin:80 - create IPUIPlugin
2024-08-23 21:40:56,767 [INFO] PluginManager:220 - loadIPPluginJar : add sai
2024-08-23 21:40:56,851 [INFO] IPUIPlugin:80 - create IPUIPlugin
2024-08-23 21:40:56,851 [INFO] PluginManager:220 - loadIPPluginJar : add spi
2024-08-23 21:40:57,001 [INFO] IPUIPlugin:80 - create IPUIPlugin
2024-08-23 21:40:57,001 [INFO] PluginManager:220 - loadIPPluginJar : add stm32_wpan
2024-08-23 21:40:57,051 [INFO] IPUIPlugin:80 - create IPUIPlugin
2024-08-23 21:40:57,051 [INFO] PluginManager:220 - loadIPPluginJar : add tim
2024-08-23 21:40:57,194 [INFO] IPUIPlugin:80 - create IPUIPlugin
2024-08-23 21:40:57,194 [INFO] PluginManager:220 - loadIPPluginJar : add touchsensing
2024-08-23 21:40:57,244 [INFO] IPUIPlugin:80 - create IPUIPlugin
2024-08-23 21:40:57,244 [INFO] PluginManager:220 - loadIPPluginJar : add tracer_emb
2024-08-23 21:40:57,294 [INFO] IPUIPlugin:80 - create IPUIPlugin
2024-08-23 21:40:57,294 [INFO] PluginManager:220 - loadIPPluginJar : add ts
2024-08-23 21:40:57,334 [INFO] IPUIPlugin:80 - create IPUIPlugin
2024-08-23 21:40:57,334 [INFO] PluginManager:220 - loadIPPluginJar : add tsc
2024-08-23 21:40:57,384 [INFO] IPUIPlugin:80 - create IPUIPlugin
2024-08-23 21:40:57,384 [INFO] PluginManager:220 - loadIPPluginJar : add ucpd
2024-08-23 21:40:57,484 [INFO] IPUIPlugin:80 - create IPUIPlugin
2024-08-23 21:40:57,484 [INFO] PluginManager:220 - loadIPPluginJar : add usart
2024-08-23 21:40:57,585 [INFO] IPUIPlugin:80 - create IPUIPlugin
2024-08-23 21:40:57,585 [INFO] PluginManager:220 - loadIPPluginJar : add usbx
2024-08-23 21:40:57,778 [INFO] CADModel:165 - CPN selected for project level
2024-08-23 21:40:57,778 [INFO] CADModel:114 - Register for checkConnection events
2024-08-23 21:40:57,778 [FATAL] Updater:308 - Updater called before beeing initialized
2024-08-23 21:40:57,778 [ERROR] CADModel:125 - Updater not yet initialized, retry later 
2024-08-23 21:40:58,085 [INFO] CADModel:165 - CPN selected for project level
2024-08-23 21:40:58,085 [INFO] CADModel:114 - Register for checkConnection events
2024-08-23 21:40:58,085 [FATAL] Updater:308 - Updater called before beeing initialized
2024-08-23 21:40:58,086 [ERROR] CADModel:125 - Updater not yet initialized, retry later 
2024-08-23 21:40:58,090 [FATAL] Updater:308 - Updater called before beeing initialized
2024-08-23 21:40:58,335 [FATAL] Updater:308 - Updater called before beeing initialized
2024-08-23 21:40:58,346 [INFO] DbMcusAds:53 - JSON generation date=Thu May 16 16:22:00 ICT 2024 (1715851320667)
2024-08-23 21:40:58,346 [FATAL] Updater:308 - Updater called before beeing initialized
2024-08-23 21:40:58,462 [WARN] DetailPanel:346 - Failed to get advertising image, set to default
2024-08-23 21:40:58,612 [FATAL] Updater:308 - Updater called before beeing initialized
2024-08-23 21:40:58,612 [FATAL] Updater:308 - Updater called before beeing initialized
2024-08-23 21:40:58,612 [FATAL] Updater:308 - Updater called before beeing initialized
2024-08-23 21:40:58,612 [WARN] DetailPanel:346 - Failed to get advertising image, set to default
2024-08-23 21:40:58,619 [FATAL] Updater:308 - Updater called before beeing initialized
2024-08-23 21:40:58,735 [ERROR] Updater:1120 - MainUpdater not yet initialized. External WinMGr cannot be set.
2024-08-23 21:40:58,745 [INFO] Updater:1056 - Updater Version found : 6.11.1
2024-08-23 21:40:58,762 [INFO] ThirdPartyUpdaterWithRetryManager:70 - Updater plugin not ready yet. [3/15]
2024-08-23 21:40:58,778 [INFO] ApplicationProperties:184 - Using Application install path: C:\ST\STM32CubeIDE_1.15.1\STM32CubeIDE\plugins\com.st.stm32cube.common.mx_6.11.1.202404110753
2024-08-23 21:41:00,453 [ERROR] LogOutputStream:75 - [STDERR_REDIRECT] Aug 23, 2024 9:41:00 PM java.util.prefs.WindowsPreferences <init>
2024-08-23 21:41:00,496 [ERROR] LogOutputStream:75 - [STDERR_REDIRECT] WARNING: Could not open/create prefs root node Software\JavaSoft\Prefs at root 0xffffffff80000002. Windows RegCreateKeyEx(...) returned error code 5.
2024-08-23 21:41:00,504 [ERROR] LogOutputStream:75 - [STDERR_REDIRECT] 
2024-08-23 21:41:01,092 [INFO] MainUpdater:2873 - connection check result : 10
2024-08-23 21:41:01,094 [INFO] MainUpdater:290 - Updater Check For Update Now.
2024-08-23 21:41:01,094 [INFO] MicroXplorer:498 - Change Database Version : DB.6.0.111
2024-08-23 21:41:01,112 [INFO] McuFinderGlobals:63 - Set McuFinder mode to 2 (CubeIDE integrated)
2024-08-23 21:41:01,141 [INFO] UserAuth:415 - Internet connection configuration mode: 1
2024-08-23 21:41:01,210 [INFO] JxBrowserEngine:152 - Initiate JxBrowser Engine with user profile folder
2024-08-23 21:41:01,381 [INFO] CheckServerUpdateThread:120 - End of CheckServer Thread
2024-08-23 21:41:02,152 [WARN] PackLoader:240 - Cannot read IP mode file for STMicroelectronics.FP-SNS-MOTENVWB1.1.4.0
2024-08-23 21:41:02,181 [WARN] PackLoader:240 - Cannot read IP mode file for STMicroelectronics.X-CUBE-SMBUS.2.1.0
2024-08-23 21:41:02,197 [WARN] PackLoader:240 - Cannot read IP mode file for STMicroelectronics.X-CUBE-TOUCHGFX.4.23.2
2024-08-23 21:41:02,250 [WARN] PackLoader:240 - Cannot read IP mode file for STMicroelectronics.X-CUBE-AZRTOS-F7.1.1.0
2024-08-23 21:41:02,408 [WARN] PackLoader:240 - Cannot read IP mode file for STMicroelectronics.X-CUBE-MEMS1.11.0.0
2024-08-23 21:41:02,709 [WARN] PackLoader:240 - Cannot read IP mode file for STMicroelectronics.FP-SNS-FLIGHT1.5.0.2
2024-08-23 21:41:02,744 [WARN] PackLoader:240 - Cannot read IP mode file for STMicroelectronics.X-CUBE-DISPLAY.3.0.0
2024-08-23 21:41:02,769 [WARN] PackLoader:240 - Cannot read IP mode file for STMicroelectronics.X-CUBE-BLE1.7.0.0
2024-08-23 21:41:02,792 [WARN] PackLoader:240 - Cannot read IP mode file for emotas.I-CUBE-CANOPEN.1.3.0
2024-08-23 21:41:02,853 [WARN] PackLoader:240 - Cannot read IP mode file for STMicroelectronics.X-CUBE-BLEMGR.3.1.0
2024-08-23 21:41:02,878 [WARN] PackLoader:240 - Cannot read IP mode file for STMicroelectronics.FP-SNS-SMARTAG2.1.2.0
2024-08-23 21:41:02,898 [INFO] LogOutputStream:77 - [STDOUT_REDIRECT] 1 : Invalid condition id : UX_CORESTACK_Condition cause : null
2024-08-23 21:41:02,898 [INFO] LogOutputStream:77 - [STDOUT_REDIRECT] 1 : Invalid condition id : UX_CORESTACK_Condition cause : null
2024-08-23 21:41:02,906 [INFO] LogOutputStream:77 - [STDOUT_REDIRECT] 1 : Invalid condition id : UX_CORESTACK_Condition cause : null
2024-08-23 21:41:02,909 [INFO] LogOutputStream:77 - [STDOUT_REDIRECT] 1 : Invalid condition id : UX_CORESTACK_Condition cause : null
2024-08-23 21:41:02,911 [INFO] LogOutputStream:77 - [STDOUT_REDIRECT] 1 : Invalid condition id : UX_CORESTACK_Condition cause : null
2024-08-23 21:41:02,914 [WARN] PackLoader:240 - Cannot read IP mode file for STMicroelectronics.X-CUBE-AZRTOS-WL.2.0.0
2024-08-23 21:41:02,928 [WARN] PackLoader:240 - Cannot read IP mode file for STMicroelectronics.FP-SNS-MOTENV1.5.0.0
2024-08-23 21:41:02,947 [WARN] PackLoader:240 - Cannot read IP mode file for wolfSSL.I-CUBE-wolfMQTT.1.19.0
2024-08-23 21:41:02,974 [WARN] PackLoader:240 - Cannot read IP mode file for WES.I-CUBE-Cesium.1.3.0
2024-08-23 21:41:03,002 [WARN] PackLoader:240 - Cannot read IP mode file for STMicroelectronics.X-CUBE-BLE2.3.3.0
2024-08-23 21:41:03,029 [WARN] PackLoader:240 - Cannot read IP mode file for STMicroelectronics.X-CUBE-TCPP.4.1.0
2024-08-23 21:41:03,128 [WARN] PackLoader:240 - Cannot read IP mode file for STMicroelectronics.X-CUBE-AZRTOS-G0.1.1.0
2024-08-23 21:41:03,154 [WARN] PackLoader:240 - Cannot read IP mode file for STMicroelectronics.X-CUBE-SAFEA1.1.2.2
2024-08-23 21:41:03,175 [WARN] PackLoader:240 - Cannot read IP mode file for STMicroelectronics.X-CUBE-NFC4.3.0.0
2024-08-23 21:41:03,205 [WARN] PackLoader:240 - Cannot read IP mode file for EmbeddedOffice.I-CUBE-FS-RTOS.1.0.1
2024-08-23 21:41:03,208 [ERROR] ConditionMgr:805 - Attr not supported : Dmpu
2024-08-23 21:41:03,208 [ERROR] ConditionMgr:805 - Attr not supported : Dmpu
2024-08-23 21:41:03,208 [ERROR] ConditionMgr:805 - Attr not supported : Dmpu
2024-08-23 21:41:03,208 [ERROR] ConditionMgr:805 - Attr not supported : Dmpu
2024-08-23 21:41:03,208 [ERROR] ConditionMgr:805 - Attr not supported : Dmpu
2024-08-23 21:41:03,208 [ERROR] ConditionMgr:805 - Attr not supported : Dmpu
2024-08-23 21:41:03,208 [ERROR] ConditionMgr:805 - Attr not supported : Dmpu
2024-08-23 21:41:03,208 [ERROR] ConditionMgr:805 - Attr not supported : Dmpu
2024-08-23 21:41:03,208 [ERROR] ConditionMgr:805 - Attr not supported : Dmpu
2024-08-23 21:41:03,208 [ERROR] ConditionMgr:805 - Attr not supported : Dmpu
2024-08-23 21:41:03,208 [ERROR] ConditionMgr:805 - Attr not supported : Dmpu
2024-08-23 21:41:03,208 [ERROR] ConditionMgr:805 - Attr not supported : Dmpu
2024-08-23 21:41:03,208 [ERROR] ConditionMgr:805 - Attr not supported : Dmpu
2024-08-23 21:41:03,208 [ERROR] ConditionMgr:805 - Attr not supported : Dmpu
2024-08-23 21:41:03,208 [ERROR] ConditionMgr:805 - Attr not supported : Dmpu
2024-08-23 21:41:03,208 [ERROR] ConditionMgr:805 - Attr not supported : Dmpu
2024-08-23 21:41:03,208 [ERROR] ConditionMgr:805 - Attr not supported : Dmpu
2024-08-23 21:41:03,208 [ERROR] ConditionMgr:805 - Attr not supported : Dmpu
2024-08-23 21:41:03,208 [ERROR] ConditionMgr:805 - Attr not supported : Dmpu
2024-08-23 21:41:03,208 [ERROR] ConditionMgr:805 - Attr not supported : Dmpu
2024-08-23 21:41:03,208 [ERROR] ConditionMgr:805 - Attr not supported : Dmpu
2024-08-23 21:41:03,208 [ERROR] ConditionMgr:805 - Attr not supported : Dmpu
2024-08-23 21:41:03,208 [ERROR] ConditionMgr:805 - Attr not supported : Dmpu
2024-08-23 21:41:03,208 [ERROR] ConditionMgr:805 - Attr not supported : Dmpu
2024-08-23 21:41:03,208 [ERROR] ConditionMgr:805 - Attr not supported : Dmpu
2024-08-23 21:41:03,208 [ERROR] ConditionMgr:805 - Attr not supported : Dmpu
2024-08-23 21:41:03,208 [ERROR] ConditionMgr:805 - Attr not supported : Dmpu
2024-08-23 21:41:03,208 [ERROR] ConditionMgr:805 - Attr not supported : Dmpu
2024-08-23 21:41:03,208 [ERROR] ConditionMgr:805 - Attr not supported : Dmpu
2024-08-23 21:41:03,208 [ERROR] ConditionMgr:805 - Attr not supported : Dmpu
2024-08-23 21:41:03,208 [ERROR] ConditionMgr:805 - Attr not supported : Dmpu
2024-08-23 21:41:03,208 [ERROR] ConditionMgr:805 - Attr not supported : Dmpu
2024-08-23 21:41:03,208 [ERROR] ConditionMgr:805 - Attr not supported : Dmpu
2024-08-23 21:41:03,208 [ERROR] ConditionMgr:805 - Attr not supported : Dmpu
2024-08-23 21:41:03,208 [ERROR] ConditionMgr:805 - Attr not supported : Dmpu
2024-08-23 21:41:03,208 [ERROR] ConditionMgr:805 - Attr not supported : Dmpu
2024-08-23 21:41:03,208 [ERROR] ConditionMgr:805 - Attr not supported : Dmpu
2024-08-23 21:41:03,208 [ERROR] ConditionMgr:805 - Attr not supported : Dmpu
2024-08-23 21:41:03,208 [ERROR] ConditionMgr:805 - Attr not supported : Dmpu
2024-08-23 21:41:03,208 [ERROR] ConditionMgr:805 - Attr not supported : Dmpu
2024-08-23 21:41:03,208 [ERROR] ConditionMgr:805 - Attr not supported : Dmpu
2024-08-23 21:41:03,208 [ERROR] ConditionMgr:805 - Attr not supported : Dmpu
2024-08-23 21:41:03,208 [ERROR] ConditionMgr:805 - Attr not supported : Dmpu
2024-08-23 21:41:03,208 [ERROR] ConditionMgr:805 - Attr not supported : Dmpu
2024-08-23 21:41:03,208 [ERROR] ConditionMgr:805 - Attr not supported : Dmpu
2024-08-23 21:41:03,208 [ERROR] ConditionMgr:805 - Attr not supported : Dmpu
2024-08-23 21:41:03,208 [ERROR] ConditionMgr:805 - Attr not supported : Dmpu
2024-08-23 21:41:03,208 [ERROR] ConditionMgr:805 - Attr not supported : Dmpu
2024-08-23 21:41:03,208 [ERROR] ConditionMgr:805 - Attr not supported : Dmpu
2024-08-23 21:41:03,208 [ERROR] ConditionMgr:805 - Attr not supported : Dmpu
2024-08-23 21:41:03,208 [ERROR] ConditionMgr:805 - Attr not supported : Dmpu
2024-08-23 21:41:03,208 [ERROR] ConditionMgr:805 - Attr not supported : Dmpu
2024-08-23 21:41:03,208 [ERROR] ConditionMgr:805 - Attr not supported : Dmpu
2024-08-23 21:41:03,208 [ERROR] ConditionMgr:805 - Attr not supported : Dmpu
2024-08-23 21:41:03,208 [ERROR] ConditionMgr:805 - Attr not supported : Dmpu
2024-08-23 21:41:03,216 [ERROR] ConditionMgr:805 - Attr not supported : Dmpu
2024-08-23 21:41:03,216 [ERROR] ConditionMgr:805 - Attr not supported : Dmpu
2024-08-23 21:41:03,216 [ERROR] ConditionMgr:805 - Attr not supported : Dmpu
2024-08-23 21:41:03,216 [ERROR] ConditionMgr:805 - Attr not supported : Dmpu
2024-08-23 21:41:03,216 [ERROR] ConditionMgr:805 - Attr not supported : Dmpu
2024-08-23 21:41:03,216 [ERROR] ConditionMgr:805 - Attr not supported : Dmpu
2024-08-23 21:41:03,216 [ERROR] ConditionMgr:805 - Attr not supported : Dmpu
2024-08-23 21:41:03,216 [ERROR] ConditionMgr:805 - Attr not supported : Dmpu
2024-08-23 21:41:03,216 [ERROR] ConditionMgr:805 - Attr not supported : Dmpu
2024-08-23 21:41:03,236 [WARN] PackLoader:240 - Cannot read IP mode file for RealThread.X-CUBE-RT-Thread_Nano.4.1.1
2024-08-23 21:41:03,254 [WARN] PackLoader:240 - Cannot read IP mode file for wolfSSL.I-CUBE-wolfSSL.5.7.0
2024-08-23 21:41:03,275 [WARN] PackLoader:240 - Cannot read IP mode file for STMicroelectronics.FP-ATR-SIGFOX1.3.2.0
2024-08-23 21:41:03,308 [WARN] PackLoader:240 - Cannot read IP mode file for STMicroelectronics.X-CUBE-EEPRMA1.5.1.0
2024-08-23 21:41:03,335 [WARN] PackLoader:240 - Cannot read IP mode file for ITTIA_DB.I-CUBE-ITTIADB.8.9.0
2024-08-23 21:41:03,392 [WARN] PackLoader:240 - Cannot read IP mode file for SEGGER.I-CUBE-embOS.1.3.1
2024-08-23 21:41:03,483 [WARN] PackLoader:240 - Cannot read IP mode file for STMicroelectronics.X-CUBE-ALGOBUILD.1.4.0
2024-08-23 21:41:03,507 [WARN] PackLoader:240 - Cannot read IP mode file for STMicroelectronics.X-CUBE-GNSS1.6.0.0
2024-08-23 21:41:03,546 [WARN] PackLoader:240 - Cannot read IP mode file for STMicroelectronics.X-CUBE-AZRTOS-F4.1.1.0
2024-08-23 21:41:03,575 [WARN] PackLoader:240 - Cannot read IP mode file for STMicroelectronics.X-CUBE-FREERTOS.1.2.0
2024-08-23 21:41:03,648 [WARN] PackLoader:240 - Cannot read IP mode file for STMicroelectronics.X-CUBE-AZRTOS-L5.2.0.0
2024-08-23 21:41:03,687 [WARN] PackLoader:240 - Cannot read IP mode file for STMicroelectronics.X-CUBE-NFC6.3.1.0
2024-08-23 21:41:03,708 [WARN] PackLoader:240 - Cannot read IP mode file for STMicroelectronics.X-CUBE-DPower.1.2.0
2024-08-23 21:41:03,739 [WARN] PackLoader:240 - Cannot read IP mode file for STMicroelectronics.X-CUBE-AI.9.0.0
2024-08-23 21:41:03,757 [WARN] PackLoader:240 - Cannot read IP mode file for STMicroelectronics.X-CUBE-NFC7.1.0.1
2024-08-23 21:41:03,770 [WARN] PackLoader:240 - Cannot read IP mode file for wolfSSL.I-CUBE-wolfTPM.3.2.0
2024-08-23 21:41:03,834 [WARN] ConditionMgr:438 - getConditionDescription Invalid condition id : LAN8742 Phy interface Condition cause : null
2024-08-23 21:41:03,835 [WARN] PackLoader:240 - Cannot read IP mode file for STMicroelectronics.X-CUBE-AZRTOS-L4.2.0.0
2024-08-23 21:41:03,836 [WARN] ConditionMgr:1039 - genDependencies : Invalid condition id : LAN8742 Phy interface Condition cause : null
2024-08-23 21:41:03,838 [WARN] ConditionMgr:1039 - genDependencies : Invalid condition id : LAN8742 Phy interface Condition cause : null
2024-08-23 21:41:03,838 [WARN] ConditionMgr:1039 - genDependencies : Invalid condition id : LAN8742 Phy interface Condition cause : null
2024-08-23 21:41:03,858 [WARN] PackLoader:240 - Cannot read IP mode file for STMicroelectronics.X-CUBE-SFXS2LP1.4.0.0
2024-08-23 21:41:03,903 [WARN] PackLoader:240 - Cannot read IP mode file for STMicroelectronics.X-CUBE-AZRTOS-H7.3.3.0
2024-08-23 21:41:03,948 [WARN] ConditionMgr:438 - getConditionDescription Invalid condition id : UX DEVICE CLASS RTOS Condition cause : null
2024-08-23 21:41:03,948 [WARN] ConditionMgr:438 - getConditionDescription Invalid condition id : UX DEVICE CLASS RTOS Condition cause : null
2024-08-23 21:41:03,952 [WARN] PackLoader:240 - Cannot read IP mode file for STMicroelectronics.X-CUBE-AZRTOS-WB.2.0.0
2024-08-23 21:41:03,955 [WARN] ConditionMgr:1039 - genDependencies : Invalid condition id : UX DEVICE CLASS RTOS Condition cause : null
2024-08-23 21:41:03,955 [WARN] ConditionMgr:1039 - genDependencies : Invalid condition id : UX DEVICE CLASS RTOS Condition cause : null
2024-08-23 21:41:03,956 [WARN] ConditionMgr:1039 - genDependencies : Invalid condition id : UX DEVICE CLASS RTOS Condition cause : null
2024-08-23 21:41:03,956 [WARN] ConditionMgr:1039 - genDependencies : Invalid condition id : UX DEVICE CLASS RTOS Condition cause : null
2024-08-23 21:41:03,956 [WARN] ConditionMgr:1039 - genDependencies : Invalid condition id : UX DEVICE CLASS RTOS Condition cause : null
2024-08-23 21:41:03,983 [WARN] PackLoader:240 - Cannot read IP mode file for STMicroelectronics.FP-SNS-STBOX1.2.0.0
2024-08-23 21:41:04,022 [WARN] PackLoader:240 - Cannot read IP mode file for STMicroelectronics.X-CUBE-SUBG2.5.0.0
2024-08-23 21:41:04,040 [WARN] PackLoader:240 - Cannot read IP mode file for Cesanta.I-CUBE-Mongoose.7.13.0
2024-08-23 21:41:04,075 [WARN] PackLoader:240 - Cannot read IP mode file for STMicroelectronics.X-CUBE-AZRTOS-G4.2.0.0
2024-08-23 21:41:04,096 [WARN] PackLoader:240 - Cannot read IP mode file for STMicroelectronics.X-CUBE-ISPU.2.0.0
2024-08-23 21:41:04,108 [WARN] PackLoader:240 - Cannot read IP mode file for STMicroelectronics.X-CUBE-ALS.1.0.2
2024-08-23 21:41:04,168 [WARN] PackLoader:240 - Cannot read IP mode file for STMicroelectronics.X-CUBE-MEMS1.10.0.0
2024-08-23 21:41:04,391 [WARN] PackLoader:240 - Cannot read IP mode file for STMicroelectronics.X-CUBE-TOUCHGFX.4.24.0
2024-08-23 21:41:04,412 [WARN] PackLoader:240 - Cannot read IP mode file for portGmbH.I-Cube-SoM-uGOAL.1.1.0
2024-08-23 21:41:04,428 [WARN] PackLoader:240 - Cannot read IP mode file for STMicroelectronics.X-CUBE-ALS.1.0.1
2024-08-23 21:41:04,456 [WARN] PackLoader:240 - Cannot read IP mode file for STMicroelectronics.X-CUBE-AZRTOS-H7RS.1.0.0
2024-08-23 21:41:04,477 [WARN] PackLoader:240 - Cannot read IP mode file for STMicroelectronics.FP-ATR-ASTRA1.2.0.0
2024-08-23 21:41:04,500 [WARN] PackLoader:240 - Cannot read IP mode file for STMicroelectronics.X-CUBE-TOF1.3.4.2
2024-08-23 21:41:04,543 [WARN] PackLoader:240 - Cannot read IP mode file for STMicroelectronics.X-CUBE-TOF1.3.4.1
2024-08-23 21:41:04,592 [WARN] PackLoader:240 - Cannot read IP mode file for STMicroelectronics.X-CUBE-AZRTOS-H7.3.2.0
2024-08-23 21:41:04,625 [WARN] PackLoader:240 - Cannot read IP mode file for Infineon.AIROC-Wi-Fi-Bluetooth-STM32.1.6.0
2024-08-23 21:41:04,648 [WARN] PackLoader:240 - Cannot read IP mode file for wolfSSL.I-CUBE-wolfSSH.1.4.17
2024-08-23 21:41:04,651 [INFO] ThirdParty:978 - Integrity check success = true
2024-08-23 21:41:04,651 [INFO] IntegrityCheckThread:100 - exiting critical section [integrity check]
2024-08-23 21:41:04,651 [INFO] IntegrityCheckThread:103 - End integrity checks thread
2024-08-23 21:41:08,478 [INFO] WebApp:161 - Instantiating new browser for Auth
2024-08-23 21:41:09,217 [INFO] WebApp:779 - Register for checkConnection events
2024-08-23 21:41:09,217 [INFO] WebApp:414 - Apply proxy settings
2024-08-23 21:41:09,217 [INFO] WebApp:499 - Chromium requires no authentication
2024-08-23 21:41:09,229 [INFO] WebApp:442 - Direct internet connection detected
2024-08-23 21:41:09,432 [INFO] WebApp:192 - Starting web application
2024-08-23 21:41:09,432 [INFO] WebApp:544 - Web application path used C:\ST\STM32CubeIDE_1.15.1\STM32CubeIDE\plugins\com.st.stm32cube.common.mx_6.11.1.202404110753\db\plugins\mcufinder\reactClient1\index.html
