2024-10-05 18:43:27,282 [INFO] Activator:176 - 


2024-10-05 18:43:27,282 [INFO] Activator:177 - !SESSION log4j initialized
2024-10-05 18:43:32,155 [INFO] LogOutputStream:77 - [STDOUT_REDIRECT] 
2024-10-05 18:43:38,182 [INFO] ApplicationProperties:184 - Using Application install path: C:\ST\STM32CubeIDE_1.15.1\STM32CubeIDE\plugins\com.st.stm32cube.common.mx_6.11.1.202404110753
2024-10-05 18:43:38,199 [INFO] DbMcusXml:78 - Set database path to: C:\ST\STM32CubeIDE_1.15.1\STM32CubeIDE\plugins\com.st.stm32cube.common.mx_6.11.1.202404110753\\db\/mcu/
2024-10-05 18:43:38,199 [INFO] ApiDb:274 - Set plugin database path to: C:\ST\STM32CubeIDE_1.15.1\STM32CubeIDE\plugins\com.st.stm32cube.common.mx_6.11.1.202404110753\\db\/plugins/boardmanager/
2024-10-05 18:43:38,199 [WARN] ApiDb:259 - Overriding images path with different value:  => C:\ST\STM32CubeIDE_1.15.1\STM32CubeIDE\plugins\com.st.stm32cube.common.mx_6.11.1.202404110753\\db\/plugins/mcufinder/images/
2024-10-05 18:43:38,211 [INFO] ApiDb:250 - Set database path to: C:\Users\lmthu\.stmcufinder\plugins\mcufinder//mcu/
2024-10-05 18:43:38,212 [INFO] DbMcusAds:125 - Set database path to: C:\Users\lmthu\.stmcufinder\plugins\mcufinder//mcu/
2024-10-05 18:43:38,215 [INFO] CrossReferenceDbSqlite:203 - Set database path to: C:\Users\lmthu\.stmcufinder\plugins\mcufinder//mcu/cs/
2024-10-05 18:43:38,366 [INFO] RulesReader:64 - Compatibility file has been processed (297 Rules)
2024-10-05 18:43:38,507 [INFO] DbMcusXml:78 - Set database path to: C:\ST\STM32CubeIDE_1.15.1\STM32CubeIDE\plugins\com.st.stm32cube.common.mx_6.11.1.202404110753\\db\/mcu/
2024-10-05 18:43:38,507 [INFO] ApiDb:274 - Set plugin database path to: C:\ST\STM32CubeIDE_1.15.1\STM32CubeIDE\plugins\com.st.stm32cube.common.mx_6.11.1.202404110753\\db\/plugins/boardmanager/
2024-10-05 18:43:38,508 [INFO] ApiDb:261 - Set plugin images path to: C:\ST\STM32CubeIDE_1.15.1\STM32CubeIDE\plugins\com.st.stm32cube.common.mx_6.11.1.202404110753\\db\/plugins/mcufinder/images/
2024-10-05 18:43:38,508 [WARN] DbFile:41 - Overriding database path with different value: C:\Users\lmthu\.stmcufinder\plugins\mcufinder/ => C:\Users\lmthu\.stmcufinder\plugins\mcufinder
2024-10-05 18:43:38,508 [INFO] ApiDb:250 - Set database path to: C:\Users\lmthu\.stmcufinder\plugins\mcufinder//mcu/
2024-10-05 18:43:38,508 [WARN] DbFile:41 - Overriding database path with different value: C:\Users\lmthu\.stmcufinder\plugins\mcufinder/ => C:\Users\lmthu\.stmcufinder\plugins\mcufinder
2024-10-05 18:43:38,508 [INFO] DbMcusAds:125 - Set database path to: C:\Users\lmthu\.stmcufinder\plugins\mcufinder//mcu/
2024-10-05 18:43:38,508 [WARN] DbFile:41 - Overriding database path with different value: C:\Users\lmthu\.stmcufinder\plugins\mcufinder/ => C:\Users\lmthu\.stmcufinder\plugins\mcufinder
2024-10-05 18:43:38,508 [WARN] DbFile:41 - Overriding database path with different value: C:\Users\lmthu\.stmcufinder\plugins\mcufinder/ => C:\Users\lmthu\.stmcufinder\plugins\mcufinder
2024-10-05 18:43:38,508 [INFO] CrossReferenceDbSqlite:203 - Set database path to: C:\Users\lmthu\.stmcufinder\plugins\mcufinder//mcu/cs/
2024-10-05 18:43:38,565 [INFO] MainPanel:264 - HeapMemory: 268435456
2024-10-05 18:43:38,634 [INFO] DbMcusXml:78 - Set database path to: C:\ST\STM32CubeIDE_1.15.1\STM32CubeIDE\plugins\com.st.stm32cube.common.mx_6.11.1.202404110753\\db\/mcu/
2024-10-05 18:43:38,634 [INFO] ApiDb:274 - Set plugin database path to: C:\ST\STM32CubeIDE_1.15.1\STM32CubeIDE\plugins\com.st.stm32cube.common.mx_6.11.1.202404110753\\db\/plugins/boardmanager/
2024-10-05 18:43:38,634 [INFO] ApiDb:261 - Set plugin images path to: C:\ST\STM32CubeIDE_1.15.1\STM32CubeIDE\plugins\com.st.stm32cube.common.mx_6.11.1.202404110753\\db\/plugins/mcufinder/images/
2024-10-05 18:43:38,634 [WARN] DbFile:41 - Overriding database path with different value: C:\Users\lmthu\.stmcufinder\plugins\mcufinder/ => C:\Users\lmthu\.stmcufinder\plugins\mcufinder
2024-10-05 18:43:38,635 [INFO] ApiDb:250 - Set database path to: C:\Users\lmthu\.stmcufinder\plugins\mcufinder//mcu/
2024-10-05 18:43:38,635 [WARN] DbFile:41 - Overriding database path with different value: C:\Users\lmthu\.stmcufinder\plugins\mcufinder/ => C:\Users\lmthu\.stmcufinder\plugins\mcufinder
2024-10-05 18:43:38,635 [INFO] DbMcusAds:125 - Set database path to: C:\Users\lmthu\.stmcufinder\plugins\mcufinder//mcu/
2024-10-05 18:43:38,635 [WARN] DbFile:41 - Overriding database path with different value: C:\Users\lmthu\.stmcufinder\plugins\mcufinder/ => C:\Users\lmthu\.stmcufinder\plugins\mcufinder
2024-10-05 18:43:38,635 [WARN] DbFile:41 - Overriding database path with different value: C:\Users\lmthu\.stmcufinder\plugins\mcufinder/ => C:\Users\lmthu\.stmcufinder\plugins\mcufinder
2024-10-05 18:43:38,635 [INFO] CrossReferenceDbSqlite:203 - Set database path to: C:\Users\lmthu\.stmcufinder\plugins\mcufinder//mcu/cs/
2024-10-05 18:43:38,649 [INFO] ApplicationProperties:184 - Using Application install path: C:\ST\STM32CubeIDE_1.15.1\STM32CubeIDE\plugins\com.st.stm32cube.common.mx_6.11.1.202404110753
2024-10-05 18:43:38,650 [INFO] PluginManage:196 - Search for loadable plugins [exclusion list=, ]
2024-10-05 18:43:38,651 [INFO] PluginManage:310 - Check plugin analytics
2024-10-05 18:43:43,760 [INFO] AnalyticsPlugin:253 - Accepted Software Licenses: STM32CubeMX.6.11.1
2024-10-05 18:43:43,760 [INFO] AnalyticsPlugin:255 - Accepted CMSIS Pack Licenses: 
2024-10-05 18:43:43,760 [INFO] AnalyticsPlugin:257 - Accepted Firmware Licenses: FW.F4.1.28.0
2024-10-05 18:43:43,763 [INFO] PluginManage:359 - Loaded plugin analytics (category:tool,tabindex:-1)
2024-10-05 18:43:43,763 [INFO] PluginManage:310 - Check plugin cadmodel
2024-10-05 18:43:43,779 [INFO] CADModel:105 - Init CAD model plugin
2024-10-05 18:43:43,779 [INFO] PluginManage:359 - Loaded plugin cadmodel (category:power,tabindex:5)
2024-10-05 18:43:43,779 [INFO] PluginManage:310 - Check plugin clock
2024-10-05 18:43:43,796 [INFO] PluginManage:359 - Loaded plugin clock (category:base,tabindex:2)
2024-10-05 18:43:43,796 [INFO] PluginManage:310 - Check plugin ddr
2024-10-05 18:43:43,797 [INFO] PluginManage:359 - Loaded plugin ddr (category:tool,tabindex:6)
2024-10-05 18:43:43,798 [INFO] PluginManage:310 - Check plugin filemanager
2024-10-05 18:43:43,905 [INFO] PluginManage:359 - Loaded plugin filemanager (category:base,tabindex:10)
2024-10-05 18:43:43,905 [INFO] PluginManage:310 - Check plugin ipmanager
2024-10-05 18:43:43,910 [INFO] PluginManage:359 - Loaded plugin ipmanager (category:base,tabindex:5)
2024-10-05 18:43:43,910 [INFO] PluginManage:310 - Check plugin lpbam
2024-10-05 18:43:43,927 [INFO] PluginManage:359 - Loaded plugin lpbam (category:base,tabindex:0)
2024-10-05 18:43:43,927 [INFO] PluginManage:310 - Check plugin memorymap
2024-10-05 18:43:43,945 [INFO] PluginManage:359 - Loaded plugin memorymap (category:base,tabindex:4)
2024-10-05 18:43:43,946 [INFO] PluginManage:310 - Check plugin pinoutandconfiguration
2024-10-05 18:43:43,958 [INFO] PluginManage:359 - Loaded plugin pinoutandconfiguration (category:base,tabindex:1)
2024-10-05 18:43:43,958 [INFO] PluginManage:310 - Check plugin pinoutconfig
2024-10-05 18:43:44,039 [WARN] SupportedApi:132 - Cannot load RTOS API schema: s4s-elt-must-match.1: The content of 'definitions' must match (annotation?, (simpleType | complexType)?, (unique | key | keyref)*)). A problem was found starting at: attribute.
2024-10-05 18:43:44,160 [INFO] PluginManage:359 - Loaded plugin pinoutconfig (category:base,tabindex:0)
2024-10-05 18:43:44,160 [INFO] PluginManage:310 - Check plugin power
2024-10-05 18:43:44,176 [INFO] PluginManage:359 - Loaded plugin power (category:power,tabindex:4)
2024-10-05 18:43:44,177 [INFO] PluginManage:310 - Check plugin projectmanager
2024-10-05 18:43:44,190 [INFO] PluginManage:359 - Loaded plugin projectmanager (category:projectmanager,tabindex:3)
2024-10-05 18:43:44,190 [INFO] PluginManage:310 - Check plugin thirdparty
2024-10-05 18:43:44,437 [INFO] PluginManage:359 - Loaded plugin thirdparty (category:base,tabindex:-1)
2024-10-05 18:43:44,437 [INFO] PluginManage:310 - Check plugin tools
2024-10-05 18:43:44,437 [WARN] IntegrityCheckThread:84 - waiting for thirdparty lock release [integrity check]
2024-10-05 18:43:44,437 [INFO] IntegrityCheckThread:86 - entering critical section [integrity check]
2024-10-05 18:43:44,439 [INFO] ThirdPartyUpdaterWithRetryManager:70 - Updater plugin not ready yet. [1/15]
2024-10-05 18:43:44,462 [INFO] PluginManage:359 - Loaded plugin tools (category:base,tabindex:7)
2024-10-05 18:43:44,463 [INFO] PluginManage:310 - Check plugin tutovideos
2024-10-05 18:43:44,614 [INFO] PluginManage:359 - Loaded plugin tutovideos (category:base,tabindex:-1)
2024-10-05 18:43:44,614 [INFO] PluginManage:310 - Check plugin updater
2024-10-05 18:43:44,622 [INFO] PluginManage:359 - Loaded plugin updater (category:base,tabindex:12)
2024-10-05 18:43:44,622 [INFO] PluginManage:310 - Check plugin userauth
2024-10-05 18:43:44,627 [INFO] UserAuth:114 - Init User Auth plugin
2024-10-05 18:43:44,627 [INFO] PluginManage:359 - Loaded plugin userauth (category:base,tabindex:14)
2024-10-05 18:43:44,627 [INFO] PluginManage:283 - PluginManage : Loaded plugins [17]
2024-10-05 18:43:44,796 [INFO] PinOutPanel:1561 - setPackage(No Configuration,No Configuration)
2024-10-05 18:43:44,844 [INFO] CADModel:165 - CPN selected for project level
2024-10-05 18:43:44,844 [INFO] CADModel:114 - Register for checkConnection events
2024-10-05 18:43:44,865 [INFO] IPUIPlugin:80 - create IPUIPlugin
2024-10-05 18:43:44,865 [INFO] PluginManager:220 - loadIPPluginJar : add adc
2024-10-05 18:43:44,888 [INFO] IPUIPlugin:80 - create IPUIPlugin
2024-10-05 18:43:44,889 [INFO] PluginManager:220 - loadIPPluginJar : add aes
2024-10-05 18:43:44,916 [INFO] IPUIPlugin:80 - create IPUIPlugin
2024-10-05 18:43:44,916 [INFO] PluginManager:220 - loadIPPluginJar : add can
2024-10-05 18:43:44,932 [INFO] IPUIPlugin:80 - create IPUIPlugin
2024-10-05 18:43:44,933 [INFO] PluginManager:220 - loadIPPluginJar : add comp
2024-10-05 18:43:44,956 [INFO] IPUIPlugin:80 - create IPUIPlugin
2024-10-05 18:43:44,956 [INFO] PluginManager:220 - loadIPPluginJar : add cryp
2024-10-05 18:43:44,974 [INFO] IPUIPlugin:80 - create IPUIPlugin
2024-10-05 18:43:44,975 [INFO] PluginManager:220 - loadIPPluginJar : add dfsdm
2024-10-05 18:43:44,985 [INFO] IPUIPlugin:80 - create IPUIPlugin
2024-10-05 18:43:44,986 [INFO] PluginManager:220 - loadIPPluginJar : add dma
2024-10-05 18:43:45,014 [INFO] IPUIPlugin:80 - create IPUIPlugin
2024-10-05 18:43:45,014 [INFO] PluginManager:220 - loadIPPluginJar : add dma3
2024-10-05 18:43:45,042 [INFO] IPUIPlugin:80 - create IPUIPlugin
2024-10-05 18:43:45,042 [INFO] PluginManager:220 - loadIPPluginJar : add extmemmanager
2024-10-05 18:43:45,057 [INFO] IPUIPlugin:80 - create IPUIPlugin
2024-10-05 18:43:45,057 [INFO] PluginManager:220 - loadIPPluginJar : add fatfs
2024-10-05 18:43:45,088 [INFO] IPUIPlugin:80 - create IPUIPlugin
2024-10-05 18:43:45,088 [INFO] PluginManager:220 - loadIPPluginJar : add fmc
2024-10-05 18:43:45,100 [INFO] IPUIPlugin:80 - create IPUIPlugin
2024-10-05 18:43:45,100 [INFO] PluginManager:220 - loadIPPluginJar : add freertos
2024-10-05 18:43:45,116 [INFO] IPUIPlugin:80 - create IPUIPlugin
2024-10-05 18:43:45,116 [INFO] PluginManager:220 - loadIPPluginJar : add genericplugin
2024-10-05 18:43:45,172 [INFO] IPUIPlugin:80 - create IPUIPlugin
2024-10-05 18:43:45,172 [INFO] PluginManager:220 - loadIPPluginJar : add gfxmmu
2024-10-05 18:43:45,261 [INFO] IPUIPlugin:80 - create IPUIPlugin
2024-10-05 18:43:45,261 [INFO] PluginManager:220 - loadIPPluginJar : add gic
2024-10-05 18:43:45,271 [INFO] IPUIPlugin:80 - create IPUIPlugin
2024-10-05 18:43:45,271 [INFO] PluginManager:220 - loadIPPluginJar : add gpio
2024-10-05 18:43:45,347 [INFO] IPUIPlugin:80 - create IPUIPlugin
2024-10-05 18:43:45,347 [INFO] PluginManager:220 - loadIPPluginJar : add gtzc
2024-10-05 18:43:45,378 [INFO] IPUIPlugin:80 - create IPUIPlugin
2024-10-05 18:43:45,378 [INFO] PluginManager:220 - loadIPPluginJar : add hash
2024-10-05 18:43:45,419 [INFO] IPUIPlugin:80 - create IPUIPlugin
2024-10-05 18:43:45,420 [INFO] PluginManager:220 - loadIPPluginJar : add i2c
2024-10-05 18:43:45,447 [INFO] IPUIPlugin:80 - create IPUIPlugin
2024-10-05 18:43:45,447 [INFO] PluginManager:220 - loadIPPluginJar : add i2s
2024-10-05 18:43:45,476 [INFO] IPUIPlugin:80 - create IPUIPlugin
2024-10-05 18:43:45,476 [INFO] PluginManager:220 - loadIPPluginJar : add i3c
2024-10-05 18:43:45,547 [INFO] IPUIPlugin:80 - create IPUIPlugin
2024-10-05 18:43:45,547 [INFO] PluginManager:220 - loadIPPluginJar : add ipddr
2024-10-05 18:43:45,617 [INFO] IPUIPlugin:80 - create IPUIPlugin
2024-10-05 18:43:45,618 [INFO] PluginManager:220 - loadIPPluginJar : add linkedlist
2024-10-05 18:43:45,643 [INFO] IPUIPlugin:80 - create IPUIPlugin
2024-10-05 18:43:45,643 [INFO] PluginManager:220 - loadIPPluginJar : add lorawan
2024-10-05 18:43:45,669 [INFO] IPUIPlugin:80 - create IPUIPlugin
2024-10-05 18:43:45,669 [INFO] PluginManager:220 - loadIPPluginJar : add ltdc
2024-10-05 18:43:45,680 [INFO] IPUIPlugin:80 - create IPUIPlugin
2024-10-05 18:43:45,680 [INFO] PluginManager:220 - loadIPPluginJar : add mdma
2024-10-05 18:43:45,691 [INFO] IPUIPlugin:80 - create IPUIPlugin
2024-10-05 18:43:45,691 [INFO] PluginManager:220 - loadIPPluginJar : add nvic
2024-10-05 18:43:45,718 [INFO] IPUIPlugin:80 - create IPUIPlugin
2024-10-05 18:43:45,718 [INFO] PluginManager:220 - loadIPPluginJar : add opamp
2024-10-05 18:43:45,757 [INFO] IPUIPlugin:80 - create IPUIPlugin
2024-10-05 18:43:45,757 [INFO] PluginManager:220 - loadIPPluginJar : add openamp
2024-10-05 18:43:45,785 [INFO] IPUIPlugin:80 - create IPUIPlugin
2024-10-05 18:43:45,785 [INFO] PluginManager:220 - loadIPPluginJar : add pdm2pcm
2024-10-05 18:43:45,798 [INFO] IPUIPlugin:80 - create IPUIPlugin
2024-10-05 18:43:45,800 [INFO] PluginManager:220 - loadIPPluginJar : add plateformsettings
2024-10-05 18:43:45,815 [INFO] IPUIPlugin:80 - create IPUIPlugin
2024-10-05 18:43:45,816 [INFO] PluginManager:220 - loadIPPluginJar : add quadspi
2024-10-05 18:43:45,824 [INFO] IPUIPlugin:80 - create IPUIPlugin
2024-10-05 18:43:45,824 [INFO] PluginManager:220 - loadIPPluginJar : add resmgrutility
2024-10-05 18:43:45,854 [INFO] IPUIPlugin:80 - create IPUIPlugin
2024-10-05 18:43:45,855 [INFO] PluginManager:220 - loadIPPluginJar : add sai
2024-10-05 18:43:45,878 [INFO] IPUIPlugin:80 - create IPUIPlugin
2024-10-05 18:43:45,878 [INFO] PluginManager:220 - loadIPPluginJar : add spi
2024-10-05 18:43:45,922 [INFO] IPUIPlugin:80 - create IPUIPlugin
2024-10-05 18:43:45,922 [INFO] PluginManager:220 - loadIPPluginJar : add stm32_wpan
2024-10-05 18:43:45,939 [INFO] IPUIPlugin:80 - create IPUIPlugin
2024-10-05 18:43:45,939 [INFO] PluginManager:220 - loadIPPluginJar : add tim
2024-10-05 18:43:45,985 [INFO] IPUIPlugin:80 - create IPUIPlugin
2024-10-05 18:43:45,985 [INFO] PluginManager:220 - loadIPPluginJar : add touchsensing
2024-10-05 18:43:46,001 [INFO] IPUIPlugin:80 - create IPUIPlugin
2024-10-05 18:43:46,001 [INFO] PluginManager:220 - loadIPPluginJar : add tracer_emb
2024-10-05 18:43:46,016 [INFO] IPUIPlugin:80 - create IPUIPlugin
2024-10-05 18:43:46,016 [INFO] PluginManager:220 - loadIPPluginJar : add ts
2024-10-05 18:43:46,033 [INFO] IPUIPlugin:80 - create IPUIPlugin
2024-10-05 18:43:46,033 [INFO] PluginManager:220 - loadIPPluginJar : add tsc
2024-10-05 18:43:46,047 [INFO] IPUIPlugin:80 - create IPUIPlugin
2024-10-05 18:43:46,047 [INFO] PluginManager:220 - loadIPPluginJar : add ucpd
2024-10-05 18:43:46,076 [INFO] IPUIPlugin:80 - create IPUIPlugin
2024-10-05 18:43:46,077 [INFO] PluginManager:220 - loadIPPluginJar : add usart
2024-10-05 18:43:46,103 [INFO] IPUIPlugin:80 - create IPUIPlugin
2024-10-05 18:43:46,104 [INFO] PluginManager:220 - loadIPPluginJar : add usbx
2024-10-05 18:43:46,217 [INFO] CADModel:165 - CPN selected for project level
2024-10-05 18:43:46,217 [INFO] CADModel:114 - Register for checkConnection events
2024-10-05 18:43:46,218 [FATAL] Updater:308 - Updater called before beeing initialized
2024-10-05 18:43:46,218 [ERROR] CADModel:125 - Updater not yet initialized, retry later 
2024-10-05 18:43:46,322 [INFO] CADModel:165 - CPN selected for project level
2024-10-05 18:43:46,322 [INFO] CADModel:114 - Register for checkConnection events
2024-10-05 18:43:46,322 [FATAL] Updater:308 - Updater called before beeing initialized
2024-10-05 18:43:46,322 [ERROR] CADModel:125 - Updater not yet initialized, retry later 
2024-10-05 18:43:46,325 [FATAL] Updater:308 - Updater called before beeing initialized
2024-10-05 18:43:46,411 [FATAL] Updater:308 - Updater called before beeing initialized
2024-10-05 18:43:46,419 [INFO] DbMcusAds:53 - JSON generation date=Thu May 16 16:22:00 ICT 2024 (1715851320667)
2024-10-05 18:43:46,419 [FATAL] Updater:308 - Updater called before beeing initialized
2024-10-05 18:43:46,478 [WARN] DetailPanel:346 - Failed to get advertising image, set to default
2024-10-05 18:43:46,529 [FATAL] Updater:308 - Updater called before beeing initialized
2024-10-05 18:43:46,531 [FATAL] Updater:308 - Updater called before beeing initialized
2024-10-05 18:43:46,531 [FATAL] Updater:308 - Updater called before beeing initialized
2024-10-05 18:43:46,531 [WARN] DetailPanel:346 - Failed to get advertising image, set to default
2024-10-05 18:43:46,532 [FATAL] Updater:308 - Updater called before beeing initialized
2024-10-05 18:43:46,575 [ERROR] Updater:1120 - MainUpdater not yet initialized. External WinMGr cannot be set.
2024-10-05 18:43:46,584 [INFO] Updater:1056 - Updater Version found : 6.11.1
2024-10-05 18:43:46,601 [INFO] ApplicationProperties:184 - Using Application install path: C:\ST\STM32CubeIDE_1.15.1\STM32CubeIDE\plugins\com.st.stm32cube.common.mx_6.11.1.202404110753
2024-10-05 18:43:47,440 [INFO] ThirdPartyUpdaterWithRetryManager:70 - Updater plugin not ready yet. [2/15]
2024-10-05 18:43:48,184 [ERROR] LogOutputStream:75 - [STDERR_REDIRECT] Oct 05, 2024 6:43:48 PM java.util.prefs.WindowsPreferences <init>
2024-10-05 18:43:48,185 [ERROR] LogOutputStream:75 - [STDERR_REDIRECT] WARNING: Could not open/create prefs root node Software\JavaSoft\Prefs at root 0xffffffff80000002. Windows RegCreateKeyEx(...) returned error code 5.
2024-10-05 18:43:48,185 [ERROR] LogOutputStream:75 - [STDERR_REDIRECT] 
2024-10-05 18:43:48,443 [INFO] MainUpdater:2873 - connection check result : 10
2024-10-05 18:43:48,443 [INFO] MainUpdater:3567 - Updater definition file requires update
2024-10-05 18:43:48,443 [INFO] MainUpdater:290 - Updater Check For Update Now.
2024-10-05 18:43:48,443 [INFO] MicroXplorer:498 - Change Database Version : DB.6.0.111
2024-10-05 18:43:48,455 [INFO] McuFinderGlobals:63 - Set McuFinder mode to 2 (CubeIDE integrated)
2024-10-05 18:43:48,463 [INFO] UserAuth:415 - Internet connection configuration mode: 1
2024-10-05 18:43:48,471 [INFO] ServerAccessManage:473 - Download File updaters.zip
2024-10-05 18:43:48,481 [INFO] JxBrowserEngine:152 - Initiate JxBrowser Engine with user profile folder
2024-10-05 18:43:48,536 [INFO] FileExtend:240 - Unzip File : updaters.zip
2024-10-05 18:43:48,536 [INFO] FileExtend:255 - Standard Zip Deflate
2024-10-05 18:43:48,856 [INFO] ServerAccessManage:473 - Download File PacksControlFlags.xml
2024-10-05 18:43:48,928 [INFO] ServerAccessManage:473 - Download File cubemx.pidx
2024-10-05 18:43:49,225 [INFO] ServerAccessManage:473 - Download File STMicroelectronics.X-CUBE-AI.pdsc
2024-10-05 18:43:49,843 [INFO] ServerAccessManage:473 - Download File STMicroelectronics.X-CUBE-GNSS1.pdsc
2024-10-05 18:43:50,441 [WARN] MainUpdater:1194 - Updater busy. Cannot search thirdparties
2024-10-05 18:43:50,441 [INFO] ThirdPartyUpdaterWithRetryManager:96 - Updater plugin is busy. [1/15]
2024-10-05 18:43:51,015 [ERROR] ServerAccessManage:1089 - Problem, file not found on Server
2024-10-05 18:43:51,430 [INFO] WebApp:161 - Instantiating new browser for Auth
2024-10-05 18:43:51,791 [ERROR] ServerAccessManage:1089 - Problem, file not found on Server
2024-10-05 18:43:51,822 [INFO] WebApp:779 - Register for checkConnection events
2024-10-05 18:43:51,822 [INFO] WebApp:414 - Apply proxy settings
2024-10-05 18:43:51,822 [INFO] WebApp:499 - Chromium requires no authentication
2024-10-05 18:43:51,828 [INFO] WebApp:442 - Direct internet connection detected
2024-10-05 18:43:51,942 [INFO] WebApp:192 - Starting web application
2024-10-05 18:43:51,942 [INFO] WebApp:544 - Web application path used C:\ST\STM32CubeIDE_1.15.1\STM32CubeIDE\plugins\com.st.stm32cube.common.mx_6.11.1.202404110753\db\plugins\mcufinder\reactClient1\index.html
2024-10-05 18:43:52,034 [ERROR] ServerAccessManage:1089 - Problem, file not found on Server
2024-10-05 18:43:52,813 [ERROR] ServerAccessManage:1089 - Problem, file not found on Server
2024-10-05 18:43:53,441 [WARN] MainUpdater:1194 - Updater busy. Cannot search thirdparties
2024-10-05 18:43:53,441 [INFO] ThirdPartyUpdaterWithRetryManager:96 - Updater plugin is busy. [2/15]
2024-10-05 18:43:53,642 [ERROR] ServerAccessManage:1089 - Problem, file not found on Server
2024-10-05 18:43:54,418 [ERROR] ServerAccessManage:1089 - Problem, file not found on Server
2024-10-05 18:43:54,444 [INFO] ServerAccessManage:473 - Download File STMicroelectronics.X-CUBE-ISPU.pdsc
2024-10-05 18:43:55,387 [INFO] ServerAccessManage:473 - Download File STMicroelectronics.X-CUBE-IPS.pdsc
2024-10-05 18:43:55,582 [INFO] ServerAccessManage:473 - Download File STMicroelectronics.X-CUBE-NFC9.pdsc
2024-10-05 18:43:55,616 [INFO] ServerAccessManage:473 - Download File STMicroelectronics.X-CUBE-NFC10.pdsc
2024-10-05 18:43:55,771 [INFO] ServerAccessManage:473 - Download File STMicroelectronics.X-CUBE-TOUCHGFX.pdsc
2024-10-05 18:43:56,444 [WARN] MainUpdater:1194 - Updater busy. Cannot search thirdparties
2024-10-05 18:43:56,444 [INFO] ThirdPartyUpdaterWithRetryManager:96 - Updater plugin is busy. [3/15]
2024-10-05 18:43:56,481 [INFO] ServerAccessManage:473 - Download File STMicroelectronics.X-CUBE-WB05N.pdsc
2024-10-05 18:43:56,839 [WARN] PackLoader:240 - Cannot read IP mode file for STMicroelectronics.X-CUBE-AI.9.1.0
2024-10-05 18:43:56,848 [WARN] PackLoader:240 - Cannot read IP mode file for STMicroelectronics.X-CUBE-GNSS1.7.0.0
2024-10-05 18:43:56,852 [WARN] PackLoader:240 - Cannot read IP mode file for STMicroelectronics.X-CUBE-ISPU.2.1.0
2024-10-05 18:43:56,862 [WARN] PackLoader:240 - Cannot read IP mode file for STMicroelectronics.X-CUBE-IPS.3.0.0
2024-10-05 18:43:56,875 [WARN] PackLoader:240 - Cannot read IP mode file for STMicroelectronics.X-CUBE-NFC9.1.0.0
2024-10-05 18:43:56,880 [WARN] PackLoader:240 - Cannot read IP mode file for STMicroelectronics.X-CUBE-NFC10.1.0.0
2024-10-05 18:43:56,884 [WARN] PackLoader:240 - Cannot read IP mode file for STMicroelectronics.X-CUBE-TOUCHGFX.4.24.1
2024-10-05 18:43:56,887 [WARN] PackLoader:240 - Cannot read IP mode file for STMicroelectronics.X-CUBE-WB05N.1.1.0
2024-10-05 18:43:56,888 [INFO] PopulateThirdPartyThread:66 - Ending populate Thread
2024-10-05 18:43:56,890 [INFO] ThirdParty:1030 - CMSIS Pack Vendor :STMicroelectronics X-CUBE-IPS 3.0.0
2024-10-05 18:43:56,890 [INFO] ThirdParty:1030 - CMSIS Pack Vendor :STMicroelectronics X-CUBE-GNSS1 7.0.0
2024-10-05 18:43:56,890 [INFO] ThirdParty:1030 - CMSIS Pack Vendor :STMicroelectronics X-CUBE-NFC9 1.0.0
2024-10-05 18:43:56,890 [INFO] ThirdParty:1030 - CMSIS Pack Vendor :STMicroelectronics X-CUBE-AI 9.1.0
2024-10-05 18:43:56,890 [INFO] ThirdParty:1030 - CMSIS Pack Vendor :STMicroelectronics X-CUBE-NFC10 1.0.0
2024-10-05 18:43:56,890 [INFO] ThirdParty:1030 - CMSIS Pack Vendor :STMicroelectronics X-CUBE-TOUCHGFX 4.24.1
2024-10-05 18:43:56,890 [INFO] ThirdParty:1030 - CMSIS Pack Vendor :STMicroelectronics X-CUBE-WB05N 1.1.0
2024-10-05 18:43:56,890 [INFO] ThirdParty:1030 - CMSIS Pack Vendor :STMicroelectronics X-CUBE-ISPU 2.1.0
2024-10-05 18:43:56,890 [INFO] LoadServerUpdatesThread:375 - End of LoadServerUpdate Thread
2024-10-05 18:43:56,920 [INFO] CheckServerUpdateThread:120 - End of CheckServer Thread
2024-10-05 18:43:59,554 [WARN] PackLoader:240 - Cannot read IP mode file for STMicroelectronics.FP-SNS-MOTENVWB1.1.4.0
2024-10-05 18:43:59,567 [WARN] PackLoader:240 - Cannot read IP mode file for STMicroelectronics.X-CUBE-SMBUS.2.1.0
2024-10-05 18:43:59,570 [WARN] PackLoader:240 - Cannot read IP mode file for STMicroelectronics.X-CUBE-WB05N.1.1.0
2024-10-05 18:43:59,579 [WARN] PackLoader:240 - Cannot read IP mode file for STMicroelectronics.X-CUBE-TOUCHGFX.4.23.2
2024-10-05 18:43:59,599 [WARN] PackLoader:240 - Cannot read IP mode file for STMicroelectronics.X-CUBE-AZRTOS-F7.1.1.0
2024-10-05 18:43:59,638 [WARN] PackLoader:240 - Cannot read IP mode file for STMicroelectronics.X-CUBE-MEMS1.11.0.0
2024-10-05 18:43:59,723 [WARN] PackLoader:240 - Cannot read IP mode file for STMicroelectronics.FP-SNS-FLIGHT1.5.0.2
2024-10-05 18:43:59,736 [WARN] PackLoader:240 - Cannot read IP mode file for STMicroelectronics.X-CUBE-DISPLAY.3.0.0
2024-10-05 18:43:59,750 [WARN] PackLoader:240 - Cannot read IP mode file for STMicroelectronics.X-CUBE-BLE1.7.0.0
2024-10-05 18:43:59,752 [WARN] PackLoader:240 - Cannot read IP mode file for STMicroelectronics.X-CUBE-NFC10.1.0.0
2024-10-05 18:43:59,763 [WARN] PackLoader:240 - Cannot read IP mode file for emotas.I-CUBE-CANOPEN.1.3.0
2024-10-05 18:43:59,775 [WARN] PackLoader:240 - Cannot read IP mode file for STMicroelectronics.X-CUBE-BLEMGR.3.1.0
2024-10-05 18:43:59,785 [WARN] PackLoader:240 - Cannot read IP mode file for STMicroelectronics.FP-SNS-SMARTAG2.1.2.0
2024-10-05 18:43:59,800 [INFO] LogOutputStream:77 - [STDOUT_REDIRECT] 1 : Invalid condition id : UX_CORESTACK_Condition cause : null
2024-10-05 18:43:59,801 [INFO] LogOutputStream:77 - [STDOUT_REDIRECT] 1 : Invalid condition id : UX_CORESTACK_Condition cause : null
2024-10-05 18:43:59,802 [INFO] LogOutputStream:77 - [STDOUT_REDIRECT] 1 : Invalid condition id : UX_CORESTACK_Condition cause : null
2024-10-05 18:43:59,803 [INFO] LogOutputStream:77 - [STDOUT_REDIRECT] 1 : Invalid condition id : UX_CORESTACK_Condition cause : null
2024-10-05 18:43:59,804 [INFO] LogOutputStream:77 - [STDOUT_REDIRECT] 1 : Invalid condition id : UX_CORESTACK_Condition cause : null
2024-10-05 18:43:59,806 [WARN] PackLoader:240 - Cannot read IP mode file for STMicroelectronics.X-CUBE-AZRTOS-WL.2.0.0
2024-10-05 18:43:59,817 [WARN] PackLoader:240 - Cannot read IP mode file for STMicroelectronics.FP-SNS-MOTENV1.5.0.0
2024-10-05 18:43:59,822 [WARN] PackLoader:240 - Cannot read IP mode file for wolfSSL.I-CUBE-wolfMQTT.1.19.0
2024-10-05 18:43:59,834 [WARN] PackLoader:240 - Cannot read IP mode file for WES.I-CUBE-Cesium.1.3.0
2024-10-05 18:43:59,844 [WARN] PackLoader:240 - Cannot read IP mode file for STMicroelectronics.X-CUBE-BLE2.3.3.0
2024-10-05 18:43:59,847 [WARN] PackLoader:240 - Cannot read IP mode file for STMicroelectronics.X-CUBE-NFC9.1.0.0
2024-10-05 18:43:59,858 [WARN] PackLoader:240 - Cannot read IP mode file for STMicroelectronics.X-CUBE-TCPP.4.1.0
2024-10-05 18:43:59,876 [WARN] PackLoader:240 - Cannot read IP mode file for STMicroelectronics.X-CUBE-AZRTOS-G0.1.1.0
2024-10-05 18:43:59,887 [WARN] PackLoader:240 - Cannot read IP mode file for STMicroelectronics.X-CUBE-SAFEA1.1.2.2
2024-10-05 18:43:59,898 [WARN] PackLoader:240 - Cannot read IP mode file for STMicroelectronics.X-CUBE-NFC4.3.0.0
2024-10-05 18:43:59,912 [WARN] PackLoader:240 - Cannot read IP mode file for EmbeddedOffice.I-CUBE-FS-RTOS.1.0.1
2024-10-05 18:43:59,913 [ERROR] ConditionMgr:805 - Attr not supported : Dmpu
2024-10-05 18:43:59,913 [ERROR] ConditionMgr:805 - Attr not supported : Dmpu
2024-10-05 18:43:59,913 [ERROR] ConditionMgr:805 - Attr not supported : Dmpu
2024-10-05 18:43:59,913 [ERROR] ConditionMgr:805 - Attr not supported : Dmpu
2024-10-05 18:43:59,913 [ERROR] ConditionMgr:805 - Attr not supported : Dmpu
2024-10-05 18:43:59,913 [ERROR] ConditionMgr:805 - Attr not supported : Dmpu
2024-10-05 18:43:59,913 [ERROR] ConditionMgr:805 - Attr not supported : Dmpu
2024-10-05 18:43:59,913 [ERROR] ConditionMgr:805 - Attr not supported : Dmpu
2024-10-05 18:43:59,913 [ERROR] ConditionMgr:805 - Attr not supported : Dmpu
2024-10-05 18:43:59,913 [ERROR] ConditionMgr:805 - Attr not supported : Dmpu
2024-10-05 18:43:59,913 [ERROR] ConditionMgr:805 - Attr not supported : Dmpu
2024-10-05 18:43:59,913 [ERROR] ConditionMgr:805 - Attr not supported : Dmpu
2024-10-05 18:43:59,913 [ERROR] ConditionMgr:805 - Attr not supported : Dmpu
2024-10-05 18:43:59,913 [ERROR] ConditionMgr:805 - Attr not supported : Dmpu
2024-10-05 18:43:59,913 [ERROR] ConditionMgr:805 - Attr not supported : Dmpu
2024-10-05 18:43:59,913 [ERROR] ConditionMgr:805 - Attr not supported : Dmpu
2024-10-05 18:43:59,913 [ERROR] ConditionMgr:805 - Attr not supported : Dmpu
2024-10-05 18:43:59,913 [ERROR] ConditionMgr:805 - Attr not supported : Dmpu
2024-10-05 18:43:59,913 [ERROR] ConditionMgr:805 - Attr not supported : Dmpu
2024-10-05 18:43:59,913 [ERROR] ConditionMgr:805 - Attr not supported : Dmpu
2024-10-05 18:43:59,913 [ERROR] ConditionMgr:805 - Attr not supported : Dmpu
2024-10-05 18:43:59,913 [ERROR] ConditionMgr:805 - Attr not supported : Dmpu
2024-10-05 18:43:59,913 [ERROR] ConditionMgr:805 - Attr not supported : Dmpu
2024-10-05 18:43:59,913 [ERROR] ConditionMgr:805 - Attr not supported : Dmpu
2024-10-05 18:43:59,913 [ERROR] ConditionMgr:805 - Attr not supported : Dmpu
2024-10-05 18:43:59,913 [ERROR] ConditionMgr:805 - Attr not supported : Dmpu
2024-10-05 18:43:59,913 [ERROR] ConditionMgr:805 - Attr not supported : Dmpu
2024-10-05 18:43:59,913 [ERROR] ConditionMgr:805 - Attr not supported : Dmpu
2024-10-05 18:43:59,913 [ERROR] ConditionMgr:805 - Attr not supported : Dmpu
2024-10-05 18:43:59,913 [ERROR] ConditionMgr:805 - Attr not supported : Dmpu
2024-10-05 18:43:59,913 [ERROR] ConditionMgr:805 - Attr not supported : Dmpu
2024-10-05 18:43:59,913 [ERROR] ConditionMgr:805 - Attr not supported : Dmpu
2024-10-05 18:43:59,913 [ERROR] ConditionMgr:805 - Attr not supported : Dmpu
2024-10-05 18:43:59,913 [ERROR] ConditionMgr:805 - Attr not supported : Dmpu
2024-10-05 18:43:59,913 [ERROR] ConditionMgr:805 - Attr not supported : Dmpu
2024-10-05 18:43:59,913 [ERROR] ConditionMgr:805 - Attr not supported : Dmpu
2024-10-05 18:43:59,913 [ERROR] ConditionMgr:805 - Attr not supported : Dmpu
2024-10-05 18:43:59,913 [ERROR] ConditionMgr:805 - Attr not supported : Dmpu
2024-10-05 18:43:59,914 [ERROR] ConditionMgr:805 - Attr not supported : Dmpu
2024-10-05 18:43:59,914 [ERROR] ConditionMgr:805 - Attr not supported : Dmpu
2024-10-05 18:43:59,914 [ERROR] ConditionMgr:805 - Attr not supported : Dmpu
2024-10-05 18:43:59,914 [ERROR] ConditionMgr:805 - Attr not supported : Dmpu
2024-10-05 18:43:59,914 [ERROR] ConditionMgr:805 - Attr not supported : Dmpu
2024-10-05 18:43:59,914 [ERROR] ConditionMgr:805 - Attr not supported : Dmpu
2024-10-05 18:43:59,914 [ERROR] ConditionMgr:805 - Attr not supported : Dmpu
2024-10-05 18:43:59,914 [ERROR] ConditionMgr:805 - Attr not supported : Dmpu
2024-10-05 18:43:59,914 [ERROR] ConditionMgr:805 - Attr not supported : Dmpu
2024-10-05 18:43:59,914 [ERROR] ConditionMgr:805 - Attr not supported : Dmpu
2024-10-05 18:43:59,914 [ERROR] ConditionMgr:805 - Attr not supported : Dmpu
2024-10-05 18:43:59,914 [ERROR] ConditionMgr:805 - Attr not supported : Dmpu
2024-10-05 18:43:59,914 [ERROR] ConditionMgr:805 - Attr not supported : Dmpu
2024-10-05 18:43:59,914 [ERROR] ConditionMgr:805 - Attr not supported : Dmpu
2024-10-05 18:43:59,914 [ERROR] ConditionMgr:805 - Attr not supported : Dmpu
2024-10-05 18:43:59,914 [ERROR] ConditionMgr:805 - Attr not supported : Dmpu
2024-10-05 18:43:59,914 [ERROR] ConditionMgr:805 - Attr not supported : Dmpu
2024-10-05 18:43:59,914 [ERROR] ConditionMgr:805 - Attr not supported : Dmpu
2024-10-05 18:43:59,914 [ERROR] ConditionMgr:805 - Attr not supported : Dmpu
2024-10-05 18:43:59,914 [ERROR] ConditionMgr:805 - Attr not supported : Dmpu
2024-10-05 18:43:59,914 [ERROR] ConditionMgr:805 - Attr not supported : Dmpu
2024-10-05 18:43:59,914 [ERROR] ConditionMgr:805 - Attr not supported : Dmpu
2024-10-05 18:43:59,914 [ERROR] ConditionMgr:805 - Attr not supported : Dmpu
2024-10-05 18:43:59,914 [ERROR] ConditionMgr:805 - Attr not supported : Dmpu
2024-10-05 18:43:59,914 [ERROR] ConditionMgr:805 - Attr not supported : Dmpu
2024-10-05 18:43:59,914 [ERROR] ConditionMgr:805 - Attr not supported : Dmpu
2024-10-05 18:43:59,930 [WARN] PackLoader:240 - Cannot read IP mode file for RealThread.X-CUBE-RT-Thread_Nano.4.1.1
2024-10-05 18:43:59,945 [WARN] PackLoader:240 - Cannot read IP mode file for wolfSSL.I-CUBE-wolfSSL.5.7.0
2024-10-05 18:43:59,949 [WARN] PackLoader:240 - Cannot read IP mode file for STMicroelectronics.FP-ATR-SIGFOX1.3.2.0
2024-10-05 18:43:59,960 [WARN] PackLoader:240 - Cannot read IP mode file for STMicroelectronics.X-CUBE-EEPRMA1.5.1.0
2024-10-05 18:43:59,971 [WARN] PackLoader:240 - Cannot read IP mode file for ITTIA_DB.I-CUBE-ITTIADB.8.9.0
2024-10-05 18:43:59,995 [WARN] PackLoader:240 - Cannot read IP mode file for SEGGER.I-CUBE-embOS.1.3.1
2024-10-05 18:44:00,027 [WARN] PackLoader:240 - Cannot read IP mode file for STMicroelectronics.X-CUBE-ALGOBUILD.1.4.0
2024-10-05 18:44:00,031 [WARN] PackLoader:240 - Cannot read IP mode file for STMicroelectronics.X-CUBE-AI.9.1.0
2024-10-05 18:44:00,042 [WARN] PackLoader:240 - Cannot read IP mode file for STMicroelectronics.X-CUBE-GNSS1.6.0.0
2024-10-05 18:44:00,064 [WARN] PackLoader:240 - Cannot read IP mode file for STMicroelectronics.X-CUBE-AZRTOS-F4.1.1.0
2024-10-05 18:44:00,068 [WARN] PackLoader:240 - Cannot read IP mode file for STMicroelectronics.X-CUBE-ISPU.2.1.0
2024-10-05 18:44:00,078 [WARN] PackLoader:240 - Cannot read IP mode file for STMicroelectronics.X-CUBE-FREERTOS.1.2.0
2024-10-05 18:44:00,102 [WARN] PackLoader:240 - Cannot read IP mode file for STMicroelectronics.X-CUBE-AZRTOS-L5.2.0.0
2024-10-05 18:44:00,116 [WARN] PackLoader:240 - Cannot read IP mode file for STMicroelectronics.X-CUBE-NFC6.3.1.0
2024-10-05 18:44:00,132 [WARN] PackLoader:240 - Cannot read IP mode file for STMicroelectronics.X-CUBE-DPower.1.2.0
2024-10-05 18:44:00,143 [WARN] PackLoader:240 - Cannot read IP mode file for STMicroelectronics.X-CUBE-AI.9.0.0
2024-10-05 18:44:00,153 [WARN] PackLoader:240 - Cannot read IP mode file for STMicroelectronics.X-CUBE-NFC7.1.0.1
2024-10-05 18:44:00,158 [WARN] PackLoader:240 - Cannot read IP mode file for wolfSSL.I-CUBE-wolfTPM.3.2.0
2024-10-05 18:44:00,178 [WARN] ConditionMgr:438 - getConditionDescription Invalid condition id : LAN8742 Phy interface Condition cause : null
2024-10-05 18:44:00,179 [WARN] PackLoader:240 - Cannot read IP mode file for STMicroelectronics.X-CUBE-AZRTOS-L4.2.0.0
2024-10-05 18:44:00,180 [WARN] ConditionMgr:1039 - genDependencies : Invalid condition id : LAN8742 Phy interface Condition cause : null
2024-10-05 18:44:00,180 [WARN] ConditionMgr:1039 - genDependencies : Invalid condition id : LAN8742 Phy interface Condition cause : null
2024-10-05 18:44:00,180 [WARN] ConditionMgr:1039 - genDependencies : Invalid condition id : LAN8742 Phy interface Condition cause : null
2024-10-05 18:44:00,190 [WARN] PackLoader:240 - Cannot read IP mode file for STMicroelectronics.X-CUBE-SFXS2LP1.4.0.0
2024-10-05 18:44:00,211 [WARN] PackLoader:240 - Cannot read IP mode file for STMicroelectronics.X-CUBE-AZRTOS-H7.3.3.0
2024-10-05 18:44:00,218 [WARN] PackLoader:240 - Cannot read IP mode file for STMicroelectronics.X-CUBE-IPS.3.0.0
2024-10-05 18:44:00,236 [WARN] ConditionMgr:438 - getConditionDescription Invalid condition id : UX DEVICE CLASS RTOS Condition cause : null
2024-10-05 18:44:00,236 [WARN] ConditionMgr:438 - getConditionDescription Invalid condition id : UX DEVICE CLASS RTOS Condition cause : null
2024-10-05 18:44:00,237 [WARN] PackLoader:240 - Cannot read IP mode file for STMicroelectronics.X-CUBE-AZRTOS-WB.2.0.0
2024-10-05 18:44:00,237 [WARN] ConditionMgr:1039 - genDependencies : Invalid condition id : UX DEVICE CLASS RTOS Condition cause : null
2024-10-05 18:44:00,237 [WARN] ConditionMgr:1039 - genDependencies : Invalid condition id : UX DEVICE CLASS RTOS Condition cause : null
2024-10-05 18:44:00,237 [WARN] ConditionMgr:1039 - genDependencies : Invalid condition id : UX DEVICE CLASS RTOS Condition cause : null
2024-10-05 18:44:00,237 [WARN] ConditionMgr:1039 - genDependencies : Invalid condition id : UX DEVICE CLASS RTOS Condition cause : null
2024-10-05 18:44:00,237 [WARN] ConditionMgr:1039 - genDependencies : Invalid condition id : UX DEVICE CLASS RTOS Condition cause : null
2024-10-05 18:44:00,240 [WARN] PackLoader:240 - Cannot read IP mode file for STMicroelectronics.X-CUBE-GNSS1.7.0.0
2024-10-05 18:44:00,250 [WARN] PackLoader:240 - Cannot read IP mode file for STMicroelectronics.FP-SNS-STBOX1.2.0.0
2024-10-05 18:44:00,263 [WARN] PackLoader:240 - Cannot read IP mode file for STMicroelectronics.X-CUBE-SUBG2.5.0.0
2024-10-05 18:44:00,268 [WARN] PackLoader:240 - Cannot read IP mode file for Cesanta.I-CUBE-Mongoose.7.13.0
2024-10-05 18:44:00,285 [WARN] PackLoader:240 - Cannot read IP mode file for STMicroelectronics.X-CUBE-AZRTOS-G4.2.0.0
2024-10-05 18:44:00,297 [WARN] PackLoader:240 - Cannot read IP mode file for STMicroelectronics.X-CUBE-ISPU.2.0.0
2024-10-05 18:44:00,311 [WARN] PackLoader:240 - Cannot read IP mode file for STMicroelectronics.X-CUBE-ALS.1.0.2
2024-10-05 18:44:00,345 [WARN] PackLoader:240 - Cannot read IP mode file for STMicroelectronics.X-CUBE-MEMS1.10.0.0
2024-10-05 18:44:00,407 [WARN] PackLoader:240 - Cannot read IP mode file for STMicroelectronics.X-CUBE-TOUCHGFX.4.24.0
2024-10-05 18:44:00,410 [WARN] PackLoader:240 - Cannot read IP mode file for STMicroelectronics.X-CUBE-TOUCHGFX.4.24.1
2024-10-05 18:44:00,422 [WARN] PackLoader:240 - Cannot read IP mode file for portGmbH.I-Cube-SoM-uGOAL.1.1.0
2024-10-05 18:44:00,440 [WARN] PackLoader:240 - Cannot read IP mode file for STMicroelectronics.X-CUBE-ALS.1.0.1
2024-10-05 18:44:00,458 [WARN] PackLoader:240 - Cannot read IP mode file for STMicroelectronics.X-CUBE-AZRTOS-H7RS.1.0.0
2024-10-05 18:44:00,463 [WARN] PackLoader:240 - Cannot read IP mode file for STMicroelectronics.FP-ATR-ASTRA1.2.0.0
2024-10-05 18:44:00,476 [WARN] PackLoader:240 - Cannot read IP mode file for STMicroelectronics.X-CUBE-TOF1.3.4.2
2024-10-05 18:44:00,493 [WARN] PackLoader:240 - Cannot read IP mode file for STMicroelectronics.X-CUBE-TOF1.3.4.1
2024-10-05 18:44:00,520 [WARN] PackLoader:240 - Cannot read IP mode file for STMicroelectronics.X-CUBE-AZRTOS-H7.3.2.0
2024-10-05 18:44:00,537 [WARN] PackLoader:240 - Cannot read IP mode file for Infineon.AIROC-Wi-Fi-Bluetooth-STM32.1.6.0
2024-10-05 18:44:00,542 [WARN] PackLoader:240 - Cannot read IP mode file for wolfSSL.I-CUBE-wolfSSH.1.4.17
2024-10-05 18:44:00,542 [INFO] ThirdParty:978 - Integrity check success = true
2024-10-05 18:44:00,542 [INFO] IntegrityCheckThread:100 - exiting critical section [integrity check]
2024-10-05 18:44:00,542 [INFO] IntegrityCheckThread:103 - End integrity checks thread
